#
# There is insufficient memory for the Java Runtime Environment to continue.
# Native memory allocation (malloc) failed to allocate 258416 bytes. Error detail: Chunk::new
# Possible reasons:
#   The system is out of physical RAM or swap space
#   This process is running with CompressedOops enabled, and the Java Heap may be blocking the growth of the native heap
# Possible solutions:
#   Reduce memory load on the system
#   Increase physical memory or swap space
#   Check if swap backing store is full
#   Decrease Java heap size (-Xmx/-Xms)
#   Decrease number of Java threads
#   Decrease Java thread stack sizes (-Xss)
#   Set larger code cache with -XX:ReservedCodeCacheSize=
#   JVM is running with Unscaled Compressed Oops mode in which the Java heap is
#     placed in the first 4GB address space. The Java Heap base address is the
#     maximum limit for the native heap growth. Please use -XX:HeapBaseMinAddress
#     to set the Java Heap base and to place the Java Heap above 4GB virtual address.
# This output file may be truncated or incomplete.
#
#  Out of Memory Error (arena.cpp:150), pid=25712, tid=21688
#
# JRE version: Java(TM) SE Runtime Environment (22.0.2+9) (build 22.0.2+9-70)
# Java VM: Java HotSpot(TM) 64-Bit Server VM (22.0.2+9-70, mixed mode, sharing, tiered, compressed oops, compressed class ptrs, g1 gc, windows-amd64)
# No core dump will be written. Minidumps are not enabled by default on client versions of Windows
#

---------------  S U M M A R Y ------------

Command Line: -Xmx64m -Xms64m -Dorg.gradle.appname=gradlew org.gradle.wrapper.GradleWrapperMain app:installDebug -PreactNativeDevServerPort=8081

Host: 11th Gen Intel(R) Core(TM) i5-1155G7 @ 2.50GHz, 8 cores, 7G,  Windows 11 , 64 bit Build 22621 (10.0.22621.3958)
Time: Sat Nov  2 21:38:00 2024  Windows 11 , 64 bit Build 22621 (10.0.22621.3958) elapsed time: 34.898590 seconds (0d 0h 0m 34s)

---------------  T H R E A D  ---------------

Current thread (0x0000013b4113b240):  JavaThread "C2 CompilerThread0" daemon [_thread_in_native, id=21688, stack(0x0000002acab00000,0x0000002acac00000) (1024K)]


Current CompileTask:
C2:34898 1341       4       jdk.internal.org.objectweb.asm.SymbolTable::addConstantUtf8 (98 bytes)

Stack: [0x0000002acab00000,0x0000002acac00000]
Native frames: (J=compiled Java code, j=interpreted, Vv=VM code, C=native code)
V  [jvm.dll+0x6e26e9]  (no source info available)
V  [jvm.dll+0x875753]  (no source info available)
V  [jvm.dll+0x877b7e]  (no source info available)
V  [jvm.dll+0x878253]  (no source info available)
V  [jvm.dll+0x27fc86]  (no source info available)
V  [jvm.dll+0xc3d0f]  (no source info available)
V  [jvm.dll+0xc3f6b]  (no source info available)
V  [jvm.dll+0x2f3c7f]  (no source info available)
V  [jvm.dll+0x60c0fa]  (no source info available)
V  [jvm.dll+0x250c92]  (no source info available)
V  [jvm.dll+0x24937c]  (no source info available)
V  [jvm.dll+0x246da6]  (no source info available)
V  [jvm.dll+0x1c4e80]  (no source info available)
V  [jvm.dll+0x2568f3]  (no source info available)
V  [jvm.dll+0x254baa]  (no source info available)
V  [jvm.dll+0x3f57a6]  (no source info available)
V  [jvm.dll+0x81dc0b]  (no source info available)
V  [jvm.dll+0x6e0d85]  (no source info available)
C  [ucrtbase.dll+0x29333]  (no source info available)
C  [KERNEL32.DLL+0x1257d]  (no source info available)
C  [ntdll.dll+0x5af08]  (no source info available)


---------------  P R O C E S S  ---------------

Threads class SMR info:
_java_thread_list=0x0000013b41bdbf00, length=12, elements={
0x0000013b55e34a80, 0x0000013b4112f380, 0x0000013b41130340, 0x0000013b411361c0,
0x0000013b41136d10, 0x0000013b41137860, 0x0000013b411383b0, 0x0000013b4113b240,
0x0000013b41141d50, 0x0000013b411e1b20, 0x0000013b411e5150, 0x0000013b4603bd60
}

Java Threads: ( => current thread )
  0x0000013b55e34a80 JavaThread "main"                              [_thread_in_vm, id=42044, stack(0x0000002ac9d00000,0x0000002ac9e00000) (1024K)]
  0x0000013b4112f380 JavaThread "Reference Handler"          daemon [_thread_blocked, id=30208, stack(0x0000002aca500000,0x0000002aca600000) (1024K)]
  0x0000013b41130340 JavaThread "Finalizer"                  daemon [_thread_blocked, id=43560, stack(0x0000002aca600000,0x0000002aca700000) (1024K)]
  0x0000013b411361c0 JavaThread "Signal Dispatcher"          daemon [_thread_blocked, id=20348, stack(0x0000002aca700000,0x0000002aca800000) (1024K)]
  0x0000013b41136d10 JavaThread "Attach Listener"            daemon [_thread_blocked, id=30352, stack(0x0000002aca800000,0x0000002aca900000) (1024K)]
  0x0000013b41137860 JavaThread "Service Thread"             daemon [_thread_blocked, id=8968, stack(0x0000002aca900000,0x0000002acaa00000) (1024K)]
  0x0000013b411383b0 JavaThread "Monitor Deflation Thread"   daemon [_thread_blocked, id=39280, stack(0x0000002acaa00000,0x0000002acab00000) (1024K)]
=>0x0000013b4113b240 JavaThread "C2 CompilerThread0"         daemon [_thread_in_native, id=21688, stack(0x0000002acab00000,0x0000002acac00000) (1024K)]
  0x0000013b41141d50 JavaThread "C1 CompilerThread0"         daemon [_thread_blocked, id=41728, stack(0x0000002acac00000,0x0000002acad00000) (1024K)]
  0x0000013b411e1b20 JavaThread "Notification Thread"        daemon [_thread_blocked, id=6288, stack(0x0000002acad00000,0x0000002acae00000) (1024K)]
  0x0000013b411e5150 JavaThread "Common-Cleaner"             daemon [_thread_blocked, id=33200, stack(0x0000002acae00000,0x0000002acaf00000) (1024K)]
  0x0000013b4603bd60 JavaThread "pool-1-thread-1"                   [_thread_blocked, id=35764, stack(0x0000002acb200000,0x0000002acb300000) (1024K)]
Total: 12

Other Threads:
  0x0000013b58041d10 VMThread "VM Thread"                           [id=2912, stack(0x0000002aca400000,0x0000002aca500000) (1024K)]
  0x0000013b58025a80 WatcherThread "VM Periodic Task Thread"        [id=30252, stack(0x0000002aca300000,0x0000002aca400000) (1024K)]
  0x0000013b57fad240 WorkerThread "GC Thread#0"                     [id=31588, stack(0x0000002ac9e00000,0x0000002ac9f00000) (1024K)]
  0x0000013b418a8a70 WorkerThread "GC Thread#1"                     [id=44484, stack(0x0000002acaf00000,0x0000002acb000000) (1024K)]
  0x0000013b414f1b50 WorkerThread "GC Thread#2"                     [id=44600, stack(0x0000002acb000000,0x0000002acb100000) (1024K)]
  0x0000013b412ce0b0 WorkerThread "GC Thread#3"                     [id=44604, stack(0x0000002acb100000,0x0000002acb200000) (1024K)]
  0x0000013b57faea40 ConcurrentGCThread "G1 Main Marker"            [id=33752, stack(0x0000002ac9f00000,0x0000002aca000000) (1024K)]
  0x0000013b57faf550 WorkerThread "G1 Conc#0"                       [id=29844, stack(0x0000002aca000000,0x0000002aca100000) (1024K)]
  0x0000013b580194d0 ConcurrentGCThread "G1 Refine#0"               [id=39592, stack(0x0000002aca100000,0x0000002aca200000) (1024K)]
  0x0000013b5801a050 ConcurrentGCThread "G1 Service"                [id=16768, stack(0x0000002aca200000,0x0000002aca300000) (1024K)]
Total: 10

Threads with active compile tasks:
C2 CompilerThread0  35184 1341       4       jdk.internal.org.objectweb.asm.SymbolTable::addConstantUtf8 (98 bytes)
Total: 1

VM state: not at safepoint (normal execution)

VM Mutex/Monitor currently owned by a thread:  ([mutex/lock_event])
[0x00007ffa3a37ab00] Metaspace_lock - owner thread: 0x0000013b55e34a80

Heap address: 0x00000000fc000000, size: 64 MB, Compressed Oops mode: 32-bit

CDS archive(s) mapped at: [0x0000013b00000000-0x0000013b00c60000-0x0000013b00c60000), size 12976128, SharedBaseAddress: 0x0000013b00000000, ArchiveRelocationMode: 1.
Compressed class space mapped at: 0x0000013b01000000-0x0000013b41000000, reserved size: 1073741824
Narrow klass base: 0x0000013b00000000, Narrow klass shift: 0, Narrow klass range: 0x41000000

GC Precious Log:
 CardTable entry size: 512
 Card Set container configuration: InlinePtr #cards 5 size 8 Array Of Cards #cards 12 size 40 Howl #buckets 4 coarsen threshold 1843 Howl Bitmap #cards 512 size 80 coarsen threshold 460 Card regions per heap region 1 cards per card region 2048
 CPUs: 8 total, 8 available
 Memory: 7900M
 Large Page Support: Disabled
 NUMA Support: Disabled
 Compressed Oops: Enabled (32-bit)
 Heap Region Size: 1M
 Heap Min Capacity: 64M
 Heap Initial Capacity: 64M
 Heap Max Capacity: 64M
 Pre-touch: Disabled
 Parallel Workers: 8
 Concurrent Workers: 2
 Concurrent Refinement Workers: 8
 Periodic GC: Disabled

Heap:
 garbage-first heap   total reserved 65536K, committed 65536K, used 30208K [0x00000000fc000000, 0x0000000100000000)
  region size 1024K, 24 young (24576K), 3 survivors (3072K)
 Metaspace       used 6983K, committed 7232K, reserved 1114112K
  class space    used 969K, committed 1088K, reserved 1048576K

Heap Regions: E=young(eden), S=young(survivor), O=old, HS=humongous(starts), HC=humongous(continues), CS=collection set, F=free, TAMS=top-at-mark-start, PB=parsable bottom
|   0|0x00000000fc000000, 0x00000000fc100000, 0x00000000fc100000|100%| O|  |TAMS 0x00000000fc000000| PB 0x00000000fc000000| Untracked |  0
|   1|0x00000000fc100000, 0x00000000fc200000, 0x00000000fc200000|100%| O|  |TAMS 0x00000000fc100000| PB 0x00000000fc100000| Untracked |  0
|   2|0x00000000fc200000, 0x00000000fc280000, 0x00000000fc300000| 50%| O|  |TAMS 0x00000000fc200000| PB 0x00000000fc200000| Untracked |  0
|   3|0x00000000fc300000, 0x00000000fc400000, 0x00000000fc400000|100%|HS|  |TAMS 0x00000000fc300000| PB 0x00000000fc300000| Complete |  0
|   4|0x00000000fc400000, 0x00000000fc500000, 0x00000000fc500000|100%|HC|  |TAMS 0x00000000fc400000| PB 0x00000000fc400000| Complete |  0
|   5|0x00000000fc500000, 0x00000000fc600000, 0x00000000fc600000|100%|HC|  |TAMS 0x00000000fc500000| PB 0x00000000fc500000| Complete |  0
|   6|0x00000000fc600000, 0x00000000fc700000, 0x00000000fc700000|100%|HC|  |TAMS 0x00000000fc600000| PB 0x00000000fc600000| Complete |  0
|   7|0x00000000fc700000, 0x00000000fc700000, 0x00000000fc800000|  0%| F|  |TAMS 0x00000000fc700000| PB 0x00000000fc700000| Untracked |  0
|   8|0x00000000fc800000, 0x00000000fc800000, 0x00000000fc900000|  0%| F|  |TAMS 0x00000000fc800000| PB 0x00000000fc800000| Untracked |  0
|   9|0x00000000fc900000, 0x00000000fc900000, 0x00000000fca00000|  0%| F|  |TAMS 0x00000000fc900000| PB 0x00000000fc900000| Untracked |  0
|  10|0x00000000fca00000, 0x00000000fca00000, 0x00000000fcb00000|  0%| F|  |TAMS 0x00000000fca00000| PB 0x00000000fca00000| Untracked |  0
|  11|0x00000000fcb00000, 0x00000000fcb00000, 0x00000000fcc00000|  0%| F|  |TAMS 0x00000000fcb00000| PB 0x00000000fcb00000| Untracked |  0
|  12|0x00000000fcc00000, 0x00000000fcc00000, 0x00000000fcd00000|  0%| F|  |TAMS 0x00000000fcc00000| PB 0x00000000fcc00000| Untracked |  0
|  13|0x00000000fcd00000, 0x00000000fcd00000, 0x00000000fce00000|  0%| F|  |TAMS 0x00000000fcd00000| PB 0x00000000fcd00000| Untracked |  0
|  14|0x00000000fce00000, 0x00000000fce00000, 0x00000000fcf00000|  0%| F|  |TAMS 0x00000000fce00000| PB 0x00000000fce00000| Untracked |  0
|  15|0x00000000fcf00000, 0x00000000fcf00000, 0x00000000fd000000|  0%| F|  |TAMS 0x00000000fcf00000| PB 0x00000000fcf00000| Untracked |  0
|  16|0x00000000fd000000, 0x00000000fd000000, 0x00000000fd100000|  0%| F|  |TAMS 0x00000000fd000000| PB 0x00000000fd000000| Untracked |  0
|  17|0x00000000fd100000, 0x00000000fd100000, 0x00000000fd200000|  0%| F|  |TAMS 0x00000000fd100000| PB 0x00000000fd100000| Untracked |  0
|  18|0x00000000fd200000, 0x00000000fd200000, 0x00000000fd300000|  0%| F|  |TAMS 0x00000000fd200000| PB 0x00000000fd200000| Untracked |  0
|  19|0x00000000fd300000, 0x00000000fd300000, 0x00000000fd400000|  0%| F|  |TAMS 0x00000000fd300000| PB 0x00000000fd300000| Untracked |  0
|  20|0x00000000fd400000, 0x00000000fd400000, 0x00000000fd500000|  0%| F|  |TAMS 0x00000000fd400000| PB 0x00000000fd400000| Untracked |  0
|  21|0x00000000fd500000, 0x00000000fd500000, 0x00000000fd600000|  0%| F|  |TAMS 0x00000000fd500000| PB 0x00000000fd500000| Untracked |  0
|  22|0x00000000fd600000, 0x00000000fd600000, 0x00000000fd700000|  0%| F|  |TAMS 0x00000000fd600000| PB 0x00000000fd600000| Untracked |  0
|  23|0x00000000fd700000, 0x00000000fd700000, 0x00000000fd800000|  0%| F|  |TAMS 0x00000000fd700000| PB 0x00000000fd700000| Untracked |  0
|  24|0x00000000fd800000, 0x00000000fd800000, 0x00000000fd900000|  0%| F|  |TAMS 0x00000000fd800000| PB 0x00000000fd800000| Untracked |  0
|  25|0x00000000fd900000, 0x00000000fd900000, 0x00000000fda00000|  0%| F|  |TAMS 0x00000000fd900000| PB 0x00000000fd900000| Untracked |  0
|  26|0x00000000fda00000, 0x00000000fda00000, 0x00000000fdb00000|  0%| F|  |TAMS 0x00000000fda00000| PB 0x00000000fda00000| Untracked |  0
|  27|0x00000000fdb00000, 0x00000000fdb00000, 0x00000000fdc00000|  0%| F|  |TAMS 0x00000000fdb00000| PB 0x00000000fdb00000| Untracked |  0
|  28|0x00000000fdc00000, 0x00000000fdc00000, 0x00000000fdd00000|  0%| F|  |TAMS 0x00000000fdc00000| PB 0x00000000fdc00000| Untracked |  0
|  29|0x00000000fdd00000, 0x00000000fdd00000, 0x00000000fde00000|  0%| F|  |TAMS 0x00000000fdd00000| PB 0x00000000fdd00000| Untracked |  0
|  30|0x00000000fde00000, 0x00000000fde00000, 0x00000000fdf00000|  0%| F|  |TAMS 0x00000000fde00000| PB 0x00000000fde00000| Untracked |  0
|  31|0x00000000fdf00000, 0x00000000fdf00000, 0x00000000fe000000|  0%| F|  |TAMS 0x00000000fdf00000| PB 0x00000000fdf00000| Untracked |  0
|  32|0x00000000fe000000, 0x00000000fe000000, 0x00000000fe100000|  0%| F|  |TAMS 0x00000000fe000000| PB 0x00000000fe000000| Untracked |  0
|  33|0x00000000fe100000, 0x00000000fe100000, 0x00000000fe200000|  0%| F|  |TAMS 0x00000000fe100000| PB 0x00000000fe100000| Untracked |  0
|  34|0x00000000fe200000, 0x00000000fe200000, 0x00000000fe300000|  0%| F|  |TAMS 0x00000000fe200000| PB 0x00000000fe200000| Untracked |  0
|  35|0x00000000fe300000, 0x00000000fe300000, 0x00000000fe400000|  0%| F|  |TAMS 0x00000000fe300000| PB 0x00000000fe300000| Untracked |  0
|  36|0x00000000fe400000, 0x00000000fe400000, 0x00000000fe500000|  0%| F|  |TAMS 0x00000000fe400000| PB 0x00000000fe400000| Untracked |  0
|  37|0x00000000fe500000, 0x00000000fe600000, 0x00000000fe600000|100%| S|CS|TAMS 0x00000000fe500000| PB 0x00000000fe500000| Complete |  0
|  38|0x00000000fe600000, 0x00000000fe700000, 0x00000000fe700000|100%| S|CS|TAMS 0x00000000fe600000| PB 0x00000000fe600000| Complete |  0
|  39|0x00000000fe700000, 0x00000000fe800000, 0x00000000fe800000|100%| S|CS|TAMS 0x00000000fe700000| PB 0x00000000fe700000| Complete |  0
|  40|0x00000000fe800000, 0x00000000fe800000, 0x00000000fe900000|  0%| F|  |TAMS 0x00000000fe800000| PB 0x00000000fe800000| Untracked |  0
|  41|0x00000000fe900000, 0x00000000fe900000, 0x00000000fea00000|  0%| F|  |TAMS 0x00000000fe900000| PB 0x00000000fe900000| Untracked |  0
|  42|0x00000000fea00000, 0x00000000fea00000, 0x00000000feb00000|  0%| F|  |TAMS 0x00000000fea00000| PB 0x00000000fea00000| Untracked |  0
|  43|0x00000000feb00000, 0x00000000febd0fd8, 0x00000000fec00000| 81%| E|  |TAMS 0x00000000feb00000| PB 0x00000000feb00000| Complete |  0
|  44|0x00000000fec00000, 0x00000000fed00000, 0x00000000fed00000|100%| E|CS|TAMS 0x00000000fec00000| PB 0x00000000fec00000| Complete |  0
|  45|0x00000000fed00000, 0x00000000fee00000, 0x00000000fee00000|100%| E|CS|TAMS 0x00000000fed00000| PB 0x00000000fed00000| Complete |  0
|  46|0x00000000fee00000, 0x00000000fef00000, 0x00000000fef00000|100%| E|CS|TAMS 0x00000000fee00000| PB 0x00000000fee00000| Complete |  0
|  47|0x00000000fef00000, 0x00000000ff000000, 0x00000000ff000000|100%| E|CS|TAMS 0x00000000fef00000| PB 0x00000000fef00000| Complete |  0
|  48|0x00000000ff000000, 0x00000000ff100000, 0x00000000ff100000|100%| E|CS|TAMS 0x00000000ff000000| PB 0x00000000ff000000| Complete |  0
|  49|0x00000000ff100000, 0x00000000ff200000, 0x00000000ff200000|100%| E|CS|TAMS 0x00000000ff100000| PB 0x00000000ff100000| Complete |  0
|  50|0x00000000ff200000, 0x00000000ff300000, 0x00000000ff300000|100%| E|CS|TAMS 0x00000000ff200000| PB 0x00000000ff200000| Complete |  0
|  51|0x00000000ff300000, 0x00000000ff400000, 0x00000000ff400000|100%| E|CS|TAMS 0x00000000ff300000| PB 0x00000000ff300000| Complete |  0
|  52|0x00000000ff400000, 0x00000000ff500000, 0x00000000ff500000|100%| E|CS|TAMS 0x00000000ff400000| PB 0x00000000ff400000| Complete |  0
|  53|0x00000000ff500000, 0x00000000ff600000, 0x00000000ff600000|100%| E|CS|TAMS 0x00000000ff500000| PB 0x00000000ff500000| Complete |  0
|  54|0x00000000ff600000, 0x00000000ff700000, 0x00000000ff700000|100%| E|CS|TAMS 0x00000000ff600000| PB 0x00000000ff600000| Complete |  0
|  55|0x00000000ff700000, 0x00000000ff800000, 0x00000000ff800000|100%| E|CS|TAMS 0x00000000ff700000| PB 0x00000000ff700000| Complete |  0
|  56|0x00000000ff800000, 0x00000000ff900000, 0x00000000ff900000|100%| E|CS|TAMS 0x00000000ff800000| PB 0x00000000ff800000| Complete |  0
|  57|0x00000000ff900000, 0x00000000ffa00000, 0x00000000ffa00000|100%| E|CS|TAMS 0x00000000ff900000| PB 0x00000000ff900000| Complete |  0
|  58|0x00000000ffa00000, 0x00000000ffb00000, 0x00000000ffb00000|100%| E|CS|TAMS 0x00000000ffa00000| PB 0x00000000ffa00000| Complete |  0
|  59|0x00000000ffb00000, 0x00000000ffc00000, 0x00000000ffc00000|100%| E|CS|TAMS 0x00000000ffb00000| PB 0x00000000ffb00000| Complete |  0
|  60|0x00000000ffc00000, 0x00000000ffd00000, 0x00000000ffd00000|100%| E|CS|TAMS 0x00000000ffc00000| PB 0x00000000ffc00000| Complete |  0
|  61|0x00000000ffd00000, 0x00000000ffe00000, 0x00000000ffe00000|100%| E|CS|TAMS 0x00000000ffd00000| PB 0x00000000ffd00000| Complete |  0
|  62|0x00000000ffe00000, 0x00000000fff00000, 0x00000000fff00000|100%| E|CS|TAMS 0x00000000ffe00000| PB 0x00000000ffe00000| Complete |  0
|  63|0x00000000fff00000, 0x0000000100000000, 0x0000000100000000|100%| E|CS|TAMS 0x00000000fff00000| PB 0x00000000fff00000| Complete |  0

Card table byte_map: [0x0000013b57ee0000,0x0000013b57f00000] _byte_map_base: 0x0000013b57700000

Marking Bits: (CMBitMap*) 0x0000013b57fad950
 Bits: [0x0000013b6f610000, 0x0000013b6f710000)

Polling page: 0x0000013b57750000

Metaspace:

Usage:
  Non-class:      5.87 MB used.
      Class:    969.48 KB used.
       Both:      6.82 MB used.

Virtual space:
  Non-class space:       64.00 MB reserved,       6.00 MB (  9%) committed,  1 nodes.
      Class space:        1.00 GB reserved,       1.06 MB ( <1%) committed,  1 nodes.
             Both:        1.06 GB reserved,       7.06 MB ( <1%) committed. 

Chunk freelists:
   Non-Class:  8.55 MB
       Class:  14.95 MB
        Both:  23.50 MB

MaxMetaspaceSize: unlimited
CompressedClassSpaceSize: 1.00 GB
Initial GC threshold: 21.00 MB
Current GC threshold: 21.00 MB
CDS: on
 - commit_granule_bytes: 65536.
 - commit_granule_words: 8192.
 - virtual_space_node_default_size: 8388608.
 - enlarge_chunks_in_place: 1.
 - use_allocation_guard: 0.


Internal statistics:

num_allocs_failed_limit: 0.
num_arena_births: 202.
num_arena_deaths: 0.
num_vsnodes_births: 2.
num_vsnodes_deaths: 0.
num_space_committed: 113.
num_space_uncommitted: 0.
num_chunks_returned_to_freelist: 0.
num_chunks_taken_from_freelist: 415.
num_chunk_merges: 0.
num_chunk_splits: 272.
num_chunks_enlarged: 200.
num_inconsistent_stats: 0.

CodeHeap 'non-profiled nmethods': size=120000Kb used=555Kb max_used=555Kb free=119444Kb
 bounds [0x0000013b67db0000, 0x0000013b68020000, 0x0000013b6f2e0000]
CodeHeap 'profiled nmethods': size=120000Kb used=2500Kb max_used=2500Kb free=117499Kb
 bounds [0x0000013b602e0000, 0x0000013b60560000, 0x0000013b67810000]
CodeHeap 'non-nmethods': size=5760Kb used=1505Kb max_used=1519Kb free=4254Kb
 bounds [0x0000013b67810000, 0x0000013b67a80000, 0x0000013b67db0000]
 total_blobs=1828 nmethods=1357 adapters=376
 compilation: enabled
              stopped_count=0, restarted_count=0
 full_count=0

Compilation events (20 events):
Event: 34.817 Thread 0x0000013b41141d50 nmethod 1337 0x0000013b60549310 code [0x0000013b605494a0, 0x0000013b605495a8]
Event: 34.817 Thread 0x0000013b41141d50 1338       3       java.lang.invoke.DirectMethodHandle::preparedLambdaForm (31 bytes)
Event: 34.818 Thread 0x0000013b41141d50 nmethod 1338 0x0000013b60549610 code [0x0000013b60549800, 0x0000013b60549c88]
Event: 34.818 Thread 0x0000013b41141d50 1339       3       java.lang.Class::descriptorString (170 bytes)
Event: 34.819 Thread 0x0000013b41141d50 nmethod 1339 0x0000013b60549e90 code [0x0000013b6054a300, 0x0000013b6054bbb0]
Event: 34.819 Thread 0x0000013b4113b240 1341       4       jdk.internal.org.objectweb.asm.SymbolTable::addConstantUtf8 (98 bytes)
Event: 34.820 Thread 0x0000013b41141d50 1343       3       java.lang.ref.SoftReference::<init> (13 bytes)
Event: 34.820 Thread 0x0000013b41141d50 nmethod 1343 0x0000013b6054c510 code [0x0000013b6054c6c0, 0x0000013b6054c9e0]
Event: 34.820 Thread 0x0000013b41141d50 1345       3       java.lang.invoke.InvokerBytecodeGenerator::storeInsnOpcode (98 bytes)
Event: 34.820 Thread 0x0000013b41141d50 nmethod 1345 0x0000013b6054cb10 code [0x0000013b6054cd80, 0x0000013b6054d728]
Event: 34.820 Thread 0x0000013b41141d50 1347       3       jdk.internal.org.objectweb.asm.MethodWriter::visitAnnotation (40 bytes)
Event: 34.821 Thread 0x0000013b41141d50 nmethod 1347 0x0000013b6054da10 code [0x0000013b6054dbe0, 0x0000013b6054de88]
Event: 34.821 Thread 0x0000013b41141d50 1344       3       java.lang.StrictMath::floorOrCeil (128 bytes)
Event: 34.821 Thread 0x0000013b41141d50 nmethod 1344 0x0000013b6054df90 code [0x0000013b6054e180, 0x0000013b6054e5e8]
Event: 34.822 Thread 0x0000013b41141d50 1348       3       java.lang.Math::ceil (5 bytes)
Event: 34.822 Thread 0x0000013b41141d50 nmethod 1348 0x0000013b6054e690 code [0x0000013b6054e840, 0x0000013b6054e958]
Event: 34.822 Thread 0x0000013b41141d50 1349       3       java.lang.StrictMath::ceil (10 bytes)
Event: 34.822 Thread 0x0000013b41141d50 nmethod 1349 0x0000013b6054ea10 code [0x0000013b6054ebe0, 0x0000013b6054ed10]
Event: 34.826 Thread 0x0000013b41141d50 1353       3       java.lang.invoke.MethodHandleNatives::refKindIsGetter (32 bytes)
Event: 34.828 Thread 0x0000013b41141d50 nmethod 1353 0x0000013b6054ed90 code [0x0000013b6054ef20, 0x0000013b6054f070]

GC Heap History (2 events):
Event: 27.396 GC heap before
{Heap before GC invocations=0 (full 0):
 garbage-first heap   total reserved 65536K, committed 65536K, used 24576K [0x00000000fc000000, 0x0000000100000000)
  region size 1024K, 24 young (24576K), 0 survivors (0K)
 Metaspace       used 1715K, committed 1920K, reserved 1114112K
  class space    used 153K, committed 256K, reserved 1048576K
}
Event: 27.757 GC heap after
{Heap after GC invocations=1 (full 0):
 garbage-first heap   total reserved 65536K, committed 65536K, used 5632K [0x00000000fc000000, 0x0000000100000000)
  region size 1024K, 3 young (3072K), 3 survivors (3072K)
 Metaspace       used 1715K, committed 1920K, reserved 1114112K
  class space    used 153K, committed 256K, reserved 1048576K
}

Dll operation events (10 events):
Event: 1.961 Loaded shared library C:\Program Files\Java\jdk-22\bin\java.dll
Event: 4.521 Loaded shared library C:\Program Files\Java\jdk-22\bin\jsvml.dll
Event: 5.829 Loaded shared library C:\Program Files\Java\jdk-22\bin\net.dll
Event: 6.151 Loaded shared library C:\Program Files\Java\jdk-22\bin\nio.dll
Event: 6.164 Loaded shared library C:\Program Files\Java\jdk-22\bin\zip.dll
Event: 6.174 Loaded shared library C:\Program Files\Java\jdk-22\bin\verify.dll
Event: 22.765 Loaded shared library C:\Program Files\Java\jdk-22\bin\jimage.dll
Event: 33.825 Loaded shared library C:\Users\limoo\.gradle\native\c067742578af261105cb4f569cf0c3c89f3d7b1fecec35dd04571415982c5e48\windows-amd64\native-platform.dll
Event: 34.447 Loaded shared library C:\Program Files\Java\jdk-22\bin\management.dll
Event: 34.455 Loaded shared library C:\Program Files\Java\jdk-22\bin\management_ext.dll

Deoptimization events (20 events):
Event: 34.422 Thread 0x0000013b55e34a80 Uncommon trap: trap_request=0xffffffde fr.pc=0x0000013b67e311b8 relative=0x0000000000000118
Event: 34.422 Thread 0x0000013b55e34a80 Uncommon trap: reason=class_check action=maybe_recompile pc=0x0000013b67e311b8 method=jdk.internal.misc.Unsafe.allocateUninitializedArray(Ljava/lang/Class;I)Ljava/lang/Object; @ 51 c2
Event: 34.422 Thread 0x0000013b55e34a80 DEOPT PACKING pc=0x0000013b67e311b8 sp=0x0000002ac9df9310
Event: 34.422 Thread 0x0000013b55e34a80 DEOPT UNPACKING pc=0x0000013b67867da2 sp=0x0000002ac9df9288 mode 2
Event: 34.430 Thread 0x0000013b55e34a80 DEOPT PACKING pc=0x0000013b6039f725 sp=0x0000002ac9df8270
Event: 34.430 Thread 0x0000013b55e34a80 DEOPT UNPACKING pc=0x0000013b678688e2 sp=0x0000002ac9df76c0 mode 0
Event: 34.487 Thread 0x0000013b55e34a80 Uncommon trap: trap_request=0xffffff45 fr.pc=0x0000013b67e18288 relative=0x00000000000002c8
Event: 34.487 Thread 0x0000013b55e34a80 Uncommon trap: reason=unstable_if action=reinterpret pc=0x0000013b67e18288 method=jdk.internal.util.ArraysSupport.mismatch([BI[BII)I @ 55 c2
Event: 34.487 Thread 0x0000013b55e34a80 DEOPT PACKING pc=0x0000013b67e18288 sp=0x0000002ac9dfdcb0
Event: 34.487 Thread 0x0000013b55e34a80 DEOPT UNPACKING pc=0x0000013b67867da2 sp=0x0000002ac9dfdb50 mode 2
Event: 34.487 Thread 0x0000013b55e34a80 Uncommon trap: trap_request=0xffffff45 fr.pc=0x0000013b67e0c4e4 relative=0x0000000000000324
Event: 34.487 Thread 0x0000013b55e34a80 Uncommon trap: reason=unstable_if action=reinterpret pc=0x0000013b67e0c4e4 method=jdk.internal.util.ArraysSupport.mismatch([BI[BII)I @ 55 c2
Event: 34.487 Thread 0x0000013b55e34a80 DEOPT PACKING pc=0x0000013b67e0c4e4 sp=0x0000002ac9dfdf90
Event: 34.487 Thread 0x0000013b55e34a80 DEOPT UNPACKING pc=0x0000013b67867da2 sp=0x0000002ac9dfdea0 mode 2
Event: 34.510 Thread 0x0000013b55e34a80 Uncommon trap: trap_request=0xffffff45 fr.pc=0x0000013b67e0f998 relative=0x0000000000000278
Event: 34.510 Thread 0x0000013b55e34a80 Uncommon trap: reason=unstable_if action=reinterpret pc=0x0000013b67e0f998 method=jdk.internal.util.ArraysSupport.mismatch([BI[BII)I @ 55 c2
Event: 34.510 Thread 0x0000013b55e34a80 DEOPT PACKING pc=0x0000013b67e0f998 sp=0x0000002ac9dfde30
Event: 34.510 Thread 0x0000013b55e34a80 DEOPT UNPACKING pc=0x0000013b67867da2 sp=0x0000002ac9dfddd0 mode 2
Event: 34.574 Thread 0x0000013b55e34a80 DEOPT PACKING pc=0x0000013b60448d1d sp=0x0000002ac9dfce80
Event: 34.574 Thread 0x0000013b55e34a80 DEOPT UNPACKING pc=0x0000013b678688e2 sp=0x0000002ac9dfc388 mode 0

Classes loaded (20 events):
Event: 34.500 Loading class java/lang/CloneNotSupportedException
Event: 34.501 Loading class java/lang/CloneNotSupportedException done
Event: 34.572 Loading class sun/reflect/generics/tree/TypeVariableSignature
Event: 34.573 Loading class sun/reflect/generics/tree/TypeVariableSignature done
Event: 34.594 Loading class java/util/UUID
Event: 34.595 Loading class java/util/UUID done
Event: 34.612 Loading class java/util/function/LongSupplier
Event: 34.613 Loading class java/util/function/LongSupplier done
Event: 34.613 Loading class java/io/UncheckedIOException
Event: 34.613 Loading class java/io/UncheckedIOException done
Event: 34.806 Loading class java/net/SocketException
Event: 34.807 Loading class java/net/SocketException done
Event: 34.808 Loading class java/net/SocketAddress
Event: 34.808 Loading class java/net/SocketAddress done
Event: 34.808 Loading class java/net/InetSocketAddress
Event: 34.809 Loading class java/net/InetSocketAddress done
Event: 34.809 Loading class java/net/ConnectException
Event: 34.809 Loading class java/net/ConnectException done
Event: 34.815 Loading class java/nio/file/AtomicMoveNotSupportedException
Event: 34.815 Loading class java/nio/file/AtomicMoveNotSupportedException done

Classes unloaded (0 events):
No events

Classes redefined (0 events):
No events

Internal exceptions (20 events):
Event: 8.424 Thread 0x0000013b55e34a80 Exception <a 'java/lang/NoSuchMethodError'{0x00000000ffc4da20}: 'void java.lang.invoke.DirectMethodHandle$Holder.invokeStatic(java.lang.Object, java.lang.Object)'> (0x00000000ffc4da20) 
thrown [s\open\src\hotspot\share\interpreter\linkResolver.cpp, line 774]
Event: 8.426 Thread 0x0000013b55e34a80 Exception <a 'java/lang/NoSuchMethodError'{0x00000000ffc516c0}: 'void java.lang.invoke.DirectMethodHandle$Holder.invokeSpecial(java.lang.Object, java.lang.Object, java.lang.Object)'> (0x00000000ffc516c0) 
thrown [s\open\src\hotspot\share\interpreter\linkResolver.cpp, line 774]
Event: 9.044 Thread 0x0000013b55e34a80 Exception <a 'java/lang/NoSuchMethodError'{0x00000000ffca48f8}: 'int java.lang.invoke.DirectMethodHandle$Holder.invokeStaticInit(java.lang.Object, java.lang.Object)'> (0x00000000ffca48f8) 
thrown [s\open\src\hotspot\share\interpreter\linkResolver.cpp, line 774]
Event: 30.645 Thread 0x0000013b55e34a80 Exception <a 'java/lang/NoSuchMethodError'{0x00000000ffb1e3f8}: 'java.lang.Object java.lang.invoke.DirectMethodHandle$Holder.invokeVirtual(java.lang.Object, java.lang.Object, java.lang.Object)'> (0x00000000ffb1e3f8) 
thrown [s\open\src\hotspot\share\interpreter\linkResolver.cpp, line 774]
Event: 33.718 Thread 0x0000013b55e34a80 Exception <a 'java/lang/NoClassDefFoundError'{0x00000000ff792d10}: org/slf4j/impl/StaticMarkerBinder> (0x00000000ff792d10) 
thrown [s\open\src\hotspot\share\classfile\systemDictionary.cpp, line 302]
Event: 33.776 Thread 0x0000013b55e34a80 Exception <a 'java/lang/NoSuchMethodError'{0x00000000ff65f6a8}: 'java.lang.Object java.lang.invoke.DirectMethodHandle$Holder.invokeStatic(java.lang.Object, java.lang.Object, int)'> (0x00000000ff65f6a8) 
thrown [s\open\src\hotspot\share\interpreter\linkResolver.cpp, line 774]
Event: 33.778 Thread 0x0000013b55e34a80 Exception <a 'java/lang/NoSuchMethodError'{0x00000000ff66b080}: 'void java.lang.invoke.DelegatingMethodHandle$Holder.delegate(java.lang.Object, java.lang.Object, int, java.lang.Object)'> (0x00000000ff66b080) 
thrown [s\open\src\hotspot\share\interpreter\linkResolver.cpp, line 774]
Event: 33.778 Thread 0x0000013b55e34a80 Exception <a 'java/lang/NoSuchMethodError'{0x00000000ff66ee10}: 'int java.lang.invoke.DirectMethodHandle$Holder.invokeSpecial(java.lang.Object, java.lang.Object, java.lang.Object)'> (0x00000000ff66ee10) 
thrown [s\open\src\hotspot\share\interpreter\linkResolver.cpp, line 774]
Event: 34.099 Thread 0x0000013b55e34a80 Exception <a 'java/lang/NoSuchMethodError'{0x00000000ff3b91c8}: 'java.lang.Object java.lang.invoke.DirectMethodHandle$Holder.newInvokeSpecial(java.lang.Object, java.lang.Object, java.lang.Object, java.lang.Object, java.lang.Object)'> (0x00000000ff3b91c8) 
thrown [s\open\src\hotspot\share\interpreter\linkResolver.cpp, line 774]
Event: 34.110 Thread 0x0000013b55e34a80 Exception <a 'java/lang/NoSuchMethodError'{0x00000000ff20ebd0}: 'java.lang.Object java.lang.invoke.Invokers$Holder.invokeExact_MT(java.lang.Object, java.lang.Object, java.lang.Object, java.lang.Object, java.lang.Object)'> (0x00000000ff20ebd0) 
thrown [s\open\src\hotspot\share\interpreter\linkResolver.cpp, line 774]
Event: 34.117 Thread 0x0000013b55e34a80 Exception <a 'java/lang/NoSuchMethodError'{0x00000000ff23de28}: 'java.lang.Object java.lang.invoke.DirectMethodHandle$Holder.invokeVirtual(java.lang.Object, java.lang.Object, java.lang.Object, java.lang.Object, java.lang.Object, java.lang.Object, java.lang.Object)'> (0x00000000ff23de28) 
thrown [s\open\src\hotspot\share\interpreter\linkResolver.cpp, line 774]
Event: 34.191 Thread 0x0000013b55e34a80 Exception <a 'java/lang/NoSuchMethodError'{0x00000000ff281e70}: 'java.lang.Object java.lang.invoke.DirectMethodHandle$Holder.invokeVirtual(java.lang.Object, java.lang.Object, java.lang.Object, java.lang.Object)'> (0x00000000ff281e70) 
thrown [s\open\src\hotspot\share\interpreter\linkResolver.cpp, line 774]
Event: 34.219 Thread 0x0000013b55e34a80 Exception <a 'java/lang/NoSuchMethodError'{0x00000000ff13dd98}: 'java.lang.Object java.lang.invoke.DirectMethodHandle$Holder.invokeVirtual(java.lang.Object, java.lang.Object, java.lang.Object, java.lang.Object, java.lang.Object, java.lang.Object)'> (0x00000000ff13dd98) 
thrown [s\open\src\hotspot\share\interpreter\linkResolver.cpp, line 774]
Event: 34.416 Thread 0x0000013b55e34a80 Implicit null exception at 0x0000013b67e21a41 to 0x0000013b67e21cb8
Event: 34.416 Thread 0x0000013b55e34a80 Implicit null exception at 0x0000013b67de333d to 0x0000013b67de33bd
Event: 34.505 Thread 0x0000013b55e34a80 Exception <a 'java/lang/NoSuchMethodError'{0x00000000fee92b70}: 'int java.lang.invoke.DirectMethodHandle$Holder.invokeVirtual(java.lang.Object, java.lang.Object, java.lang.Object)'> (0x00000000fee92b70) 
thrown [s\open\src\hotspot\share\interpreter\linkResolver.cpp, line 774]
Event: 34.769 Thread 0x0000013b55e34a80 Exception <a 'java/lang/NoSuchMethodError'{0x00000000fec14398}: 'java.lang.Object java.lang.invoke.DirectMethodHandle$Holder.invokeVirtual(java.lang.Object, java.lang.Object, java.lang.Object, java.lang.Object, java.lang.Object)'> (0x00000000fec14398) 
thrown [s\open\src\hotspot\share\interpreter\linkResolver.cpp, line 774]
Event: 34.795 Thread 0x0000013b55e34a80 Exception <a 'java/lang/NoSuchMethodError'{0x00000000fec27198}: 'java.lang.Object java.lang.invoke.Invokers$Holder.invokeExact_MT(java.lang.Object, java.lang.Object, java.lang.Object, java.lang.Object, java.lang.Object, java.lang.Object)'> (0x00000000fec27198) 
thrown [s\open\src\hotspot\share\interpreter\linkResolver.cpp, line 774]
Event: 34.817 Thread 0x0000013b55e34a80 Exception <a 'java/lang/NoSuchMethodError'{0x00000000fecd4600}: 'java.lang.Object java.lang.invoke.DirectMethodHandle$Holder.invokeSpecialIFC(java.lang.Object, java.lang.Object, java.lang.Object, java.lang.Object)'> (0x00000000fecd4600) 
thrown [s\open\src\hotspot\share\interpreter\linkResolver.cpp, line 774]
Event: 34.819 Thread 0x0000013b55e34a80 Exception <a 'java/lang/NoSuchMethodError'{0x00000000fecdd8a0}: 'java.lang.Object java.lang.invoke.DirectMethodHandle$Holder.invokeVirtual(java.lang.Object, java.lang.Object, java.lang.Object, java.lang.Object, java.lang.Object, java.lang.Object, java.lang.Object, java.lang.Object)'> (0x00000000fecdd8a0) 
thrown [s\open\src\hotspot\share\interpreter\linkResolver.cpp, line 774]

ZGC Phase Switch (0 events):
No events

VM Operations (20 events):
Event: 30.869 Executing VM operation: HandshakeAllThreads (Deoptimize)
Event: 30.869 Executing VM operation: HandshakeAllThreads (Deoptimize) done
Event: 31.869 Executing VM operation: Cleanup
Event: 31.885 Executing VM operation: Cleanup done
Event: 32.947 Executing VM operation: Cleanup
Event: 32.947 Executing VM operation: Cleanup done
Event: 33.712 Executing VM operation: HandshakeAllThreads (Deoptimize)
Event: 33.712 Executing VM operation: HandshakeAllThreads (Deoptimize) done
Event: 33.712 Executing VM operation: HandshakeAllThreads (Deoptimize)
Event: 33.712 Executing VM operation: HandshakeAllThreads (Deoptimize) done
Event: 33.775 Executing VM operation: HandshakeAllThreads (Deoptimize)
Event: 33.776 Executing VM operation: HandshakeAllThreads (Deoptimize) done
Event: 34.025 Executing VM operation: HandshakeAllThreads (Deoptimize)
Event: 34.067 Executing VM operation: HandshakeAllThreads (Deoptimize) done
Event: 34.067 Executing VM operation: Cleanup
Event: 34.083 Executing VM operation: Cleanup done
Event: 34.113 Executing VM operation: HandshakeAllThreads (Deoptimize)
Event: 34.113 Executing VM operation: HandshakeAllThreads (Deoptimize) done
Event: 34.491 Executing VM operation: HandshakeAllThreads (Deoptimize)
Event: 34.491 Executing VM operation: HandshakeAllThreads (Deoptimize) done

Memory protections (0 events):
No events

Nmethod flushes (0 events):
No events

Events (12 events):
Event: 2.041 Thread 0x0000013b55e34a80 Thread added: 0x0000013b55e34a80
Event: 3.302 Thread 0x0000013b55e34a80 Thread added: 0x0000013b4112f380
Event: 3.302 Thread 0x0000013b55e34a80 Thread added: 0x0000013b41130340
Event: 3.303 Thread 0x0000013b55e34a80 Thread added: 0x0000013b411361c0
Event: 3.303 Thread 0x0000013b55e34a80 Thread added: 0x0000013b41136d10
Event: 3.303 Thread 0x0000013b55e34a80 Thread added: 0x0000013b41137860
Event: 3.303 Thread 0x0000013b55e34a80 Thread added: 0x0000013b411383b0
Event: 3.303 Thread 0x0000013b55e34a80 Thread added: 0x0000013b4113b240
Event: 3.457 Thread 0x0000013b55e34a80 Thread added: 0x0000013b41141d50
Event: 3.911 Thread 0x0000013b55e34a80 Thread added: 0x0000013b411e1b20
Event: 3.920 Thread 0x0000013b55e34a80 Thread added: 0x0000013b411e5150
Event: 33.852 Thread 0x0000013b55e34a80 Thread added: 0x0000013b4603bd60


Dynamic libraries:
0x00007ff7c63d0000 - 0x00007ff7c63e0000 	C:\Program Files\Java\jdk-22\bin\java.exe
0x00007ffa90110000 - 0x00007ffa90327000 	C:\WINDOWS\SYSTEM32\ntdll.dll
0x00007ffa8f3b0000 - 0x00007ffa8f474000 	C:\WINDOWS\System32\KERNEL32.DLL
0x00007ffa8da10000 - 0x00007ffa8ddc7000 	C:\WINDOWS\System32\KERNELBASE.dll
0x00007ffa8d610000 - 0x00007ffa8d721000 	C:\WINDOWS\System32\ucrtbase.dll
0x00007ffa4e780000 - 0x00007ffa4e797000 	C:\Program Files\Java\jdk-22\bin\jli.dll
0x00007ffa8fcc0000 - 0x00007ffa8fe6f000 	C:\WINDOWS\System32\USER32.dll
0x00007ffa8d5e0000 - 0x00007ffa8d606000 	C:\WINDOWS\System32\win32u.dll
0x00007ffa8eee0000 - 0x00007ffa8ef09000 	C:\WINDOWS\System32\GDI32.dll
0x00007ffa8d4c0000 - 0x00007ffa8d5d8000 	C:\WINDOWS\System32\gdi32full.dll
0x00007ffa8d420000 - 0x00007ffa8d4ba000 	C:\WINDOWS\System32\msvcp_win.dll
0x00007ffa4e760000 - 0x00007ffa4e77b000 	C:\Program Files\Java\jdk-22\bin\VCRUNTIME140.dll
0x00007ffa738b0000 - 0x00007ffa73b43000 	C:\WINDOWS\WinSxS\amd64_microsoft.windows.common-controls_6595b64144ccf1df_6.0.22621.3672_none_2713b9d173822955\COMCTL32.dll
0x00007ffa8fc10000 - 0x00007ffa8fcb7000 	C:\WINDOWS\System32\msvcrt.dll
0x00007ffa8fa70000 - 0x00007ffa8faa1000 	C:\WINDOWS\System32\IMM32.DLL
0x00007ffa60b80000 - 0x00007ffa60b8c000 	C:\Program Files\Java\jdk-22\bin\vcruntime140_1.dll
0x00007ffa4bc20000 - 0x00007ffa4bcae000 	C:\Program Files\Java\jdk-22\bin\msvcp140.dll
0x00007ffa39710000 - 0x00007ffa3a459000 	C:\Program Files\Java\jdk-22\bin\server\jvm.dll
0x00007ffa8f480000 - 0x00007ffa8f532000 	C:\WINDOWS\System32\ADVAPI32.dll
0x00007ffa8f9c0000 - 0x00007ffa8fa68000 	C:\WINDOWS\System32\sechost.dll
0x00007ffa8d730000 - 0x00007ffa8d758000 	C:\WINDOWS\System32\bcrypt.dll
0x00007ffa8e320000 - 0x00007ffa8e434000 	C:\WINDOWS\System32\RPCRT4.dll
0x00007ffa8e2a0000 - 0x00007ffa8e311000 	C:\WINDOWS\System32\WS2_32.dll
0x00007ffa8c2d0000 - 0x00007ffa8c31d000 	C:\WINDOWS\SYSTEM32\POWRPROF.dll
0x00007ffa8aeb0000 - 0x00007ffa8aee4000 	C:\WINDOWS\SYSTEM32\WINMM.dll
0x00007ffa806e0000 - 0x00007ffa806ea000 	C:\WINDOWS\SYSTEM32\VERSION.dll
0x00007ffa8c2b0000 - 0x00007ffa8c2c3000 	C:\WINDOWS\SYSTEM32\UMPDC.dll
0x00007ffa8c560000 - 0x00007ffa8c578000 	C:\WINDOWS\SYSTEM32\kernel.appcore.dll
0x00007ffa60190000 - 0x00007ffa6019a000 	C:\Program Files\Java\jdk-22\bin\jimage.dll
0x00007ffa8abc0000 - 0x00007ffa8adf2000 	C:\WINDOWS\SYSTEM32\DBGHELP.DLL
0x00007ffa8ef80000 - 0x00007ffa8f30e000 	C:\WINDOWS\System32\combase.dll
0x00007ffa8fe70000 - 0x00007ffa8ff47000 	C:\WINDOWS\System32\OLEAUT32.dll
0x00007ffa8ae70000 - 0x00007ffa8aea2000 	C:\WINDOWS\SYSTEM32\dbgcore.DLL
0x00007ffa8d760000 - 0x00007ffa8d7db000 	C:\WINDOWS\System32\bcryptPrimitives.dll
0x00007ffa4e740000 - 0x00007ffa4e75e000 	C:\Program Files\Java\jdk-22\bin\java.dll
0x00007ffa8e5f0000 - 0x00007ffa8ee59000 	C:\WINDOWS\System32\SHELL32.dll
0x00007ffa8e440000 - 0x00007ffa8e5e5000 	C:\WINDOWS\System32\ole32.dll
0x00007ffa8b390000 - 0x00007ffa8bc8f000 	C:\WINDOWS\SYSTEM32\windows.storage.dll
0x00007ffa8b250000 - 0x00007ffa8b38f000 	C:\WINDOWS\SYSTEM32\wintypes.dll
0x00007ffa8e140000 - 0x00007ffa8e239000 	C:\WINDOWS\System32\SHCORE.dll
0x00007ffa8ef10000 - 0x00007ffa8ef6e000 	C:\WINDOWS\System32\shlwapi.dll
0x00007ffa8d350000 - 0x00007ffa8d377000 	C:\WINDOWS\SYSTEM32\profapi.dll
0x00007ffa4b630000 - 0x00007ffa4b707000 	C:\Program Files\Java\jdk-22\bin\jsvml.dll
0x00007ffa5cc80000 - 0x00007ffa5cc90000 	C:\Program Files\Java\jdk-22\bin\net.dll
0x00007ffa8c9d0000 - 0x00007ffa8ca39000 	C:\WINDOWS\system32\mswsock.dll
0x00007ffa4bc00000 - 0x00007ffa4bc16000 	C:\Program Files\Java\jdk-22\bin\nio.dll
0x00007ffa4bbe0000 - 0x00007ffa4bbf7000 	C:\Program Files\Java\jdk-22\bin\zip.dll
0x00007ffa55ec0000 - 0x00007ffa55ed0000 	C:\Program Files\Java\jdk-22\bin\verify.dll
0x00007ffa2bdb0000 - 0x00007ffa2bdd7000 	C:\Users\limoo\.gradle\native\c067742578af261105cb4f569cf0c3c89f3d7b1fecec35dd04571415982c5e48\windows-amd64\native-platform.dll
0x00007ffa5caa0000 - 0x00007ffa5caaa000 	C:\Program Files\Java\jdk-22\bin\management.dll
0x00007ffa5a5e0000 - 0x00007ffa5a5eb000 	C:\Program Files\Java\jdk-22\bin\management_ext.dll
0x00007ffa8ef70000 - 0x00007ffa8ef78000 	C:\WINDOWS\System32\PSAPI.DLL

dbghelp: loaded successfully - version: 4.0.5 - missing functions: none
symbol engine: initialized successfully - sym options: 0x614 - pdb path: .;C:\Program Files\Java\jdk-22\bin;C:\WINDOWS\SYSTEM32;C:\WINDOWS\WinSxS\amd64_microsoft.windows.common-controls_6595b64144ccf1df_6.0.22621.3672_none_2713b9d173822955;C:\Program Files\Java\jdk-22\bin\server;C:\Users\limoo\.gradle\native\c067742578af261105cb4f569cf0c3c89f3d7b1fecec35dd04571415982c5e48\windows-amd64

VM Arguments:
jvm_args: -Xmx64m -Xms64m -Dorg.gradle.appname=gradlew 
java_command: org.gradle.wrapper.GradleWrapperMain app:installDebug -PreactNativeDevServerPort=8081
java_class_path (initial): C:\Users\limoo\capoc\android\\gradle\wrapper\gradle-wrapper.jar
Launcher Type: SUN_STANDARD

[Global flags]
     intx CICompilerCount                          = 4                                         {product} {ergonomic}
     uint ConcGCThreads                            = 2                                         {product} {ergonomic}
     uint G1ConcRefinementThreads                  = 8                                         {product} {ergonomic}
   size_t G1HeapRegionSize                         = 1048576                                   {product} {ergonomic}
   size_t InitialHeapSize                          = 67108864                                  {product} {command line}
   size_t MarkStackSize                            = 4194304                                   {product} {ergonomic}
   size_t MaxHeapSize                              = 67108864                                  {product} {command line}
   size_t MaxNewSize                               = 39845888                                  {product} {ergonomic}
   size_t MinHeapDeltaBytes                        = 1048576                                   {product} {ergonomic}
   size_t MinHeapSize                              = 67108864                                  {product} {command line}
    uintx NonNMethodCodeHeapSize                   = 5839372                                {pd product} {ergonomic}
    uintx NonProfiledCodeHeapSize                  = 122909434                              {pd product} {ergonomic}
    uintx ProfiledCodeHeapSize                     = 122909434                              {pd product} {ergonomic}
    uintx ReservedCodeCacheSize                    = 251658240                              {pd product} {ergonomic}
     bool SegmentedCodeCache                       = true                                      {product} {ergonomic}
   size_t SoftMaxHeapSize                          = 67108864                               {manageable} {ergonomic}
     bool UseCompressedOops                        = true                           {product lp64_product} {ergonomic}
     bool UseG1GC                                  = true                                      {product} {ergonomic}
     bool UseLargePagesIndividualAllocation        = false                                  {pd product} {ergonomic}

Logging:
Log output configuration:
 #0: stdout all=warning uptime,level,tags foldmultilines=false
 #1: stderr all=off uptime,level,tags foldmultilines=false

Environment Variables:
JAVA_HOME=C:\Program Files\Java\jdk-22
CLASSPATH=C:\Users\limoo\capoc\android\\gradle\wrapper\gradle-wrapper.jar
PATH=C:\Users\limoo\capoc\node_modules\.bin;C:\Users\limoo\capoc\node_modules\.bin;C:\Users\limoo\node_modules\.bin;C:\Users\node_modules\.bin;C:\node_modules\.bin;C:\Users\limoo\AppData\Roaming\npm\node_modules\npm\node_modules\@npmcli\run-script\lib\node-gyp-bin;C:\Users\limoo\capoc\node_modules\.bin;C:\Users\limoo\capoc\node_modules\.bin;C:\Users\limoo\node_modules\.bin;C:\Users\node_modules\.bin;C:\node_modules\.bin;C:\Users\limoo\AppData\Roaming\npm\node_modules\npm\node_modules\@npmcli\run-script\lib\node-gyp-bin;%JAVA_HOME%\bin;C:\Program Files\nodejs\;C:\Program Files\Common Files\Oracle\Java\javapath;C:\WINDOWS\system32;C:\WINDOWS;C:\WINDOWS\System32\Wbem;C:\WINDOWS\System32\WindowsPowerShell\v1.0\;C:\WINDOWS\System32\OpenSSH\;C:\ProgramData\chocolatey\bin;C:\Program Files\Git\cmd;C:\flutter\bin;C:\Program Files (x86)\Windows Kits\10\Windows Performance Toolkit\;C:\Users\limoo\gradle-8.10.2\bin;C:\Users\limoo\AppData\Local\Programs\Python\Python313\Scripts\;C:\Users\limoo\AppData\Local\Programs\Python\Python313\;C:\Users\limoo\AppData\Local\Microsoft\WindowsApps;C:\Users\limoo\AppData\Local\Android\Sdk\platform-tools;C:\Users\limoo\AppData\Roaming\npm;C:\Users\limoo\AppData\Local\Programs\Microsoft VS Code\bin;C:\flutter\bin;
USERNAME=limoo
LANG=en_US.UTF-8
OS=Windows_NT
PROCESSOR_IDENTIFIER=Intel64 Family 6 Model 140 Stepping 2, GenuineIntel
TMP=C:\Users\limoo\AppData\Local\Temp
TEMP=C:\Users\limoo\AppData\Local\Temp




Periodic native trim disabled

---------------  S Y S T E M  ---------------

OS:
 Windows 11 , 64 bit Build 22621 (10.0.22621.3958)
OS uptime: 11 days 8:09 hours

CPU: total 8 (initial active 8) (4 cores per cpu, 2 threads per core) family 6 model 140 stepping 2 microcode 0x16, cx8, cmov, fxsr, ht, mmx, 3dnowpref, sse, sse2, sse3, ssse3, sse4.1, sse4.2, popcnt, lzcnt, tsc, tscinvbit, avx, avx2, aes, erms, clmul, bmi1, bmi2, adx, avx512f, avx512dq, avx512cd, avx512bw, avx512vl, sha, fma, vzeroupper, avx512_vpopcntdq, avx512_vpclmulqdq, avx512_vaes, avx512_vnni, clflush, clflushopt, clwb, avx512_vbmi2, avx512_vbmi, rdtscp, rdpid, fsrm, gfni, avx512_bitalg, f16c, pku, cet_ibt, cet_ss, avx512_ifma
Processor Information for all 8 processors :
  Max Mhz: 2496, Current Mhz: 2496, Mhz Limit: 2496

Memory: 4k page, system-wide physical 7900M (8M free)
TotalPageFile size 32476M (AvailPageFile size 0M)
current process WorkingSet (physical memory assigned to process): 76M, peak: 76M
current process commit charge ("private bytes"): 161M, peak: 162M

vm_info: Java HotSpot(TM) 64-Bit Server VM (22.0.2+9-70) for windows-amd64 JRE (22.0.2+9-70), built on 2024-06-04T16:52:23Z by "mach5one" with MS VC++ 17.6 (VS2022)

END.
