#
# There is insufficient memory for the Java Runtime Environment to continue.
# Native memory allocation (malloc) failed to allocate 1048576 bytes. Error detail: AllocateHeap
# Possible reasons:
#   The system is out of physical RAM or swap space
#   This process is running with CompressedOops enabled, and the Java Heap may be blocking the growth of the native heap
# Possible solutions:
#   Reduce memory load on the system
#   Increase physical memory or swap space
#   Check if swap backing store is full
#   Decrease Java heap size (-Xmx/-Xms)
#   Decrease number of Java threads
#   Decrease Java thread stack sizes (-Xss)
#   Set larger code cache with -XX:ReservedCodeCacheSize=
#   JVM is running with Unscaled Compressed Oops mode in which the Java heap is
#     placed in the first 4GB address space. The Java Heap base address is the
#     maximum limit for the native heap growth. Please use -XX:HeapBaseMinAddress
#     to set the Java Heap base and to place the Java Heap above 4GB virtual address.
# This output file may be truncated or incomplete.
#
#  Out of Memory Error (allocation.cpp:44), pid=7472, tid=36632
#
# JRE version:  (22.0.2+9) (build )
# Java VM: Java HotSpot(TM) 64-Bit Server VM (22.0.2+9-70, mixed mode, sharing, tiered, compressed oops, compressed class ptrs, g1 gc, windows-amd64)
# No core dump will be written. Minidumps are not enabled by default on client versions of Windows
#

---------------  S U M M A R Y ------------

Command Line: -Xmx64m -Xms64m -Dorg.gradle.appname=gradlew org.gradle.wrapper.GradleWrapperMain app:installDebug -PreactNativeDevServerPort=8081

Host: 11th Gen Intel(R) Core(TM) i5-1155G7 @ 2.50GHz, 8 cores, 7G,  Windows 11 , 64 bit Build 22621 (10.0.22621.3958)
Time: Sat Nov  2 19:12:57 2024  Windows 11 , 64 bit Build 22621 (10.0.22621.3958) elapsed time: 0.650312 seconds (0d 0h 0m 0s)

---------------  T H R E A D  ---------------

Current thread (0x0000020d555c4010):  JavaThread "Unknown thread" [_thread_in_vm, id=36632, stack(0x000000eed2800000,0x000000eed2900000) (1024K)]

Stack: [0x000000eed2800000,0x000000eed2900000]
Native frames: (J=compiled Java code, j=interpreted, Vv=VM code, C=native code)
V  [jvm.dll+0x6e26e9]  (no source info available)
V  [jvm.dll+0x875753]  (no source info available)
V  [jvm.dll+0x877b7e]  (no source info available)
V  [jvm.dll+0x878253]  (no source info available)
V  [jvm.dll+0x27fc86]  (no source info available)
V  [jvm.dll+0xbe877]  (no source info available)
V  [jvm.dll+0x32a5f8]  (no source info available)
V  [jvm.dll+0x83d570]  (no source info available)
V  [jvm.dll+0x3c10d1]  (no source info available)
V  [jvm.dll+0x8264cc]  (no source info available)
V  [jvm.dll+0x45bd5e]  (no source info available)
V  [jvm.dll+0x45dbe1]  (no source info available)
C  [jli.dll+0x52a3]  (no source info available)
C  [ucrtbase.dll+0x29333]  (no source info available)
C  [KERNEL32.DLL+0x1257d]  (no source info available)
C  [ntdll.dll+0x5af08]  (no source info available)


---------------  P R O C E S S  ---------------

Threads class SMR info:
_java_thread_list=0x00007ffa3a2fc1c8, length=0, elements={
}

Java Threads: ( => current thread )
Total: 0

Other Threads:

=>0x0000020d555c4010 (exited) JavaThread "Unknown thread"    [_thread_in_vm, id=36632, stack(0x000000eed2800000,0x000000eed2900000) (1024K)]
Total: 1

Threads with active compile tasks:
Total: 0

VM state: not at safepoint (not fully initialized)

VM Mutex/Monitor currently owned by a thread: None

Heap address: 0x0000000000000000, size: 0 MB, Compressed Oops mode: 32-bit

CDS archive(s) mapped at: [0x0000000000000000-0x0000000000000000-0x0000000000000000), size 0, SharedBaseAddress: 0x0000000800000000, ArchiveRelocationMode: 1.
Narrow klass base: 0x0000000000000000, Narrow klass shift: 0, Narrow klass range: 0x0

GC Precious Log:
 CardTable entry size: 512
 Card Set container configuration: InlinePtr #cards 5 size 8 Array Of Cards #cards 12 size 40 Howl #buckets 4 coarsen threshold 1843 Howl Bitmap #cards 512 size 80 coarsen threshold 460 Card regions per heap region 1 cards per card region 2048

GC Heap History (0 events):
No events

Dll operation events (1 events):
Event: 0.262 Loaded shared library C:\Program Files\Java\jdk-22\bin\java.dll

Deoptimization events (0 events):
No events

Classes loaded (0 events):
No events

Classes unloaded (0 events):
No events

Classes redefined (0 events):
No events

Internal exceptions (0 events):
No events

ZGC Phase Switch (0 events):
No events

VM Operations (0 events):
No events

Memory protections (0 events):
No events

Nmethod flushes (0 events):
No events

Events (0 events):
No events


Dynamic libraries:
0x00007ff7c63d0000 - 0x00007ff7c63e0000 	C:\Program Files\Java\jdk-22\bin\java.exe
0x00007ffa90110000 - 0x00007ffa90327000 	C:\WINDOWS\SYSTEM32\ntdll.dll
0x00007ffa8f3b0000 - 0x00007ffa8f474000 	C:\WINDOWS\System32\KERNEL32.DLL
0x00007ffa8da10000 - 0x00007ffa8ddc7000 	C:\WINDOWS\System32\KERNELBASE.dll
0x00007ffa8d610000 - 0x00007ffa8d721000 	C:\WINDOWS\System32\ucrtbase.dll
0x00007ffa4e780000 - 0x00007ffa4e797000 	C:\Program Files\Java\jdk-22\bin\jli.dll
0x00007ffa8fcc0000 - 0x00007ffa8fe6f000 	C:\WINDOWS\System32\USER32.dll
0x00007ffa8d5e0000 - 0x00007ffa8d606000 	C:\WINDOWS\System32\win32u.dll
0x00007ffa8eee0000 - 0x00007ffa8ef09000 	C:\WINDOWS\System32\GDI32.dll
0x00007ffa4e760000 - 0x00007ffa4e77b000 	C:\Program Files\Java\jdk-22\bin\VCRUNTIME140.dll
0x00007ffa8d4c0000 - 0x00007ffa8d5d8000 	C:\WINDOWS\System32\gdi32full.dll
0x00007ffa8d420000 - 0x00007ffa8d4ba000 	C:\WINDOWS\System32\msvcp_win.dll
0x00007ffa738b0000 - 0x00007ffa73b43000 	C:\WINDOWS\WinSxS\amd64_microsoft.windows.common-controls_6595b64144ccf1df_6.0.22621.3672_none_2713b9d173822955\COMCTL32.dll
0x00007ffa8fc10000 - 0x00007ffa8fcb7000 	C:\WINDOWS\System32\msvcrt.dll
0x00007ffa8fa70000 - 0x00007ffa8faa1000 	C:\WINDOWS\System32\IMM32.DLL
0x00007ffa60b80000 - 0x00007ffa60b8c000 	C:\Program Files\Java\jdk-22\bin\vcruntime140_1.dll
0x00007ffa4bc20000 - 0x00007ffa4bcae000 	C:\Program Files\Java\jdk-22\bin\msvcp140.dll
0x00007ffa39710000 - 0x00007ffa3a459000 	C:\Program Files\Java\jdk-22\bin\server\jvm.dll
0x00007ffa8f480000 - 0x00007ffa8f532000 	C:\WINDOWS\System32\ADVAPI32.dll
0x00007ffa8f9c0000 - 0x00007ffa8fa68000 	C:\WINDOWS\System32\sechost.dll
0x00007ffa8d730000 - 0x00007ffa8d758000 	C:\WINDOWS\System32\bcrypt.dll
0x00007ffa8e320000 - 0x00007ffa8e434000 	C:\WINDOWS\System32\RPCRT4.dll
0x00007ffa8e2a0000 - 0x00007ffa8e311000 	C:\WINDOWS\System32\WS2_32.dll
0x00007ffa8aeb0000 - 0x00007ffa8aee4000 	C:\WINDOWS\SYSTEM32\WINMM.dll
0x00007ffa8c2d0000 - 0x00007ffa8c31d000 	C:\WINDOWS\SYSTEM32\POWRPROF.dll
0x00007ffa806e0000 - 0x00007ffa806ea000 	C:\WINDOWS\SYSTEM32\VERSION.dll
0x00007ffa8c2b0000 - 0x00007ffa8c2c3000 	C:\WINDOWS\SYSTEM32\UMPDC.dll
0x00007ffa8c560000 - 0x00007ffa8c578000 	C:\WINDOWS\SYSTEM32\kernel.appcore.dll
0x00007ffa60190000 - 0x00007ffa6019a000 	C:\Program Files\Java\jdk-22\bin\jimage.dll
0x00007ffa8abc0000 - 0x00007ffa8adf2000 	C:\WINDOWS\SYSTEM32\DBGHELP.DLL
0x00007ffa8ef80000 - 0x00007ffa8f30e000 	C:\WINDOWS\System32\combase.dll
0x00007ffa8fe70000 - 0x00007ffa8ff47000 	C:\WINDOWS\System32\OLEAUT32.dll
0x00007ffa8ae70000 - 0x00007ffa8aea2000 	C:\WINDOWS\SYSTEM32\dbgcore.DLL
0x00007ffa8d760000 - 0x00007ffa8d7db000 	C:\WINDOWS\System32\bcryptPrimitives.dll
0x00007ffa4e740000 - 0x00007ffa4e75e000 	C:\Program Files\Java\jdk-22\bin\java.dll
0x00007ffa8e5f0000 - 0x00007ffa8ee59000 	C:\WINDOWS\System32\SHELL32.dll
0x00007ffa8e440000 - 0x00007ffa8e5e5000 	C:\WINDOWS\System32\ole32.dll

dbghelp: loaded successfully - version: 4.0.5 - missing functions: none
symbol engine: initialized successfully - sym options: 0x614 - pdb path: .;C:\Program Files\Java\jdk-22\bin;C:\WINDOWS\SYSTEM32;C:\WINDOWS\WinSxS\amd64_microsoft.windows.common-controls_6595b64144ccf1df_6.0.22621.3672_none_2713b9d173822955;C:\Program Files\Java\jdk-22\bin\server

VM Arguments:
jvm_args: -Xmx64m -Xms64m -Dorg.gradle.appname=gradlew 
java_command: org.gradle.wrapper.GradleWrapperMain app:installDebug -PreactNativeDevServerPort=8081
java_class_path (initial): C:\Users\limoo\capoc\android\\gradle\wrapper\gradle-wrapper.jar
Launcher Type: SUN_STANDARD

[Global flags]
     intx CICompilerCount                          = 4                                         {product} {ergonomic}
     uint ConcGCThreads                            = 2                                         {product} {ergonomic}
     uint G1ConcRefinementThreads                  = 8                                         {product} {ergonomic}
   size_t G1HeapRegionSize                         = 1048576                                   {product} {ergonomic}
   size_t InitialHeapSize                          = 67108864                                  {product} {command line}
   size_t MarkStackSize                            = 4194304                                   {product} {ergonomic}
   size_t MaxHeapSize                              = 67108864                                  {product} {command line}
   size_t MinHeapDeltaBytes                        = 1048576                                   {product} {ergonomic}
   size_t MinHeapSize                              = 67108864                                  {product} {command line}
    uintx NonNMethodCodeHeapSize                   = 5839372                                {pd product} {ergonomic}
    uintx NonProfiledCodeHeapSize                  = 122909434                              {pd product} {ergonomic}
    uintx ProfiledCodeHeapSize                     = 122909434                              {pd product} {ergonomic}
    uintx ReservedCodeCacheSize                    = 251658240                              {pd product} {ergonomic}
     bool SegmentedCodeCache                       = true                                      {product} {ergonomic}
   size_t SoftMaxHeapSize                          = 67108864                               {manageable} {ergonomic}
     bool UseCompressedOops                        = true                           {product lp64_product} {ergonomic}
     bool UseG1GC                                  = true                                      {product} {ergonomic}
     bool UseLargePagesIndividualAllocation        = false                                  {pd product} {ergonomic}

Logging:
Log output configuration:
 #0: stdout all=warning uptime,level,tags foldmultilines=false
 #1: stderr all=off uptime,level,tags foldmultilines=false

Environment Variables:
JAVA_HOME=C:\Program Files\Java\jdk-22
CLASSPATH=C:\Users\limoo\capoc\android\\gradle\wrapper\gradle-wrapper.jar
PATH=C:\Users\limoo\capoc\node_modules\.bin;C:\Users\limoo\capoc\node_modules\.bin;C:\Users\limoo\node_modules\.bin;C:\Users\node_modules\.bin;C:\node_modules\.bin;C:\Users\limoo\AppData\Roaming\npm\node_modules\npm\node_modules\@npmcli\run-script\lib\node-gyp-bin;C:\Users\limoo\capoc\node_modules\.bin;C:\Users\limoo\capoc\node_modules\.bin;C:\Users\limoo\node_modules\.bin;C:\Users\node_modules\.bin;C:\node_modules\.bin;C:\Users\limoo\AppData\Roaming\npm\node_modules\npm\node_modules\@npmcli\run-script\lib\node-gyp-bin;%JAVA_HOME%\bin;C:\Program Files\nodejs\;C:\Program Files\Common Files\Oracle\Java\javapath;C:\WINDOWS\system32;C:\WINDOWS;C:\WINDOWS\System32\Wbem;C:\WINDOWS\System32\WindowsPowerShell\v1.0\;C:\WINDOWS\System32\OpenSSH\;C:\ProgramData\chocolatey\bin;C:\Program Files\Git\cmd;C:\flutter\bin;C:\Program Files (x86)\Windows Kits\10\Windows Performance Toolkit\;C:\Users\limoo\gradle-8.10.2\bin;C:\Users\limoo\AppData\Local\Programs\Python\Python313\Scripts\;C:\Users\limoo\AppData\Local\Programs\Python\Python313\;C:\Users\limoo\AppData\Local\Microsoft\WindowsApps;C:\Users\limoo\AppData\Local\Android\Sdk\platform-tools;C:\Users\limoo\AppData\Roaming\npm;C:\Users\limoo\AppData\Local\Programs\Microsoft VS Code\bin;C:\flutter\bin;
USERNAME=limoo
LANG=en_US.UTF-8
OS=Windows_NT
PROCESSOR_IDENTIFIER=Intel64 Family 6 Model 140 Stepping 2, GenuineIntel
TMP=C:\Users\limoo\AppData\Local\Temp
TEMP=C:\Users\limoo\AppData\Local\Temp




Periodic native trim disabled

---------------  S Y S T E M  ---------------

OS:
 Windows 11 , 64 bit Build 22621 (10.0.22621.3958)
OS uptime: 11 days 5:44 hours

CPU: total 8 (initial active 8) (4 cores per cpu, 2 threads per core) family 6 model 140 stepping 2 microcode 0x16, cx8, cmov, fxsr, ht, mmx, 3dnowpref, sse, sse2, sse3, ssse3, sse4.1, sse4.2, popcnt, lzcnt, tsc, tscinvbit, avx, avx2, aes, erms, clmul, bmi1, bmi2, adx, avx512f, avx512dq, avx512cd, avx512bw, avx512vl, sha, fma, vzeroupper, avx512_vpopcntdq, avx512_vpclmulqdq, avx512_vaes, avx512_vnni, clflush, clflushopt, clwb, avx512_vbmi2, avx512_vbmi, rdtscp, rdpid, fsrm, gfni, avx512_bitalg, f16c, pku, cet_ibt, cet_ss, avx512_ifma
Processor Information for processor 0
  Max Mhz: 2496, Current Mhz: 998, Mhz Limit: 2496
Processor Information for processor 1
  Max Mhz: 2496, Current Mhz: 2496, Mhz Limit: 2496
Processor Information for processor 2
  Max Mhz: 2496, Current Mhz: 998, Mhz Limit: 2496
Processor Information for processor 3
  Max Mhz: 2496, Current Mhz: 998, Mhz Limit: 2496
Processor Information for processor 4
  Max Mhz: 2496, Current Mhz: 2496, Mhz Limit: 2496
Processor Information for processor 5
  Max Mhz: 2496, Current Mhz: 2496, Mhz Limit: 2496
Processor Information for processor 6
  Max Mhz: 2496, Current Mhz: 998, Mhz Limit: 2496
Processor Information for processor 7
  Max Mhz: 2496, Current Mhz: 998, Mhz Limit: 2496

Memory: 4k page, system-wide physical 7900M (21M free)
TotalPageFile size 32476M (AvailPageFile size 34M)
current process WorkingSet (physical memory assigned to process): 10M, peak: 10M
current process commit charge ("private bytes"): 13M, peak: 14M

vm_info: Java HotSpot(TM) 64-Bit Server VM (22.0.2+9-70) for windows-amd64 JRE (22.0.2+9-70), built on 2024-06-04T16:52:23Z by "mach5one" with MS VC++ 17.6 (VS2022)

END.
