#
# There is insufficient memory for the Java Runtime Environment to continue.
# Native memory allocation (mmap) failed to map 65536 bytes. Error detail: Failed to commit metaspace.
# Possible reasons:
#   The system is out of physical RAM or swap space
#   This process is running with CompressedOops enabled, and the Java Heap may be blocking the growth of the native heap
# Possible solutions:
#   Reduce memory load on the system
#   Increase physical memory or swap space
#   Check if swap backing store is full
#   Decrease Java heap size (-Xmx/-Xms)
#   Decrease number of Java threads
#   Decrease Java thread stack sizes (-Xss)
#   Set larger code cache with -XX:ReservedCodeCacheSize=
#   JVM is running with Unscaled Compressed Oops mode in which the Java heap is
#     placed in the first 4GB address space. The Java Heap base address is the
#     maximum limit for the native heap growth. Please use -XX:HeapBaseMinAddress
#     to set the Java Heap base and to place the Java Heap above 4GB virtual address.
# This output file may be truncated or incomplete.
#
#  Out of Memory Error (virtualSpaceNode.cpp:112), pid=29840, tid=25264
#
# JRE version: Java(TM) SE Runtime Environment (22.0.2+9) (build 22.0.2+9-70)
# Java VM: Java HotSpot(TM) 64-Bit Server VM (22.0.2+9-70, mixed mode, sharing, tiered, compressed oops, compressed class ptrs, g1 gc, windows-amd64)
# No core dump will be written. Minidumps are not enabled by default on client versions of Windows
#

---------------  S U M M A R Y ------------

Command Line: -Xmx64m -Xms64m -Dorg.gradle.appname=gradlew org.gradle.wrapper.GradleWrapperMain app:installDebug -PreactNativeDevServerPort=8081

Host: 11th Gen Intel(R) Core(TM) i5-1155G7 @ 2.50GHz, 8 cores, 7G,  Windows 11 , 64 bit Build 22621 (10.0.22621.3958)
Time: Sat Nov  2 21:38:00 2024  Windows 11 , 64 bit Build 22621 (10.0.22621.3958) elapsed time: 46.991950 seconds (0d 0h 0m 46s)

---------------  T H R E A D  ---------------

Current thread (0x0000016801b03190):  JavaThread "main"             [_thread_in_vm, id=25264, stack(0x0000001b29200000,0x0000001b29300000) (1024K)]

Stack: [0x0000001b29200000,0x0000001b29300000]
Native frames: (J=compiled Java code, j=interpreted, Vv=VM code, C=native code)
V  [jvm.dll+0x6e26e9]  (no source info available)
V  [jvm.dll+0x875753]  (no source info available)
V  [jvm.dll+0x877b7e]  (no source info available)
V  [jvm.dll+0x878253]  (no source info available)
V  [jvm.dll+0x27fc86]  (no source info available)
V  [jvm.dll+0x87139e]  (no source info available)
V  [jvm.dll+0x685755]  (no source info available)
V  [jvm.dll+0x1e3cdc]  (no source info available)
V  [jvm.dll+0x1e3aae]  (no source info available)
V  [jvm.dll+0x6880a8]  (no source info available)
V  [jvm.dll+0x224f6c]  (no source info available)
V  [jvm.dll+0x68616e]  (no source info available)
V  [jvm.dll+0x690408]  (no source info available)
V  [jvm.dll+0x2151c1]  (no source info available)
V  [jvm.dll+0x21564a]  (no source info available)
V  [jvm.dll+0x216071]  (no source info available)
V  [jvm.dll+0x20b3ae]  (no source info available)
V  [jvm.dll+0x5c4a8f]  (no source info available)
V  [jvm.dll+0x7ec826]  (no source info available)
V  [jvm.dll+0x47ce96]  (no source info available)
V  [jvm.dll+0x482d48]  (no source info available)
C  [java.dll+0x17e4]  (no source info available)

Java frames: (J=compiled Java code, j=interpreted, Vv=VM code)
J 934  java.lang.ClassLoader.defineClass1(Ljava/lang/ClassLoader;Ljava/lang/String;[BIILjava/security/ProtectionDomain;Ljava/lang/String;)Ljava/lang/Class; java.base@22.0.2 (0 bytes) @ 0x0000016813b16991 [0x0000016813b168c0+0x00000000000000d1]
J 1090 c1 java.lang.ClassLoader.defineClass(Ljava/lang/String;[BIILjava/security/ProtectionDomain;)Ljava/lang/Class; java.base@22.0.2 (43 bytes) @ 0x000001680c1e0e74 [0x000001680c1e0b20+0x0000000000000354]
J 1087 c1 java.security.SecureClassLoader.defineClass(Ljava/lang/String;[BIILjava/security/CodeSource;)Ljava/lang/Class; java.base@22.0.2 (16 bytes) @ 0x000001680c1df99c [0x000001680c1df8c0+0x00000000000000dc]
J 1021 c1 java.net.URLClassLoader.defineClass(Ljava/lang/String;Ljdk/internal/loader/Resource;)Ljava/lang/Class; java.base@22.0.2 (224 bytes) @ 0x000001680c1c4214 [0x000001680c1c2800+0x0000000000001a14]
J 929 c1 java.net.URLClassLoader$1.run()Ljava/lang/Class; java.base@22.0.2 (81 bytes) @ 0x000001680c18c14c [0x000001680c18b540+0x0000000000000c0c]
J 829 c1 java.net.URLClassLoader$1.run()Ljava/lang/Object; java.base@22.0.2 (5 bytes) @ 0x000001680c15e354 [0x000001680c15e2c0+0x0000000000000094]
J 694 c1 java.security.AccessController.doPrivileged(Ljava/security/PrivilegedExceptionAction;Ljava/security/AccessControlContext;)Ljava/lang/Object; java.base@22.0.2 (26 bytes) @ 0x000001680c10c014 [0x000001680c10be20+0x00000000000001f4]
J 827 c1 java.net.URLClassLoader.findClass(Ljava/lang/String;)Ljava/lang/Class; java.base@22.0.2 (47 bytes) @ 0x000001680c15d624 [0x000001680c15d480+0x00000000000001a4]
J 800 c1 java.lang.ClassLoader.loadClass(Ljava/lang/String;Z)Ljava/lang/Class; java.base@22.0.2 (121 bytes) @ 0x000001680c1463a4 [0x000001680c145de0+0x00000000000005c4]
J 773 c1 java.lang.ClassLoader.loadClass(Ljava/lang/String;)Ljava/lang/Class; java.base@22.0.2 (7 bytes) @ 0x000001680c139f54 [0x000001680c139e40+0x0000000000000114]
v  ~StubRoutines::call_stub 0x000001681351100d
j  org.gradle.process.internal.DefaultExecHandle.start()Lorg/gradle/process/internal/ExecHandle;+122
j  org.gradle.launcher.daemon.client.DefaultDaemonStarter.startProcess(Ljava/util/List;Ljava/io/File;Ljava/io/File;Ljava/io/InputStream;)Lorg/gradle/launcher/daemon/diagnostics/DaemonStartupInfo;+61
j  org.gradle.launcher.daemon.client.DefaultDaemonStarter.startDaemon(Z)Lorg/gradle/launcher/daemon/diagnostics/DaemonStartupInfo;+835
j  org.gradle.launcher.daemon.client.DefaultDaemonConnector.doStartDaemon(Lorg/gradle/api/internal/specs/ExplainingSpec;Z)Lorg/gradle/launcher/daemon/client/DaemonClientConnection;+26
j  org.gradle.launcher.daemon.client.DefaultDaemonConnector.startDaemon(Lorg/gradle/api/internal/specs/ExplainingSpec;)Lorg/gradle/launcher/daemon/client/DaemonClientConnection;+3
j  org.gradle.launcher.daemon.client.DaemonClient.execute(Lorg/gradle/internal/invocation/BuildAction;Lorg/gradle/launcher/exec/BuildActionParameters;Lorg/gradle/internal/daemon/client/execution/ClientBuildRequestContext;)Lorg/gradle/launcher/exec/BuildActionResult;+201
j  org.gradle.launcher.daemon.client.DaemonClient.execute(Lorg/gradle/internal/invocation/BuildAction;Ljava/lang/Object;Ljava/lang/Object;)Lorg/gradle/launcher/exec/BuildActionResult;+10
j  org.gradle.launcher.cli.RunBuildAction.run()V+67
j  org.gradle.internal.Actions$RunnableActionAdapter.execute(Ljava/lang/Object;)V+4
j  org.gradle.launcher.cli.DefaultCommandLineActionFactory$ParseAndBuildAction.execute(Lorg/gradle/launcher/bootstrap/ExecutionListener;)V+125
j  org.gradle.launcher.cli.DefaultCommandLineActionFactory$ParseAndBuildAction.execute(Ljava/lang/Object;)V+5
j  org.gradle.launcher.cli.DebugLoggerWarningAction.execute(Lorg/gradle/launcher/bootstrap/ExecutionListener;)V+9
j  org.gradle.launcher.cli.DebugLoggerWarningAction.execute(Ljava/lang/Object;)V+5
j  org.gradle.launcher.cli.WelcomeMessageAction.execute(Lorg/gradle/launcher/bootstrap/ExecutionListener;)V+218
j  org.gradle.launcher.cli.WelcomeMessageAction.execute(Ljava/lang/Object;)V+5
j  org.gradle.launcher.cli.NativeServicesInitializingAction.execute(Lorg/gradle/launcher/bootstrap/ExecutionListener;)V+38
j  org.gradle.launcher.cli.NativeServicesInitializingAction.execute(Ljava/lang/Object;)V+5
j  org.gradle.launcher.cli.ExceptionReportingAction.execute(Lorg/gradle/launcher/bootstrap/ExecutionListener;)V+5
j  org.gradle.launcher.cli.ExceptionReportingAction.execute(Ljava/lang/Object;)V+5
j  org.gradle.launcher.cli.DefaultCommandLineActionFactory$WithLogging.execute(Lorg/gradle/launcher/bootstrap/ExecutionListener;)V+309
j  org.gradle.launcher.Main.doAction([Ljava/lang/String;Lorg/gradle/launcher/bootstrap/ExecutionListener;)V+14
j  org.gradle.launcher.bootstrap.EntryPoint.run([Ljava/lang/String;)V+12
j  java.lang.invoke.DirectMethodHandle$Holder.invokeVirtual(Ljava/lang/Object;Ljava/lang/Object;Ljava/lang/Object;)V+11 java.base@22.0.2
j  java.lang.invoke.LambdaForm$MH+0x000001681f012800.invoke(Ljava/lang/Object;Ljava/lang/Object;Ljava/lang/Object;)Ljava/lang/Object;+52 java.base@22.0.2
j  java.lang.invoke.Invokers$Holder.invokeExact_MT(Ljava/lang/Object;Ljava/lang/Object;Ljava/lang/Object;Ljava/lang/Object;)Ljava/lang/Object;+20 java.base@22.0.2
j  jdk.internal.reflect.DirectMethodHandleAccessor.invokeImpl(Ljava/lang/Object;[Ljava/lang/Object;)Ljava/lang/Object;+55 java.base@22.0.2
j  jdk.internal.reflect.DirectMethodHandleAccessor.invoke(Ljava/lang/Object;[Ljava/lang/Object;)Ljava/lang/Object;+23 java.base@22.0.2
j  java.lang.reflect.Method.invoke(Ljava/lang/Object;[Ljava/lang/Object;)Ljava/lang/Object;+102 java.base@22.0.2
j  org.gradle.launcher.bootstrap.ProcessBootstrap.runNoExit(Ljava/lang/String;Ljava/lang/String;Ljava/lang/String;[Ljava/lang/String;)V+205
j  org.gradle.launcher.bootstrap.ProcessBootstrap.run(Ljava/lang/String;Ljava/lang/String;Ljava/lang/String;[Ljava/lang/String;)V+4
j  org.gradle.launcher.GradleMain.main([Ljava/lang/String;)V+68
j  java.lang.invoke.LambdaForm$DMH+0x000001681f004400.invokeStatic(Ljava/lang/Object;Ljava/lang/Object;)V+10 java.base@22.0.2
j  java.lang.invoke.LambdaForm$MH+0x000001681f008000.invoke(Ljava/lang/Object;Ljava/lang/Object;Ljava/lang/Object;)Ljava/lang/Object;+33 java.base@22.0.2
j  java.lang.invoke.Invokers$Holder.invokeExact_MT(Ljava/lang/Object;Ljava/lang/Object;Ljava/lang/Object;Ljava/lang/Object;)Ljava/lang/Object;+20 java.base@22.0.2
j  jdk.internal.reflect.DirectMethodHandleAccessor.invokeImpl(Ljava/lang/Object;[Ljava/lang/Object;)Ljava/lang/Object;+55 java.base@22.0.2
j  jdk.internal.reflect.DirectMethodHandleAccessor.invoke(Ljava/lang/Object;[Ljava/lang/Object;)Ljava/lang/Object;+23 java.base@22.0.2
j  java.lang.reflect.Method.invoke(Ljava/lang/Object;[Ljava/lang/Object;)Ljava/lang/Object;+102 java.base@22.0.2
j  org.gradle.wrapper.GradleWrapperMain.main([Ljava/lang/String;)V+1826
v  ~StubRoutines::call_stub 0x000001681351100d

Compiled method (n/a) 47171  934     n 0       java.lang.ClassLoader::defineClass1 (native)
 total in heap  [0x0000016813b16710,0x0000016813b16e70] = 1888
 relocation     [0x0000016813b16868,0x0000016813b168a8] = 64
 main code      [0x0000016813b168c0,0x0000016813b16e6f] = 1455
 stub code      [0x0000016813b16e6f,0x0000016813b16e70] = 1

[Constant Pool (empty)]

[MachCode]
[Entry Point]
  # {method} {0x000001681e3ff260} 'defineClass1' '(Ljava/lang/ClassLoader;Ljava/lang/String;[BIILjava/security/ProtectionDomain;Ljava/lang/String;)Ljava/lang/Class;' in 'java/lang/ClassLoader'
  # parm0:    rdx:rdx   = 'java/lang/ClassLoader'
  # parm1:    r8:r8     = 'java/lang/String'
  # parm2:    r9:r9     = '[B'
  # parm3:    rdi       = int
  # parm4:    rsi       = int
  # parm5:    rcx:rcx   = 'java/security/ProtectionDomain'
  # parm6:    [sp+0xa0]   = 'java/lang/String'  (sp of caller)
  0x0000016813b168c0: 448b 5208 | 49bb 0000 | 001e 6801 | 0000 4d03 | d349 3bc2 | 0f84 0600 

  0x0000016813b168d8: ;   {runtime_call ic_miss_stub}
  0x0000016813b168d8: 0000 e9a1 | 80a4 ff90 
[Verified Entry Point]
  0x0000016813b168e0: 8984 2400 | 80ff ff55 | 488b ec48 | 81ec 9000 | 0000 6690 | 4181 7f20 | 0100 0000 

  0x0000016813b168fc: ;   {runtime_call StubRoutines (final stubs)}
  0x0000016813b168fc: 7405 e87d | 01a3 ff48 | 837d 1000 | 488d 4510 | 480f 4445 | 1048 8944 | 2440 4889 | 4c24 7048 
  0x0000016813b1691c: 83f9 0048 | 8d44 2470 | 480f 4444 | 2470 4889 | 4424 3848 | 8974 2430 | 4889 7c24 | 284c 894c 
  0x0000016813b1693c: 2458 4983 | f900 488d | 4424 5848 | 0f44 4424 | 5848 8944 | 2420 4c89 | 4424 5049 | 83f8 004c 
  0x0000016813b1695c: 8d4c 2450 | 4c0f 444c | 2450 4889 | 5424 4848 | 83fa 004c | 8d44 2448 | 4c0f 4444 

  0x0000016813b16978: ;   {oop(a 'java/lang/Class'{0x00000000fc6d9c20} = 'java/lang/ClassLoader')}
  0x0000016813b16978: 2448 49be | 209c 6dfc | 0000 0000 | 4c89 7424 | 784c 8d74 | 2478 498b | d6c5 f877 

  0x0000016813b16994: ;   {internal_word}
  0x0000016813b16994: 49ba 9169 | b113 6801 | 0000 4d89 | 97a8 0300 | 0049 89a7 | a003 0000 

  0x0000016813b169ac: ;   {external_word}
  0x0000016813b169ac: 49ba 6c40 | 353a fa7f | 0000 4180 | 3a00 0f84 | 4e00 0000 | 5241 5041 

  0x0000016813b169c4: ;   {metadata({method} {0x000001681e3ff260} 'defineClass1' '(Ljava/lang/ClassLoader;Ljava/lang/String;[BIILjava/security/ProtectionDomain;Ljava/lang/String;)Ljava/lang/Class;' in 'java/lang/ClassLoader')}
  0x0000016813b169c4: 5148 ba58 | f23f 1e68 | 0100 0049 | 8bcf 4883 | ec20 40f6 | c40f 0f84 | 1900 0000 | 4883 ec08 
  0x0000016813b169e4: ;   {runtime_call}
  0x0000016813b169e4: 48b8 80b9 | e539 fa7f | 0000 ffd0 | 4883 c408 | e90c 0000 

  0x0000016813b169f8: ;   {runtime_call}
  0x0000016813b169f8: 0048 b880 | b9e5 39fa | 7f00 00ff | d048 83c4 | 2041 5941 | 585a 498d | 8fc0 0300 | 0041 c787 
  0x0000016813b16a18: 5404 0000 | 0400 0000 

  0x0000016813b16a20: ;   {runtime_call}
  0x0000016813b16a20: 48b8 a416 | 744e fa7f | 0000 ffd0 | c5f8 7741 | c787 5404 | 0000 0500 | 0000 f083 | 4424 c000 
  0x0000016813b16a40: 493b af58 | 0400 000f | 870e 0000 | 0041 83bf | 5004 0000 | 000f 842b | 0000 00c5 | f877 4889 
  0x0000016813b16a60: 45f8 498b | cf4c 8be4 | 4883 ec20 | 4883 e4f0 

  0x0000016813b16a70: ;   {runtime_call}
  0x0000016813b16a70: 48b8 4023 | b039 fa7f | 0000 ffd0 | 498b e44d | 33e4 488b | 45f8 41c7 | 8754 0400 | 0008 0000 
  0x0000016813b16a90: 0041 83bf | d004 0000 | 020f 84a3 

  0x0000016813b16a9c: ;   {external_word}
  0x0000016813b16a9c: 0300 0049 | ba6c 4035 | 3afa 7f00 | 0041 803a | 000f 844c | 0000 0048 

  0x0000016813b16ab4: ;   {metadata({method} {0x000001681e3ff260} 'defineClass1' '(Ljava/lang/ClassLoader;Ljava/lang/String;[BIILjava/security/ProtectionDomain;Ljava/lang/String;)Ljava/lang/Class;' in 'java/lang/ClassLoader')}
  0x0000016813b16ab4: 8945 f848 | ba58 f23f | 1e68 0100 | 0049 8bcf | 4883 ec20 | 40f6 c40f | 0f84 1900 | 0000 4883 
  0x0000016813b16ad4: ;   {runtime_call}
  0x0000016813b16ad4: ec08 48b8 | 80b9 e539 | fa7f 0000 | ffd0 4883 | c408 e90c 

  0x0000016813b16ae8: ;   {runtime_call}
  0x0000016813b16ae8: 0000 0048 | b880 b9e5 | 39fa 7f00 | 00ff d048 | 83c4 2048 | 8b45 f849 | c787 a003 | 0000 0000 
  0x0000016813b16b08: 0000 49c7 | 87a8 0300 | 0000 0000 | 00c5 f877 | 4885 c00f | 84fe 0200 | 00a8 030f | 8508 0000 
  0x0000016813b16b28: 0048 8b00 | e9ee 0200 | 00a8 010f | 8509 0000 | 0048 8b40 | fee9 dd02 | 0000 488b | 40ff 4180 
  0x0000016813b16b48: 7f38 000f | 84ce 0200 | 0048 83f8 | 000f 84c4 | 0200 0049 | 8b4f 2848 | 83f9 000f | 8414 0000 
  0x0000016813b16b68: 0048 83e9 | 0849 894f | 2849 034f | 3048 8901 | e9a2 0200 | 0048 81ec | 5001 0000 | 4889 0424 
  0x0000016813b16b88: 4889 4c24 | 0848 8954 | 2410 4889 | 7424 1848 | 897c 2420 | 4c89 4424 | 284c 894c | 2430 4c89 
  0x0000016813b16ba8: 5424 384c | 895c 2440 | c5fb 1144 | 2450 c5fb | 114c 2458 | c5fb 1154 | 2460 c5fb | 115c 2468 
  0x0000016813b16bc8: c5fb 1164 | 2470 c5fb | 116c 2478 | c5fb 11b4 | 2480 0000 | 00c5 fb11 | bc24 8800 | 0000 c57b 
  0x0000016813b16be8: ;   {no_reloc}
  0x0000016813b16be8: 1184 2490 | 0000 00c5 | 7b11 8c24 | 9800 0000 | c57b 1194 | 24a0 0000 | 00c5 7b11 | 9c24 a800 
  0x0000016813b16c08: 0000 c57b | 11a4 24b0 | 0000 00c5 | 7b11 ac24 | b800 0000 | c57b 11b4 | 24c0 0000 | 00c5 7b11 
  0x0000016813b16c28: bc24 c800 | 0000 62e1 | ff08 1144 | 241a 62e1 | ff08 114c | 241b 62e1 | ff08 1154 | 241c 62e1 
  0x0000016813b16c48: ff08 115c | 241d 62e1 | ff08 1164 | 241e 62e1 | ff08 116c | 241f 62e1 | ff08 1174 | 2420 62e1 
  0x0000016813b16c68: ff08 117c | 2421 6261 | ff08 1144 | 2422 6261 | ff08 114c | 2423 6261 | ff08 1154 | 2424 6261 
  0x0000016813b16c88: ff08 115c | 2425 6261 | ff08 1164 | 2426 6261 | ff08 116c | 2427 6261 | ff08 1174 | 2428 6261 
  0x0000016813b16ca8: ff08 117c | 2429 498b | d748 8bc8 | 4883 ec20 | 40f6 c40f | 0f84 1900 | 0000 4883 

  0x0000016813b16cc4: ;   {runtime_call}
  0x0000016813b16cc4: ec08 48b8 | 303f a339 | fa7f 0000 | ffd0 4883 | c408 e90c 

  0x0000016813b16cd8: ;   {runtime_call}
  0x0000016813b16cd8: 0000 0048 | b830 3fa3 | 39fa 7f00 | 00ff d048 | 83c4 2062 | 61ff 0810 | 7c24 2962 | 61ff 0810 
  0x0000016813b16cf8: 7424 2862 | 61ff 0810 | 6c24 2762 | 61ff 0810 | 6424 2662 | 61ff 0810 | 5c24 2562 | 61ff 0810 
  0x0000016813b16d18: 5424 2462 | 61ff 0810 | 4c24 2362 | 61ff 0810 | 4424 2262 | e1ff 0810 | 7c24 2162 | e1ff 0810 
  0x0000016813b16d38: 7424 2062 | e1ff 0810 | 6c24 1f62 | e1ff 0810 | 6424 1e62 | e1ff 0810 | 5c24 1d62 | e1ff 0810 
  0x0000016813b16d58: 5424 1c62 | e1ff 0810 | 4c24 1b62 | e1ff 0810 | 4424 1ac5 | 7b10 bc24 | c800 0000 | c57b 10b4 
  0x0000016813b16d78: 24c0 0000 | 00c5 7b10 | ac24 b800 | 0000 c57b | 10a4 24b0 | 0000 00c5 | 7b10 9c24 | a800 0000 
  0x0000016813b16d98: c57b 1094 | 24a0 0000 | 00c5 7b10 | 8c24 9800 | 0000 c57b | 1084 2490 | 0000 00c5 | fb10 bc24 
  0x0000016813b16db8: 8800 0000 | c5fb 10b4 | 2480 0000 | 00c5 fb10 | 6c24 78c5 | fb10 6424 | 70c5 fb10 | 5c24 68c5 
  0x0000016813b16dd8: ;   {no_reloc}
  0x0000016813b16dd8: fb10 5424 | 60c5 fb10 | 4c24 58c5 | fb10 4424 | 504c 8b5c | 2440 4c8b | 5424 384c | 8b4c 2430 
  0x0000016813b16df8: 4c8b 4424 | 2848 8b7c | 2420 488b | 7424 1848 | 8b54 2410 | 488b 4c24 | 0848 8b04 | 2448 81c4 
  0x0000016813b16e18: 5001 0000 | c5f8 7749 | 8b8f 3004 | 0000 c781 | 0001 0000 | 0000 0000 | c949 837f | 0800 0f85 
  0x0000016813b16e38: 0100 0000 

  0x0000016813b16e3c: ;   {runtime_call StubRoutines (initial stubs)}
  0x0000016813b16e3c: c3e9 bea0 | 9fff c5f8 | 7748 8945 | f84c 8be4 | 4883 ec20 | 4883 e4f0 

  0x0000016813b16e54: ;   {runtime_call}
  0x0000016813b16e54: 48b8 d0f1 | e539 fa7f | 0000 ffd0 | 498b e44d | 33e4 488b | 45f8 e930 | fcff fff4 
[/MachCode]


Compiled method (c1) 47207 1090       3       java.lang.ClassLoader::defineClass (43 bytes)
 total in heap  [0x000001680c1e0910,0x000001680c1e1260] = 2384
 relocation     [0x000001680c1e0a68,0x000001680c1e0b08] = 160
 main code      [0x000001680c1e0b20,0x000001680c1e0fb8] = 1176
 stub code      [0x000001680c1e0fb8,0x000001680c1e1030] = 120
 metadata       [0x000001680c1e1030,0x000001680c1e1060] = 48
 scopes data    [0x000001680c1e1060,0x000001680c1e1150] = 240
 scopes pcs     [0x000001680c1e1150,0x000001680c1e1230] = 224
 dependencies   [0x000001680c1e1230,0x000001680c1e1238] = 8
 nul chk table  [0x000001680c1e1238,0x000001680c1e1260] = 40

[Constant Pool (empty)]

[MachCode]
[Entry Point]
  # {method} {0x000001681e3ff5e0} 'defineClass' '(Ljava/lang/String;[BIILjava/security/ProtectionDomain;)Ljava/lang/Class;' in 'java/lang/ClassLoader'
  # this:     rdx:rdx   = 'java/lang/ClassLoader'
  # parm0:    r8:r8     = 'java/lang/String'
  # parm1:    r9:r9     = '[B'
  # parm2:    rdi       = int
  # parm3:    rsi       = int
  # parm4:    rcx:rcx   = 'java/security/ProtectionDomain'
  #           [sp+0xc0]  (sp of caller)
  0x000001680c1e0b20: 448b 5208 | 49bb 0000 | 001e 6801 | 0000 4d03 | d34c 3bd0 

  0x000001680c1e0b34: ;   {runtime_call ic_miss_stub}
  0x000001680c1e0b34: 0f85 46de | 3707 660f | 1f44 0000 
[Verified Entry Point]
  0x000001680c1e0b40: 8984 2400 | 80ff ff55 | 4881 ecb0 | 0000 0090 | 4181 7f20 | 0100 0000 

  0x000001680c1e0b58: ;   {runtime_call StubRoutines (final stubs)}
  0x000001680c1e0b58: 7405 e821 | 5f36 0748 | 8954 2478 

  0x000001680c1e0b64: ;   {metadata(method data for {method} {0x000001681e3ff5e0} 'defineClass' '(Ljava/lang/String;[BIILjava/security/ProtectionDomain;)Ljava/lang/Class;' in 'java/lang/ClassLoader')}
  0x000001680c1e0b64: 48bb 0007 | 1e5f 6801 | 0000 8b83 | cc00 0000 | 83c0 0289 | 83cc 0000 | 0025 fe07 | 0000 85c0 
  0x000001680c1e0b84: 0f84 5003 | 0000 89b4 | 2494 0000 | 0089 bc24 | 9000 0000 | 4c89 8c24 | 8800 0000 

  0x000001680c1e0ba0: ;   {metadata(method data for {method} {0x000001681e3ff5e0} 'defineClass' '(Ljava/lang/String;[BIILjava/security/ProtectionDomain;)Ljava/lang/Class;' in 'java/lang/ClassLoader')}
  0x000001680c1e0ba0: 488b da48 | b800 071e | 5f68 0100 | 0048 8380 | 1801 0000 | 0149 8bd8 | 4c8b c34c | 8bc9 488b 
  0x000001680c1e0bc0: ca48 8bd1 | 4889 9c24 | 8000 0000 

  0x000001680c1e0bcc: ;   {optimized virtual_call}
  0x000001680c1e0bcc: 6666 90e8 

  0x000001680c1e0bd0: ; ImmutableOopMap {[120]=Oop [128]=Oop [136]=Oop }
                      ;*invokevirtual preDefineClass {reexecute=0 rethrow=0 return_oop=0}
                      ; - java.lang.ClassLoader::defineClass@4 (line 1021)
  0x000001680c1e0bd0: 4c0a 0000 

  0x000001680c1e0bd4: ;   {other}
  0x000001680c1e0bd4: 0f1f 8400 | c402 0000 | 4889 8424 | 9800 0000 | 488b 5424 

  0x000001680c1e0be8: ;   {metadata(method data for {method} {0x000001681e3ff5e0} 'defineClass' '(Ljava/lang/String;[BIILjava/security/ProtectionDomain;)Ljava/lang/Class;' in 'java/lang/ClassLoader')}
  0x000001680c1e0be8: 7849 b800 | 071e 5f68 | 0100 0049 | 8380 4801 

  0x000001680c1e0bf8: ;   {metadata(method data for {method} {0x000001681e3ff2c8} 'defineClassSourceLocation' '(Ljava/security/ProtectionDomain;)Ljava/lang/String;' in 'java/lang/ClassLoader')}
  0x000001680c1e0bf8: 0000 0149 | b8f0 111e | 5f68 0100 | 0041 8b90 | cc00 0000 | 83c2 0241 | 8990 cc00 | 0000 81e2 
  0x000001680c1e0c18: feff 1f00 | 85d2 0f84 | d702 0000 

  0x000001680c1e0c24: ; implicit exception: dispatches to 0x000001680c1e0f1c
  0x000001680c1e0c24: 483b 004c 

  0x000001680c1e0c28: ;   {metadata(method data for {method} {0x000001681e3ff2c8} 'defineClassSourceLocation' '(Ljava/security/ProtectionDomain;)Ljava/lang/String;' in 'java/lang/ClassLoader')}
  0x000001680c1e0c28: 8bc0 48ba | f011 1e5f | 6801 0000 | 4883 8218 | 0100 0001 | 448b 4010 

  0x000001680c1e0c40: ;   {metadata(method data for {method} {0x000001681e3ff2c8} 'defineClassSourceLocation' '(Ljava/security/ProtectionDomain;)Ljava/lang/String;' in 'java/lang/ClassLoader')}
  0x000001680c1e0c40: 4d85 c048 | baf0 111e | 5f68 0100 | 0048 c7c6 | 5801 0000 | 7507 48c7 | c648 0100 | 0048 8b3c 
  0x000001680c1e0c60: 3248 8d7f | 0148 893c | 320f 850f 

  0x000001680c1e0c6c: ;   {oop(nullptr)}
  0x000001680c1e0c6c: 0000 0048 | bb00 0000 | 0000 0000 | 00e9 a101 | 0000 493b | 0049 8bd0 

  0x000001680c1e0c84: ;   {metadata(method data for {method} {0x000001681e3ff2c8} 'defineClassSourceLocation' '(Ljava/security/ProtectionDomain;)Ljava/lang/String;' in 'java/lang/ClassLoader')}
  0x000001680c1e0c84: 48be f011 | 1e5f 6801 | 0000 4883 | 8668 0100 | 0001 418b | 500c 4885 

  0x000001680c1e0c9c: ;   {metadata(method data for {method} {0x000001681e3ff2c8} 'defineClassSourceLocation' '(Ljava/security/ProtectionDomain;)Ljava/lang/String;' in 'java/lang/ClassLoader')}
  0x000001680c1e0c9c: d248 bef0 | 111e 5f68 | 0100 0048 | c7c7 a801 | 0000 7507 | 48c7 c798 | 0100 0048 | 8b1c 3e48 
  0x000001680c1e0cbc: 8d5b 0148 | 891c 3e0f | 850f 0000 

  0x000001680c1e0cc8: ;   {oop(nullptr)}
  0x000001680c1e0cc8: 0048 bb00 | 0000 0000 | 0000 00e9 | 4701 0000 

  0x000001680c1e0cd8: ;   {metadata(method data for {method} {0x000001681e3ff2c8} 'defineClassSourceLocation' '(Ljava/security/ProtectionDomain;)Ljava/lang/String;' in 'java/lang/ClassLoader')}
  0x000001680c1e0cd8: 48be f011 | 1e5f 6801 | 0000 4883 | 86b8 0100 | 0001 483b | 024c 8bc2 

  0x000001680c1e0cf0: ;   {metadata(method data for {method} {0x000001681e3ff2c8} 'defineClassSourceLocation' '(Ljava/security/ProtectionDomain;)Ljava/lang/String;' in 'java/lang/ClassLoader')}
  0x000001680c1e0cf0: 48be f011 | 1e5f 6801 | 0000 4883 | 86e8 0100 

  0x000001680c1e0d00: ;   {metadata(method data for {method} {0x000001681e01a690} 'toString' '()Ljava/lang/String;' in 'java/net/URL')}
  0x000001680c1e0d00: 0001 49b8 | 6873 145f | 6801 0000 | 418b b0cc | 0000 0083 | c602 4189 | b0cc 0000 | 0081 e6fe 
  0x000001680c1e0d20: ff1f 0085 | f60f 8400 | 0200 004c 

  0x000001680c1e0d2c: ;   {metadata(method data for {method} {0x000001681e01a690} 'toString' '()Ljava/lang/String;' in 'java/net/URL')}
  0x000001680c1e0d2c: 8bc2 48be | 6873 145f | 6801 0000 | 4883 8618 | 0100 0001 

  0x000001680c1e0d40: ;   {metadata(method data for {method} {0x000001681e3f3ec0} 'toExternalForm' '()Ljava/lang/String;' in 'java/net/URL')}
  0x000001680c1e0d40: 49b8 f074 | 145f 6801 | 0000 418b | b0cc 0000 | 0083 c602 | 4189 b0cc | 0000 0081 | e6fe ff1f 
  0x000001680c1e0d60: 0085 f60f | 84e3 0100 | 008b 7238 

  0x000001680c1e0d6c: ; implicit exception: dispatches to 0x000001680c1e0f6d
  0x000001680c1e0d6c: 483b 064c 

  0x000001680c1e0d70: ;   {metadata(method data for {method} {0x000001681e3f3ec0} 'toExternalForm' '()Ljava/lang/String;' in 'java/net/URL')}
  0x000001680c1e0d70: 8bc6 48bf | f074 145f | 6801 0000 | 458b 4008 | 49ba 0000 | 001e 6801 | 0000 4d03 | c24c 3b87 
  0x000001680c1e0d90: 2001 0000 | 750d 4883 | 8728 0100 | 0001 e960 | 0000 004c | 3b87 3001 | 0000 750d | 4883 8738 
  0x000001680c1e0db0: 0100 0001 | e94a 0000 | 0048 83bf | 2001 0000 | 0075 174c | 8987 2001 | 0000 48c7 | 8728 0100 
  0x000001680c1e0dd0: 0001 0000 | 00e9 2900 | 0000 4883 | bf30 0100 | 0000 7517 | 4c89 8730 | 0100 0048 | c787 3801 
  0x000001680c1e0df0: 0000 0100 | 0000 e908 | 0000 0048 | 8387 1801 | 0000 014c | 8bc2 488b | d666 0f1f 

  0x000001680c1e0e0c: ;   {optimized virtual_call}
  0x000001680c1e0e0c: 4400 00e8 

  0x000001680c1e0e10: ; ImmutableOopMap {[120]=Oop [128]=Oop [136]=Oop [152]=Oop }
                      ;*invokevirtual toExternalForm {reexecute=0 rethrow=0 return_oop=0}
                      ; - java.net.URL::toExternalForm@5 (line 1203)
                      ; - java.net.URL::toString@1 (line 1189)
                      ; - java.lang.ClassLoader::defineClassSourceLocation@22 (line 925)
                      ; - java.lang.ClassLoader::defineClass@12 (line 1022)
  0x000001680c1e0e10: 0c18 f9ff 

  0x000001680c1e0e14: ;   {other}
  0x000001680c1e0e14: 0f1f 8400 | 0405 0001 | 488b d848 | 8b84 2498 | 0000 008b | b424 9400 | 0000 8bbc | 2490 0000 
  0x000001680c1e0e34: 004c 8b8c | 2488 0000 | 004c 8b84 | 2480 0000 | 0048 8b54 

  0x000001680c1e0e48: ;   {metadata(method data for {method} {0x000001681e3ff5e0} 'defineClass' '(Ljava/lang/String;[BIILjava/security/ProtectionDomain;)Ljava/lang/Class;' in 'java/lang/ClassLoader')}
  0x000001680c1e0e48: 2478 48b9 | 0007 1e5f | 6801 0000 | 4883 8178 | 0100 0001 | 4c8b da49 | 8bd3 488b | c848 891c 
  0x000001680c1e0e68: 2466 0f1f 

  0x000001680c1e0e6c: ;   {static_call}
  0x000001680c1e0e6c: 4400 00e8 

  0x000001680c1e0e70: ; ImmutableOopMap {[120]=Oop [152]=Oop }
                      ;*invokestatic defineClass1 {reexecute=0 rethrow=0 return_oop=0}
                      ; - java.lang.ClassLoader::defineClass@27 (line 1023)
  0x000001680c1e0e70: 6c5a 9307 

  0x000001680c1e0e74: ;   {other}
  0x000001680c1e0e74: 0f1f 8400 | 6405 0002 | 488b 5424 

  0x000001680c1e0e80: ;   {metadata(method data for {method} {0x000001681e3ff5e0} 'defineClass' '(Ljava/lang/String;[BIILjava/security/ProtectionDomain;)Ljava/lang/Class;' in 'java/lang/ClassLoader')}
  0x000001680c1e0e80: 7849 b800 | 071e 5f68 | 0100 0049 | 8380 8801 | 0000 014c | 8bc0 4c8b | 8c24 9800 | 0000 488b 
  0x000001680c1e0ea0: 5424 7848 | 8984 24a0 | 0000 000f 

  0x000001680c1e0eac: ;   {optimized virtual_call}
  0x000001680c1e0eac: 1f40 00e8 

  0x000001680c1e0eb0: ; ImmutableOopMap {[160]=Oop }
                      ;*invokevirtual postDefineClass {reexecute=0 rethrow=0 return_oop=0}
                      ; - java.lang.ClassLoader::defineClass@37 (line 1024)
  0x000001680c1e0eb0: ec3f 0000 

  0x000001680c1e0eb4: ;   {other}
  0x000001680c1e0eb4: 0f1f 8400 | a405 0003 | 488b 8424 | a000 0000 | 4881 c4b0 | 0000 005d 

  0x000001680c1e0ecc: ;   {poll_return}
  0x000001680c1e0ecc: 493b a758 | 0400 000f | 8799 0000 

  0x000001680c1e0ed8: ;   {metadata({method} {0x000001681e3ff5e0} 'defineClass' '(Ljava/lang/String;[BIILjava/security/ProtectionDomain;)Ljava/lang/Class;' in 'java/lang/ClassLoader')}
  0x000001680c1e0ed8: 00c3 49ba | d8f5 3f1e | 6801 0000 | 4c89 5424 | 0848 c704 | 24ff ffff 

  0x000001680c1e0ef0: ;   {runtime_call counter_overflow Runtime1 stub}
  0x000001680c1e0ef0: ffe8 0a45 

  0x000001680c1e0ef4: ; ImmutableOopMap {rdx=Oop r8=Oop r9=Oop rcx=Oop [120]=Oop }
                      ;*synchronization entry
                      ; - java.lang.ClassLoader::defineClass@-1 (line 1021)
  0x000001680c1e0ef4: 4607 e98f 

  0x000001680c1e0ef8: ;   {metadata({method} {0x000001681e3ff2c8} 'defineClassSourceLocation' '(Ljava/security/ProtectionDomain;)Ljava/lang/String;' in 'java/lang/ClassLoader')}
  0x000001680c1e0ef8: fcff ff49 | bac0 f23f | 1e68 0100 | 004c 8954 | 2408 48c7 | 0424 ffff 

  0x000001680c1e0f10: ;   {runtime_call counter_overflow Runtime1 stub}
  0x000001680c1e0f10: ffff e8e9 

  0x000001680c1e0f14: ; ImmutableOopMap {rax=Oop [120]=Oop [128]=Oop [136]=Oop [152]=Oop }
                      ;*synchronization entry
                      ; - java.lang.ClassLoader::defineClassSourceLocation@-1 (line 922)
                      ; - java.lang.ClassLoader::defineClass@12 (line 1022)
  0x000001680c1e0f14: 4446 07e9 | 08fd ffff 

  0x000001680c1e0f1c: ;   {runtime_call throw_null_pointer_exception Runtime1 stub}
  0x000001680c1e0f1c: e87f dc45 

  0x000001680c1e0f20: ; ImmutableOopMap {rax=Oop [120]=Oop [128]=Oop [136]=Oop [152]=Oop }
                      ;*invokevirtual getCodeSource {reexecute=0 rethrow=0 return_oop=0}
                      ; - java.lang.ClassLoader::defineClassSourceLocation@1 (line 922)
                      ; - java.lang.ClassLoader::defineClass@12 (line 1022)
                      ;   {runtime_call throw_null_pointer_exception Runtime1 stub}
  0x000001680c1e0f20: 07e8 7adc 

  0x000001680c1e0f24: ; ImmutableOopMap {rax=Oop r8=Oop [120]=Oop [128]=Oop [136]=Oop [152]=Oop }
                      ;*invokevirtual getLocation {reexecute=0 rethrow=0 return_oop=0}
                      ; - java.lang.ClassLoader::defineClassSourceLocation@12 (line 924)
                      ; - java.lang.ClassLoader::defineClass@12 (line 1022)
                      ;   {runtime_call throw_null_pointer_exception Runtime1 stub}
  0x000001680c1e0f24: 4507 e875 

  0x000001680c1e0f28: ; ImmutableOopMap {rdx=Oop [120]=Oop [128]=Oop [136]=Oop [152]=Oop }
                      ;*invokevirtual toString {reexecute=0 rethrow=0 return_oop=0}
                      ; - java.lang.ClassLoader::defineClassSourceLocation@22 (line 925)
                      ; - java.lang.ClassLoader::defineClass@12 (line 1022)
                      ;   {metadata({method} {0x000001681e01a690} 'toString' '()Ljava/lang/String;' in 'java/net/URL')}
  0x000001680c1e0f28: dc45 0749 | ba88 a601 | 1e68 0100 | 004c 8954 | 2408 48c7 | 0424 ffff 

  0x000001680c1e0f40: ;   {runtime_call counter_overflow Runtime1 stub}
  0x000001680c1e0f40: ffff e8b9 

  0x000001680c1e0f44: ; ImmutableOopMap {rdx=Oop [120]=Oop [128]=Oop [136]=Oop [152]=Oop }
                      ;*synchronization entry
                      ; - java.net.URL::toString@-1 (line 1189)
                      ; - java.lang.ClassLoader::defineClassSourceLocation@22 (line 925)
                      ; - java.lang.ClassLoader::defineClass@12 (line 1022)
  0x000001680c1e0f44: 4446 07e9 | dffd ffff 

  0x000001680c1e0f4c: ;   {metadata({method} {0x000001681e3f3ec0} 'toExternalForm' '()Ljava/lang/String;' in 'java/net/URL')}
  0x000001680c1e0f4c: 49ba b83e | 3f1e 6801 | 0000 4c89 | 5424 0848 | c704 24ff 

  0x000001680c1e0f60: ;   {runtime_call counter_overflow Runtime1 stub}
  0x000001680c1e0f60: ffff ffe8 

  0x000001680c1e0f64: ; ImmutableOopMap {rdx=Oop [120]=Oop [128]=Oop [136]=Oop [152]=Oop }
                      ;*synchronization entry
                      ; - java.net.URL::toExternalForm@-1 (line 1203)
                      ; - java.net.URL::toString@1 (line 1189)
                      ; - java.lang.ClassLoader::defineClassSourceLocation@22 (line 925)
                      ; - java.lang.ClassLoader::defineClass@12 (line 1022)
  0x000001680c1e0f64: 9844 4607 | e9fc fdff 

  0x000001680c1e0f6c: ;   {runtime_call throw_null_pointer_exception Runtime1 stub}
  0x000001680c1e0f6c: ffe8 2edc 

  0x000001680c1e0f70: ; ImmutableOopMap {rdx=Oop rsi=Oop [120]=Oop [128]=Oop [136]=Oop [152]=Oop }
                      ;*invokevirtual toExternalForm {reexecute=0 rethrow=0 return_oop=0}
                      ; - java.net.URL::toExternalForm@5 (line 1203)
                      ; - java.net.URL::toString@1 (line 1189)
                      ; - java.lang.ClassLoader::defineClassSourceLocation@22 (line 925)
                      ; - java.lang.ClassLoader::defineClass@12 (line 1022)
                      ;   {internal_word}
  0x000001680c1e0f70: 4507 49ba | cc0e 1e0c | 6801 0000 | 4d89 9770 

  0x000001680c1e0f80: ;   {runtime_call SafepointBlob}
  0x000001680c1e0f80: 0400 00e9 | f85b 3807 | 498b 8708 | 0500 0049 | c787 0805 | 0000 0000 | 0000 49c7 | 8710 0500 
  0x000001680c1e0fa0: 0000 0000 | 0048 81c4 | b000 0000 

  0x000001680c1e0fac: ;   {runtime_call unwind_exception Runtime1 stub}
  0x000001680c1e0fac: 5de9 cec0 | 4507 f4f4 | f4f4 f4f4 
[Stub Code]
  0x000001680c1e0fb8: ;   {no_reloc}
  0x000001680c1e0fb8: 0f1f 4400 

  0x000001680c1e0fbc: ;   {static_stub}
  0x000001680c1e0fbc: 0048 bb00 | 0000 0000 

  0x000001680c1e0fc4: ;   {runtime_call}
  0x000001680c1e0fc4: 0000 00e9 | fbff ffff 

  0x000001680c1e0fcc: ;   {static_stub}
  0x000001680c1e0fcc: 48bb 0000 | 0000 0000 

  0x000001680c1e0fd4: ;   {runtime_call}
  0x000001680c1e0fd4: 0000 e9fb 

  0x000001680c1e0fd8: ;   {static_stub}
  0x000001680c1e0fd8: ffff ff48 | bb00 0000 | 0000 0000 

  0x000001680c1e0fe4: ;   {runtime_call}
  0x000001680c1e0fe4: 00e9 fbff 

  0x000001680c1e0fe8: ;   {static_stub}
  0x000001680c1e0fe8: ffff 48bb | 0000 0000 | 0000 0000 

  0x000001680c1e0ff4: ;   {runtime_call}
  0x000001680c1e0ff4: e9fb ffff 

  0x000001680c1e0ff8: ;   {runtime_call handle_exception_from_callee Runtime1 stub}
  0x000001680c1e0ff8: ffe8 8207 

  0x000001680c1e0ffc: ;   {external_word}
  0x000001680c1e0ffc: 4607 48b9 | c028 0d3a | fa7f 0000 | 4883 e4f0 

  0x000001680c1e100c: ;   {runtime_call}
  0x000001680c1e100c: 48b8 3099 | d439 fa7f | 0000 ffd0 

  0x000001680c1e1018: ;   {section_word}
  0x000001680c1e1018: f449 ba19 | 101e 0c68 | 0100 0041 

  0x000001680c1e1024: ;   {runtime_call DeoptimizationBlob}
  0x000001680c1e1024: 52e9 f66f | 3807 f4f4 | f4f4 f4f4 
[/MachCode]


Compiled method (c1) 47255 1087       3       java.security.SecureClassLoader::defineClass (16 bytes)
 total in heap  [0x000001680c1df710,0x000001680c1dfb10] = 1024
 relocation     [0x000001680c1df868,0x000001680c1df8b8] = 80
 main code      [0x000001680c1df8c0,0x000001680c1dfa18] = 344
 stub code      [0x000001680c1dfa18,0x000001680c1dfa68] = 80
 metadata       [0x000001680c1dfa68,0x000001680c1dfa70] = 8
 scopes data    [0x000001680c1dfa70,0x000001680c1dfab8] = 72
 scopes pcs     [0x000001680c1dfab8,0x000001680c1dfb08] = 80
 dependencies   [0x000001680c1dfb08,0x000001680c1dfb10] = 8

[Constant Pool (empty)]

[MachCode]
[Entry Point]
  # {method} {0x000001681e0438c0} 'defineClass' '(Ljava/lang/String;[BIILjava/security/CodeSource;)Ljava/lang/Class;' in 'java/security/SecureClassLoader'
  # this:     rdx:rdx   = 'java/security/SecureClassLoader'
  # parm0:    r8:r8     = 'java/lang/String'
  # parm1:    r9:r9     = '[B'
  # parm2:    rdi       = int
  # parm3:    rsi       = int
  # parm4:    rcx:rcx   = 'java/security/CodeSource'
  #           [sp+0x80]  (sp of caller)
  0x000001680c1df8c0: 448b 5208 | 49bb 0000 | 001e 6801 | 0000 4d03 | d34c 3bd0 

  0x000001680c1df8d4: ;   {runtime_call ic_miss_stub}
  0x000001680c1df8d4: 0f85 a6f0 | 3707 660f | 1f44 0000 
[Verified Entry Point]
  0x000001680c1df8e0: 8984 2400 | 80ff ff55 | 4883 ec70 | 4181 7f20 | 0100 0000 

  0x000001680c1df8f4: ;   {runtime_call StubRoutines (final stubs)}
  0x000001680c1df8f4: 7405 e885 

  0x000001680c1df8f8: ;   {metadata(method data for {method} {0x000001681e0438c0} 'defineClass' '(Ljava/lang/String;[BIILjava/security/CodeSource;)Ljava/lang/Class;' in 'java/security/SecureClassLoader')}
  0x000001680c1df8f8: 7136 0748 | bb58 731b | 5f68 0100 | 008b 83cc | 0000 0083 | c002 8983 | cc00 0000 | 25fe 0700 
  0x000001680c1df918: 0085 c00f | 8496 0000 | 0089 7424 | 5c89 7c24 | 584c 894c | 2450 4c89 | 4424 4848 

  0x000001680c1df934: ;   {metadata(method data for {method} {0x000001681e0438c0} 'defineClass' '(Ljava/lang/String;[BIILjava/security/CodeSource;)Ljava/lang/Class;' in 'java/security/SecureClassLoader')}
  0x000001680c1df934: 8bda 48b8 | 5873 1b5f | 6801 0000 | 4883 8018 | 0100 0001 | 4c8b c148 | 8bc2 488b | d048 8944 
  0x000001680c1df954: ;   {optimized virtual_call}
  0x000001680c1df954: 2440 90e8 

  0x000001680c1df958: ; ImmutableOopMap {[64]=Oop [72]=Oop [80]=Oop }
                      ;*invokevirtual getProtectionDomain {reexecute=0 rethrow=0 return_oop=0}
                      ; - java.security.SecureClassLoader::defineClass@9 (line 150)
  0x000001680c1df958: c461 ffff 

  0x000001680c1df95c: ;   {other}
  0x000001680c1df95c: 0f1f 8400 | 4c02 0000 | 488b 5424 

  0x000001680c1df968: ;   {metadata(method data for {method} {0x000001681e0438c0} 'defineClass' '(Ljava/lang/String;[BIILjava/security/CodeSource;)Ljava/lang/Class;' in 'java/security/SecureClassLoader')}
  0x000001680c1df968: 4049 b858 | 731b 5f68 | 0100 0049 | 8380 4801 | 0000 014c | 8b44 2448 | 4c8b 4c24 | 508b 7c24 
  0x000001680c1df988: 588b 7424 | 5c48 8bc8 | 488b 5424 

  0x000001680c1df994: ;   {optimized virtual_call}
  0x000001680c1df994: 4066 90e8 

  0x000001680c1df998: ; ImmutableOopMap {}
                      ;*invokevirtual defineClass {reexecute=0 rethrow=0 return_oop=0}
                      ; - java.security.SecureClassLoader::defineClass@12 (line 150)
  0x000001680c1df998: a411 0000 

  0x000001680c1df99c: ;   {other}
  0x000001680c1df99c: 0f1f 8400 | 8c02 0001 | 4883 c470 

  0x000001680c1df9a8: ;   {poll_return}
  0x000001680c1df9a8: 5d49 3ba7 | 5804 0000 | 0f87 2200 

  0x000001680c1df9b4: ;   {metadata({method} {0x000001681e0438c0} 'defineClass' '(Ljava/lang/String;[BIILjava/security/CodeSource;)Ljava/lang/Class;' in 'java/security/SecureClassLoader')}
  0x000001680c1df9b4: 0000 c349 | bab8 3804 | 1e68 0100 | 004c 8954 | 2408 48c7 | 0424 ffff 

  0x000001680c1df9cc: ;   {runtime_call counter_overflow Runtime1 stub}
  0x000001680c1df9cc: ffff e82d 

  0x000001680c1df9d0: ; ImmutableOopMap {rdx=Oop r8=Oop r9=Oop rcx=Oop }
                      ;*synchronization entry
                      ; - java.security.SecureClassLoader::defineClass@-1 (line 150)
  0x000001680c1df9d0: 5a46 07e9 | 49ff ffff 

  0x000001680c1df9d8: ;   {internal_word}
  0x000001680c1df9d8: 49ba a9f9 | 1d0c 6801 | 0000 4d89 | 9770 0400 

  0x000001680c1df9e8: ;   {runtime_call SafepointBlob}
  0x000001680c1df9e8: 00e9 9271 | 3807 498b | 8708 0500 | 0049 c787 | 0805 0000 | 0000 0000 | 49c7 8710 | 0500 0000 
  0x000001680c1dfa08: 0000 0048 | 83c4 705d 

  0x000001680c1dfa10: ;   {runtime_call unwind_exception Runtime1 stub}
  0x000001680c1dfa10: e96b d645 | 07f4 f4f4 
[Stub Code]
  0x000001680c1dfa18: ;   {no_reloc}
  0x000001680c1dfa18: 48bb 0000 | 0000 0000 

  0x000001680c1dfa20: ;   {runtime_call}
  0x000001680c1dfa20: 0000 e9fb 

  0x000001680c1dfa24: ;   {static_stub}
  0x000001680c1dfa24: ffff ff48 | bbd8 f53f | 1e68 0100 

  0x000001680c1dfa30: ;   {runtime_call I2C/C2I adapters}
  0x000001680c1dfa30: 00e9 5feb 

  0x000001680c1dfa34: ;   {runtime_call handle_exception_from_callee Runtime1 stub}
  0x000001680c1dfa34: 3607 e845 

  0x000001680c1dfa38: ;   {external_word}
  0x000001680c1dfa38: 1d46 0748 | b9c0 280d | 3afa 7f00 | 0048 83e4 

  0x000001680c1dfa48: ;   {runtime_call}
  0x000001680c1dfa48: f048 b830 | 99d4 39fa | 7f00 00ff 

  0x000001680c1dfa54: ;   {section_word}
  0x000001680c1dfa54: d0f4 49ba | 56fa 1d0c | 6801 0000 

  0x000001680c1dfa60: ;   {runtime_call DeoptimizationBlob}
  0x000001680c1dfa60: 4152 e9b9 | 8538 07f4 
[/MachCode]


---------------  P R O C E S S  ---------------

Threads class SMR info:
_java_thread_list=0x0000016863c964b0, length=12, elements={
0x0000016801b03190, 0x0000016803d4e680, 0x000001681dddc810, 0x000001681dde4400,
0x000001681dde4e60, 0x000001681dde58c0, 0x000001681dde6320, 0x000001681dde9270,
0x000001681ddeb9a0, 0x00000168630c50f0, 0x00000168630c7f80, 0x0000016863c89b50
}

Java Threads: ( => current thread )
=>0x0000016801b03190 JavaThread "main"                              [_thread_in_vm, id=25264, stack(0x0000001b29200000,0x0000001b29300000) (1024K)]
  0x0000016803d4e680 JavaThread "Reference Handler"          daemon [_thread_blocked, id=16916, stack(0x0000001b29a00000,0x0000001b29b00000) (1024K)]
  0x000001681dddc810 JavaThread "Finalizer"                  daemon [_thread_blocked, id=42372, stack(0x0000001b29b00000,0x0000001b29c00000) (1024K)]
  0x000001681dde4400 JavaThread "Signal Dispatcher"          daemon [_thread_blocked, id=6176, stack(0x0000001b29c00000,0x0000001b29d00000) (1024K)]
  0x000001681dde4e60 JavaThread "Attach Listener"            daemon [_thread_blocked, id=12456, stack(0x0000001b29d00000,0x0000001b29e00000) (1024K)]
  0x000001681dde58c0 JavaThread "Service Thread"             daemon [_thread_blocked, id=42784, stack(0x0000001b29e00000,0x0000001b29f00000) (1024K)]
  0x000001681dde6320 JavaThread "Monitor Deflation Thread"   daemon [_thread_blocked, id=41432, stack(0x0000001b29f00000,0x0000001b2a000000) (1024K)]
  0x000001681dde9270 JavaThread "C2 CompilerThread0"         daemon [_thread_blocked, id=6388, stack(0x0000001b2a000000,0x0000001b2a100000) (1024K)]
  0x000001681ddeb9a0 JavaThread "C1 CompilerThread0"         daemon [_thread_blocked, id=8304, stack(0x0000001b2a100000,0x0000001b2a200000) (1024K)]
  0x00000168630c50f0 JavaThread "Notification Thread"        daemon [_thread_blocked, id=35472, stack(0x0000001b2a200000,0x0000001b2a300000) (1024K)]
  0x00000168630c7f80 JavaThread "Common-Cleaner"             daemon [_thread_blocked, id=41196, stack(0x0000001b2a300000,0x0000001b2a400000) (1024K)]
  0x0000016863c89b50 JavaThread "pool-1-thread-1"                   [_thread_blocked, id=45724, stack(0x0000001b2a700000,0x0000001b2a800000) (1024K)]
Total: 12

Other Threads:
  0x0000016803d3f0d0 VMThread "VM Thread"                           [id=41792, stack(0x0000001b29900000,0x0000001b29a00000) (1024K)]
  0x000001681ddcb7e0 WatcherThread "VM Periodic Task Thread"        [id=14748, stack(0x0000001b29800000,0x0000001b29900000) (1024K)]
  0x0000016803cac350 WorkerThread "GC Thread#0"                     [id=10264, stack(0x0000001b29300000,0x0000001b29400000) (1024K)]
  0x00000168634ccfe0 WorkerThread "GC Thread#1"                     [id=42916, stack(0x0000001b2a400000,0x0000001b2a500000) (1024K)]
  0x00000168635d3b00 WorkerThread "GC Thread#2"                     [id=2748, stack(0x0000001b2a500000,0x0000001b2a600000) (1024K)]
  0x0000016863530340 WorkerThread "GC Thread#3"                     [id=13548, stack(0x0000001b2a600000,0x0000001b2a700000) (1024K)]
  0x0000016863dd94f0 WorkerThread "GC Thread#4"                     [id=46200, stack(0x0000000000000000,0x0000000000000000) (0B)]
  0x0000016863f763d0 WorkerThread "GC Thread#5"                     [id=46204, stack(0x0000000000000000,0x0000000000000000) (0B)]
  0x000001686303ba60 WorkerThread "GC Thread#6"                     [id=46208, stack(0x0000001b2aa00000,0x0000001b2ab00000) (1024K)]
  0x000001686303be10 WorkerThread "GC Thread#7"                     [id=46212, stack(0x0000001b2ab00000,0x0000001b2ac00000) (1024K)]
  0x0000016803cadb40 ConcurrentGCThread "G1 Main Marker"            [id=24392, stack(0x0000001b29400000,0x0000001b29500000) (1024K)]
  0x0000016803cae650 WorkerThread "G1 Conc#0"                       [id=15412, stack(0x0000001b29500000,0x0000001b29600000) (1024K)]
  0x0000016803d185d0 ConcurrentGCThread "G1 Refine#0"               [id=33292, stack(0x0000001b29600000,0x0000001b29700000) (1024K)]
  0x0000016803d19150 ConcurrentGCThread "G1 Service"                [id=33196, stack(0x0000001b29700000,0x0000001b29800000) (1024K)]
Total: 14

Threads with active compile tasks:
Total: 0

VM state: not at safepoint (normal execution)

VM Mutex/Monitor currently owned by a thread:  ([mutex/lock_event])
[0x00007ffa3a37ab00] Metaspace_lock - owner thread: 0x0000016801b03190

Heap address: 0x00000000fc000000, size: 64 MB, Compressed Oops mode: 32-bit

CDS archive(s) mapped at: [0x000001681e000000-0x000001681ec60000-0x000001681ec60000), size 12976128, SharedBaseAddress: 0x000001681e000000, ArchiveRelocationMode: 1.
Compressed class space mapped at: 0x000001681f000000-0x000001685f000000, reserved size: 1073741824
Narrow klass base: 0x000001681e000000, Narrow klass shift: 0, Narrow klass range: 0x41000000

GC Precious Log:
 CardTable entry size: 512
 Card Set container configuration: InlinePtr #cards 5 size 8 Array Of Cards #cards 12 size 40 Howl #buckets 4 coarsen threshold 1843 Howl Bitmap #cards 512 size 80 coarsen threshold 460 Card regions per heap region 1 cards per card region 2048
 CPUs: 8 total, 8 available
 Memory: 7900M
 Large Page Support: Disabled
 NUMA Support: Disabled
 Compressed Oops: Enabled (32-bit)
 Heap Region Size: 1M
 Heap Min Capacity: 64M
 Heap Initial Capacity: 64M
 Heap Max Capacity: 64M
 Pre-touch: Disabled
 Parallel Workers: 8
 Concurrent Workers: 2
 Concurrent Refinement Workers: 8
 Periodic GC: Disabled

Heap:
 garbage-first heap   total reserved 65536K, committed 65536K, used 13840K [0x00000000fc000000, 0x0000000100000000)
  region size 1024K, 5 young (5120K), 3 survivors (3072K)
 Metaspace       used 8693K, committed 8960K, reserved 1114112K
  class space    used 1202K, committed 1344K, reserved 1048576K

Heap Regions: E=young(eden), S=young(survivor), O=old, HS=humongous(starts), HC=humongous(continues), CS=collection set, F=free, TAMS=top-at-mark-start, PB=parsable bottom
|   0|0x00000000fc000000, 0x00000000fc100000, 0x00000000fc100000|100%|HS|  |TAMS 0x00000000fc000000| PB 0x00000000fc000000| Complete |  0
|   1|0x00000000fc100000, 0x00000000fc200000, 0x00000000fc200000|100%|HC|  |TAMS 0x00000000fc100000| PB 0x00000000fc100000| Complete |  0
|   2|0x00000000fc200000, 0x00000000fc300000, 0x00000000fc300000|100%|HC|  |TAMS 0x00000000fc200000| PB 0x00000000fc200000| Complete |  0
|   3|0x00000000fc300000, 0x00000000fc400000, 0x00000000fc400000|100%|HC|  |TAMS 0x00000000fc300000| PB 0x00000000fc300000| Complete |  0
|   4|0x00000000fc400000, 0x00000000fc500000, 0x00000000fc500000|100%| O|  |TAMS 0x00000000fc400000| PB 0x00000000fc400000| Untracked |  0
|   5|0x00000000fc500000, 0x00000000fc600000, 0x00000000fc600000|100%| O|  |TAMS 0x00000000fc500000| PB 0x00000000fc500000| Untracked |  0
|   6|0x00000000fc600000, 0x00000000fc700000, 0x00000000fc700000|100%| O|  |TAMS 0x00000000fc600000| PB 0x00000000fc600000| Untracked |  0
|   7|0x00000000fc700000, 0x00000000fc800000, 0x00000000fc800000|100%| O|  |TAMS 0x00000000fc700000| PB 0x00000000fc700000| Untracked |  0
|   8|0x00000000fc800000, 0x00000000fc900000, 0x00000000fc900000|100%| O|  |TAMS 0x00000000fc800000| PB 0x00000000fc800000| Untracked |  0
|   9|0x00000000fc900000, 0x00000000fc9aa858, 0x00000000fca00000| 66%| O|  |TAMS 0x00000000fc900000| PB 0x00000000fc900000| Untracked |  0
|  10|0x00000000fca00000, 0x00000000fca00000, 0x00000000fcb00000|  0%| F|  |TAMS 0x00000000fca00000| PB 0x00000000fca00000| Untracked |  0
|  11|0x00000000fcb00000, 0x00000000fcb00000, 0x00000000fcc00000|  0%| F|  |TAMS 0x00000000fcb00000| PB 0x00000000fcb00000| Untracked |  0
|  12|0x00000000fcc00000, 0x00000000fcc00000, 0x00000000fcd00000|  0%| F|  |TAMS 0x00000000fcc00000| PB 0x00000000fcc00000| Untracked |  0
|  13|0x00000000fcd00000, 0x00000000fcd00000, 0x00000000fce00000|  0%| F|  |TAMS 0x00000000fcd00000| PB 0x00000000fcd00000| Untracked |  0
|  14|0x00000000fce00000, 0x00000000fce00000, 0x00000000fcf00000|  0%| F|  |TAMS 0x00000000fce00000| PB 0x00000000fce00000| Untracked |  0
|  15|0x00000000fcf00000, 0x00000000fcf00000, 0x00000000fd000000|  0%| F|  |TAMS 0x00000000fcf00000| PB 0x00000000fcf00000| Untracked |  0
|  16|0x00000000fd000000, 0x00000000fd000000, 0x00000000fd100000|  0%| F|  |TAMS 0x00000000fd000000| PB 0x00000000fd000000| Untracked |  0
|  17|0x00000000fd100000, 0x00000000fd100000, 0x00000000fd200000|  0%| F|  |TAMS 0x00000000fd100000| PB 0x00000000fd100000| Untracked |  0
|  18|0x00000000fd200000, 0x00000000fd200000, 0x00000000fd300000|  0%| F|  |TAMS 0x00000000fd200000| PB 0x00000000fd200000| Untracked |  0
|  19|0x00000000fd300000, 0x00000000fd300000, 0x00000000fd400000|  0%| F|  |TAMS 0x00000000fd300000| PB 0x00000000fd300000| Untracked |  0
|  20|0x00000000fd400000, 0x00000000fd400000, 0x00000000fd500000|  0%| F|  |TAMS 0x00000000fd400000| PB 0x00000000fd400000| Untracked |  0
|  21|0x00000000fd500000, 0x00000000fd500000, 0x00000000fd600000|  0%| F|  |TAMS 0x00000000fd500000| PB 0x00000000fd500000| Untracked |  0
|  22|0x00000000fd600000, 0x00000000fd600000, 0x00000000fd700000|  0%| F|  |TAMS 0x00000000fd600000| PB 0x00000000fd600000| Untracked |  0
|  23|0x00000000fd700000, 0x00000000fd700000, 0x00000000fd800000|  0%| F|  |TAMS 0x00000000fd700000| PB 0x00000000fd700000| Untracked |  0
|  24|0x00000000fd800000, 0x00000000fd800000, 0x00000000fd900000|  0%| F|  |TAMS 0x00000000fd800000| PB 0x00000000fd800000| Untracked |  0
|  25|0x00000000fd900000, 0x00000000fd900000, 0x00000000fda00000|  0%| F|  |TAMS 0x00000000fd900000| PB 0x00000000fd900000| Untracked |  0
|  26|0x00000000fda00000, 0x00000000fda00000, 0x00000000fdb00000|  0%| F|  |TAMS 0x00000000fda00000| PB 0x00000000fda00000| Untracked |  0
|  27|0x00000000fdb00000, 0x00000000fdb00000, 0x00000000fdc00000|  0%| F|  |TAMS 0x00000000fdb00000| PB 0x00000000fdb00000| Untracked |  0
|  28|0x00000000fdc00000, 0x00000000fdc00000, 0x00000000fdd00000|  0%| F|  |TAMS 0x00000000fdc00000| PB 0x00000000fdc00000| Untracked |  0
|  29|0x00000000fdd00000, 0x00000000fdd00000, 0x00000000fde00000|  0%| F|  |TAMS 0x00000000fdd00000| PB 0x00000000fdd00000| Untracked |  0
|  30|0x00000000fde00000, 0x00000000fded9a10, 0x00000000fdf00000| 85%| S|CS|TAMS 0x00000000fde00000| PB 0x00000000fde00000| Complete |  0
|  31|0x00000000fdf00000, 0x00000000fe000000, 0x00000000fe000000|100%| S|CS|TAMS 0x00000000fdf00000| PB 0x00000000fdf00000| Complete |  0
|  32|0x00000000fe000000, 0x00000000fe100000, 0x00000000fe100000|100%| S|CS|TAMS 0x00000000fe000000| PB 0x00000000fe000000| Complete |  0
|  33|0x00000000fe100000, 0x00000000fe100000, 0x00000000fe200000|  0%| F|  |TAMS 0x00000000fe100000| PB 0x00000000fe100000| Untracked |  0
|  34|0x00000000fe200000, 0x00000000fe200000, 0x00000000fe300000|  0%| F|  |TAMS 0x00000000fe200000| PB 0x00000000fe200000| Untracked |  0
|  35|0x00000000fe300000, 0x00000000fe300000, 0x00000000fe400000|  0%| F|  |TAMS 0x00000000fe300000| PB 0x00000000fe300000| Untracked |  0
|  36|0x00000000fe400000, 0x00000000fe400000, 0x00000000fe500000|  0%| F|  |TAMS 0x00000000fe400000| PB 0x00000000fe400000| Untracked |  0
|  37|0x00000000fe500000, 0x00000000fe500000, 0x00000000fe600000|  0%| F|  |TAMS 0x00000000fe500000| PB 0x00000000fe500000| Untracked |  0
|  38|0x00000000fe600000, 0x00000000fe600000, 0x00000000fe700000|  0%| F|  |TAMS 0x00000000fe600000| PB 0x00000000fe600000| Untracked |  0
|  39|0x00000000fe700000, 0x00000000fe700000, 0x00000000fe800000|  0%| F|  |TAMS 0x00000000fe700000| PB 0x00000000fe700000| Untracked |  0
|  40|0x00000000fe800000, 0x00000000fe800000, 0x00000000fe900000|  0%| F|  |TAMS 0x00000000fe800000| PB 0x00000000fe800000| Untracked |  0
|  41|0x00000000fe900000, 0x00000000fe900000, 0x00000000fea00000|  0%| F|  |TAMS 0x00000000fe900000| PB 0x00000000fe900000| Untracked |  0
|  42|0x00000000fea00000, 0x00000000fea00000, 0x00000000feb00000|  0%| F|  |TAMS 0x00000000fea00000| PB 0x00000000fea00000| Untracked |  0
|  43|0x00000000feb00000, 0x00000000feb00000, 0x00000000fec00000|  0%| F|  |TAMS 0x00000000feb00000| PB 0x00000000feb00000| Untracked |  0
|  44|0x00000000fec00000, 0x00000000fec00000, 0x00000000fed00000|  0%| F|  |TAMS 0x00000000fec00000| PB 0x00000000fec00000| Untracked |  0
|  45|0x00000000fed00000, 0x00000000fed00000, 0x00000000fee00000|  0%| F|  |TAMS 0x00000000fed00000| PB 0x00000000fed00000| Untracked |  0
|  46|0x00000000fee00000, 0x00000000fee00000, 0x00000000fef00000|  0%| F|  |TAMS 0x00000000fee00000| PB 0x00000000fee00000| Untracked |  0
|  47|0x00000000fef00000, 0x00000000fef00000, 0x00000000ff000000|  0%| F|  |TAMS 0x00000000fef00000| PB 0x00000000fef00000| Untracked |  0
|  48|0x00000000ff000000, 0x00000000ff000000, 0x00000000ff100000|  0%| F|  |TAMS 0x00000000ff000000| PB 0x00000000ff000000| Untracked |  0
|  49|0x00000000ff100000, 0x00000000ff100000, 0x00000000ff200000|  0%| F|  |TAMS 0x00000000ff100000| PB 0x00000000ff100000| Untracked |  0
|  50|0x00000000ff200000, 0x00000000ff200000, 0x00000000ff300000|  0%| F|  |TAMS 0x00000000ff200000| PB 0x00000000ff200000| Untracked |  0
|  51|0x00000000ff300000, 0x00000000ff300000, 0x00000000ff400000|  0%| F|  |TAMS 0x00000000ff300000| PB 0x00000000ff300000| Untracked |  0
|  52|0x00000000ff400000, 0x00000000ff400000, 0x00000000ff500000|  0%| F|  |TAMS 0x00000000ff400000| PB 0x00000000ff400000| Untracked |  0
|  53|0x00000000ff500000, 0x00000000ff500000, 0x00000000ff600000|  0%| F|  |TAMS 0x00000000ff500000| PB 0x00000000ff500000| Untracked |  0
|  54|0x00000000ff600000, 0x00000000ff600000, 0x00000000ff700000|  0%| F|  |TAMS 0x00000000ff600000| PB 0x00000000ff600000| Untracked |  0
|  55|0x00000000ff700000, 0x00000000ff700000, 0x00000000ff800000|  0%| F|  |TAMS 0x00000000ff700000| PB 0x00000000ff700000| Untracked |  0
|  56|0x00000000ff800000, 0x00000000ff800000, 0x00000000ff900000|  0%| F|  |TAMS 0x00000000ff800000| PB 0x00000000ff800000| Untracked |  0
|  57|0x00000000ff900000, 0x00000000ff900000, 0x00000000ffa00000|  0%| F|  |TAMS 0x00000000ff900000| PB 0x00000000ff900000| Untracked |  0
|  58|0x00000000ffa00000, 0x00000000ffa00000, 0x00000000ffb00000|  0%| F|  |TAMS 0x00000000ffa00000| PB 0x00000000ffa00000| Untracked |  0
|  59|0x00000000ffb00000, 0x00000000ffb00000, 0x00000000ffc00000|  0%| F|  |TAMS 0x00000000ffb00000| PB 0x00000000ffb00000| Untracked |  0
|  60|0x00000000ffc00000, 0x00000000ffc00000, 0x00000000ffd00000|  0%| F|  |TAMS 0x00000000ffc00000| PB 0x00000000ffc00000| Untracked |  0
|  61|0x00000000ffd00000, 0x00000000ffd00000, 0x00000000ffe00000|  0%| F|  |TAMS 0x00000000ffd00000| PB 0x00000000ffd00000| Untracked |  0
|  62|0x00000000ffe00000, 0x00000000fff00000, 0x00000000fff00000|100%| E|  |TAMS 0x00000000ffe00000| PB 0x00000000ffe00000| Complete |  0
|  63|0x00000000fff00000, 0x0000000100000000, 0x0000000100000000|100%| E|CS|TAMS 0x00000000fff00000| PB 0x00000000fff00000| Complete |  0

Card table byte_map: [0x0000016803ba0000,0x0000016803bc0000] _byte_map_base: 0x00000168033c0000

Marking Bits: (CMBitMap*) 0x0000016803caca60
 Bits: [0x000001681b320000, 0x000001681b420000)

Polling page: 0x0000016801c70000

Metaspace:

Usage:
  Non-class:      7.32 MB used.
      Class:      1.17 MB used.
       Both:      8.49 MB used.

Virtual space:
  Non-class space:       64.00 MB reserved,       7.44 MB ( 12%) committed,  1 nodes.
      Class space:        1.00 GB reserved,       1.31 MB ( <1%) committed,  1 nodes.
             Both:        1.06 GB reserved,       8.75 MB ( <1%) committed. 

Chunk freelists:
   Non-Class:  7.67 MB
       Class:  14.53 MB
        Both:  22.20 MB

MaxMetaspaceSize: unlimited
CompressedClassSpaceSize: 1.00 GB
Initial GC threshold: 21.00 MB
Current GC threshold: 21.00 MB
CDS: on
 - commit_granule_bytes: 65536.
 - commit_granule_words: 8192.
 - virtual_space_node_default_size: 8388608.
 - enlarge_chunks_in_place: 1.
 - use_allocation_guard: 0.


Internal statistics:

num_allocs_failed_limit: 0.
num_arena_births: 236.
num_arena_deaths: 0.
num_vsnodes_births: 2.
num_vsnodes_deaths: 0.
num_space_committed: 140.
num_space_uncommitted: 0.
num_chunks_returned_to_freelist: 0.
num_chunks_taken_from_freelist: 493.
num_chunk_merges: 0.
num_chunk_splits: 330.
num_chunks_enlarged: 245.
num_inconsistent_stats: 0.

CodeHeap 'non-profiled nmethods': size=120000Kb used=688Kb max_used=688Kb free=119311Kb
 bounds [0x0000016813ab0000, 0x0000016813d20000, 0x000001681afe0000]
CodeHeap 'profiled nmethods': size=120000Kb used=2977Kb max_used=2977Kb free=117022Kb
 bounds [0x000001680bfe0000, 0x000001680c2d0000, 0x0000016813510000]
CodeHeap 'non-nmethods': size=5760Kb used=1546Kb max_used=1564Kb free=4213Kb
 bounds [0x0000016813510000, 0x0000016813780000, 0x0000016813ab0000]
 total_blobs=2084 nmethods=1586 adapters=403
 compilation: enabled
              stopped_count=0, restarted_count=0
 full_count=0

Compilation events (20 events):
Event: 46.945 Thread 0x000001681dde9270 1573       4       java.lang.String::replace (42 bytes)
Event: 46.969 Thread 0x000001681ddeb9a0 1581   !   3       sun.nio.fs.WindowsPath::initOffsets (153 bytes)
Event: 46.982 Thread 0x000001681ddeb9a0 nmethod 1581 0x000001680c2c2a90 code [0x000001680c2c2e60, 0x000001680c2c4f08]
Event: 46.985 Thread 0x000001681dde9270 nmethod 1573 0x0000016813b5af90 code [0x0000016813b5b140, 0x0000016813b5b888]
Event: 46.985 Thread 0x000001681dde9270 1572       4       java.util.regex.Pattern::nextEscaped (19 bytes)
Event: 46.986 Thread 0x000001681dde9270 nmethod 1572 0x0000016813b5bc10 code [0x0000016813b5bda0, 0x0000016813b5be78]
Event: 46.986 Thread 0x000001681ddeb9a0 1582       3       java.lang.ProcessEnvironment$CheckedEntrySet$1::hasNext (10 bytes)
Event: 46.986 Thread 0x000001681ddeb9a0 nmethod 1582 0x000001680c2c5c10 code [0x000001680c2c5dc0, 0x000001680c2c5f98]
Event: 46.986 Thread 0x000001681ddeb9a0 1583       3       java.lang.ProcessEnvironment$CheckedEntrySet$1::next (5 bytes)
Event: 46.986 Thread 0x000001681ddeb9a0 nmethod 1583 0x000001680c2c6090 code [0x000001680c2c6260, 0x000001680c2c6710]
Event: 46.987 Thread 0x000001681ddeb9a0 1584       3       java.lang.StringBuilder::append (6 bytes)
Event: 46.988 Thread 0x000001681ddeb9a0 nmethod 1584 0x000001680c2c6890 code [0x000001680c2c6a40, 0x000001680c2c6bf0]
Event: 46.988 Thread 0x000001681ddeb9a0 1585       3       java.util.LinkedHashMap$LinkedValueIterator::next (8 bytes)
Event: 46.988 Thread 0x000001681ddeb9a0 nmethod 1585 0x000001680c2c6d10 code [0x000001680c2c6ec0, 0x000001680c2c7000]
Event: 46.989 Thread 0x000001681ddeb9a0 1586       3       java.lang.invoke.MemberName::changeReferenceKind (46 bytes)
Event: 46.989 Thread 0x000001681ddeb9a0 nmethod 1586 0x000001680c2c7110 code [0x000001680c2c72a0, 0x000001680c2c73d0]
Event: 46.989 Thread 0x000001681ddeb9a0 1587       3       java.lang.invoke.LambdaForm$MH/0x000001681f005800::invoke (25 bytes)
Event: 46.989 Thread 0x000001681ddeb9a0 nmethod 1587 0x000001680c2c7490 code [0x000001680c2c7640, 0x000001680c2c7b48]
Event: 46.989 Thread 0x000001681ddeb9a0 1588       3       java.lang.invoke.DirectMethodHandle$Holder::invokeSpecial (15 bytes)
Event: 46.989 Thread 0x000001681ddeb9a0 nmethod 1588 0x000001680c2c7c90 code [0x000001680c2c7e60, 0x000001680c2c83a0]

GC Heap History (4 events):
Event: 34.027 GC heap before
{Heap before GC invocations=0 (full 0):
 garbage-first heap   total reserved 65536K, committed 65536K, used 27648K [0x00000000fc000000, 0x0000000100000000)
  region size 1024K, 24 young (24576K), 0 survivors (0K)
 Metaspace       used 1721K, committed 1920K, reserved 1114112K
  class space    used 153K, committed 256K, reserved 1048576K
}
Event: 34.382 GC heap after
{Heap after GC invocations=1 (full 0):
 garbage-first heap   total reserved 65536K, committed 65536K, used 9984K [0x00000000fc000000, 0x0000000100000000)
  region size 1024K, 3 young (3072K), 3 survivors (3072K)
 Metaspace       used 1721K, committed 1920K, reserved 1114112K
  class space    used 153K, committed 256K, reserved 1048576K
}
Event: 46.749 GC heap before
{Heap before GC invocations=1 (full 0):
 garbage-first heap   total reserved 65536K, committed 65536K, used 38656K [0x00000000fc000000, 0x0000000100000000)
  region size 1024K, 31 young (31744K), 3 survivors (3072K)
 Metaspace       used 8423K, committed 8704K, reserved 1114112K
  class space    used 1164K, committed 1280K, reserved 1048576K
}
Event: 46.805 GC heap after
{Heap after GC invocations=2 (full 0):
 garbage-first heap   total reserved 65536K, committed 65536K, used 12816K [0x00000000fc000000, 0x0000000100000000)
  region size 1024K, 3 young (3072K), 3 survivors (3072K)
 Metaspace       used 8423K, committed 8704K, reserved 1114112K
  class space    used 1164K, committed 1280K, reserved 1048576K
}

Dll operation events (11 events):
Event: 2.903 Loaded shared library C:\Program Files\Java\jdk-22\bin\java.dll
Event: 3.783 Loaded shared library C:\Program Files\Java\jdk-22\bin\jsvml.dll
Event: 3.809 Loaded shared library C:\Program Files\Java\jdk-22\bin\net.dll
Event: 3.869 Loaded shared library C:\Program Files\Java\jdk-22\bin\nio.dll
Event: 3.873 Loaded shared library C:\Program Files\Java\jdk-22\bin\zip.dll
Event: 3.995 Loaded shared library C:\Program Files\Java\jdk-22\bin\verify.dll
Event: 27.138 Loaded shared library C:\Program Files\Java\jdk-22\bin\jimage.dll
Event: 43.176 Loaded shared library C:\Users\limoo\.gradle\native\c067742578af261105cb4f569cf0c3c89f3d7b1fecec35dd04571415982c5e48\windows-amd64\native-platform.dll
Event: 44.640 Loaded shared library C:\Program Files\Java\jdk-22\bin\management.dll
Event: 44.648 Loaded shared library C:\Program Files\Java\jdk-22\bin\management_ext.dll
Event: 45.667 Loaded shared library C:\Program Files\Java\jdk-22\bin\extnet.dll

Deoptimization events (20 events):
Event: 46.084 Thread 0x0000016801b03190 Uncommon trap: trap_request=0xffffffde fr.pc=0x0000016813ae6fa4 relative=0x0000000000000084
Event: 46.084 Thread 0x0000016801b03190 Uncommon trap: reason=class_check action=maybe_recompile pc=0x0000016813ae6fa4 method=java.util.AbstractList$Itr.hasNext()Z @ 8 c2
Event: 46.084 Thread 0x0000016801b03190 DEOPT PACKING pc=0x0000016813ae6fa4 sp=0x0000001b292fddd0
Event: 46.084 Thread 0x0000016801b03190 DEOPT UNPACKING pc=0x0000016813567da2 sp=0x0000001b292fdd68 mode 2
Event: 46.084 Thread 0x0000016801b03190 Uncommon trap: trap_request=0xffffffde fr.pc=0x0000016813ae7374 relative=0x00000000000000d4
Event: 46.084 Thread 0x0000016801b03190 Uncommon trap: reason=class_check action=maybe_recompile pc=0x0000016813ae7374 method=java.util.AbstractList$Itr.next()Ljava/lang/Object; @ 14 c2
Event: 46.084 Thread 0x0000016801b03190 DEOPT PACKING pc=0x0000016813ae7374 sp=0x0000001b292fddc0
Event: 46.084 Thread 0x0000016801b03190 DEOPT UNPACKING pc=0x0000016813567da2 sp=0x0000001b292fdd58 mode 2
Event: 46.273 Thread 0x0000016801b03190 DEOPT PACKING pc=0x000001680c0c90d8 sp=0x0000001b292fd940
Event: 46.274 Thread 0x0000016801b03190 DEOPT UNPACKING pc=0x00000168135688e2 sp=0x0000001b292fce48 mode 0
Event: 46.314 Thread 0x0000016801b03190 DEOPT PACKING pc=0x000001680c0f9930 sp=0x0000001b292fd630
Event: 46.314 Thread 0x0000016801b03190 DEOPT UNPACKING pc=0x00000168135688e2 sp=0x0000001b292fcae0 mode 0
Event: 46.315 Thread 0x0000016801b03190 DEOPT PACKING pc=0x000001680c0bb832 sp=0x0000001b292fd580
Event: 46.315 Thread 0x0000016801b03190 DEOPT UNPACKING pc=0x00000168135688e2 sp=0x0000001b292fca48 mode 0
Event: 46.405 Thread 0x0000016801b03190 DEOPT PACKING pc=0x000001680c2a0e99 sp=0x0000001b292fd5f0
Event: 46.405 Thread 0x0000016801b03190 DEOPT UNPACKING pc=0x00000168135688e2 sp=0x0000001b292fcad0 mode 0
Event: 46.568 Thread 0x0000016801b03190 DEOPT PACKING pc=0x000001680c2a0e99 sp=0x0000001b292fd5f0
Event: 46.568 Thread 0x0000016801b03190 DEOPT UNPACKING pc=0x00000168135688e2 sp=0x0000001b292fcad0 mode 0
Event: 46.851 Thread 0x0000016801b03190 DEOPT PACKING pc=0x000001680c2a0e99 sp=0x0000001b292fd620
Event: 46.852 Thread 0x0000016801b03190 DEOPT UNPACKING pc=0x00000168135688e2 sp=0x0000001b292fcae8 mode 0

Classes loaded (20 events):
Event: 45.705 Loading class java/util/LinkedList$ListItr
Event: 45.705 Loading class java/util/LinkedList$ListItr done
Event: 46.045 Loading class java/io/DataOutputStream
Event: 46.045 Loading class java/io/DataOutputStream done
Event: 46.052 Loading class java/io/FileOutputStream$1
Event: 46.052 Loading class java/io/FileOutputStream$1 done
Event: 46.059 Loading class jdk/internal/util/HexDigits
Event: 46.060 Loading class jdk/internal/util/HexDigits done
Event: 46.060 Loading class jdk/internal/util/ByteArrayLittleEndian
Event: 46.061 Loading class jdk/internal/util/ByteArrayLittleEndian done
Event: 46.547 Loading class jdk/internal/foreign/MemorySessionImpl
Event: 46.547 Loading class java/lang/foreign/MemorySegment$Scope
Event: 46.547 Loading class java/lang/foreign/MemorySegment$Scope done
Event: 46.547 Loading class jdk/internal/foreign/MemorySessionImpl done
Event: 46.920 Loading class java/nio/charset/CharacterCodingException
Event: 46.920 Loading class java/nio/charset/CharacterCodingException done
Event: 46.964 Loading class java/util/ArrayList$SubList$1
Event: 46.965 Loading class java/util/ArrayList$SubList$1 done
Event: 46.983 Loading class java/util/concurrent/CountDownLatch$Sync
Event: 46.983 Loading class java/util/concurrent/CountDownLatch$Sync done

Classes unloaded (0 events):
No events

Classes redefined (0 events):
No events

Internal exceptions (20 events):
Event: 42.673 Thread 0x0000016801b03190 Exception <a 'java/lang/NoClassDefFoundError'{0x00000000ff7ab210}: org/slf4j/impl/StaticMarkerBinder> (0x00000000ff7ab210) 
thrown [s\open\src\hotspot\share\classfile\systemDictionary.cpp, line 302]
Event: 43.033 Thread 0x0000016801b03190 Exception <a 'java/lang/NoSuchMethodError'{0x00000000ff677d10}: 'java.lang.Object java.lang.invoke.DirectMethodHandle$Holder.invokeStatic(java.lang.Object, java.lang.Object, int)'> (0x00000000ff677d10) 
thrown [s\open\src\hotspot\share\interpreter\linkResolver.cpp, line 774]
Event: 43.040 Thread 0x0000016801b03190 Exception <a 'java/lang/NoSuchMethodError'{0x00000000ff683490}: 'void java.lang.invoke.DelegatingMethodHandle$Holder.delegate(java.lang.Object, java.lang.Object, int, java.lang.Object)'> (0x00000000ff683490) 
thrown [s\open\src\hotspot\share\interpreter\linkResolver.cpp, line 774]
Event: 43.042 Thread 0x0000016801b03190 Exception <a 'java/lang/NoSuchMethodError'{0x00000000ff687220}: 'int java.lang.invoke.DirectMethodHandle$Holder.invokeSpecial(java.lang.Object, java.lang.Object, java.lang.Object)'> (0x00000000ff687220) 
thrown [s\open\src\hotspot\share\interpreter\linkResolver.cpp, line 774]
Event: 44.270 Thread 0x0000016801b03190 Exception <a 'java/lang/NoSuchMethodError'{0x00000000ff3cecf0}: 'java.lang.Object java.lang.invoke.DirectMethodHandle$Holder.newInvokeSpecial(java.lang.Object, java.lang.Object, java.lang.Object, java.lang.Object, java.lang.Object)'> (0x00000000ff3cecf0) 
thrown [s\open\src\hotspot\share\interpreter\linkResolver.cpp, line 774]
Event: 44.282 Thread 0x0000016801b03190 Exception <a 'java/lang/NoSuchMethodError'{0x00000000ff224108}: 'java.lang.Object java.lang.invoke.Invokers$Holder.invokeExact_MT(java.lang.Object, java.lang.Object, java.lang.Object, java.lang.Object, java.lang.Object)'> (0x00000000ff224108) 
thrown [s\open\src\hotspot\share\interpreter\linkResolver.cpp, line 774]
Event: 44.287 Thread 0x0000016801b03190 Exception <a 'java/lang/NoSuchMethodError'{0x00000000ff253b48}: 'java.lang.Object java.lang.invoke.DirectMethodHandle$Holder.invokeVirtual(java.lang.Object, java.lang.Object, java.lang.Object, java.lang.Object, java.lang.Object, java.lang.Object, java.lang.Object)'> (0x00000000ff253b48) 
thrown [s\open\src\hotspot\share\interpreter\linkResolver.cpp, line 774]
Event: 44.295 Thread 0x0000016801b03190 Exception <a 'java/lang/NoSuchMethodError'{0x00000000ff2994c0}: 'java.lang.Object java.lang.invoke.DirectMethodHandle$Holder.invokeVirtual(java.lang.Object, java.lang.Object, java.lang.Object, java.lang.Object)'> (0x00000000ff2994c0) 
thrown [s\open\src\hotspot\share\interpreter\linkResolver.cpp, line 774]
Event: 44.313 Thread 0x0000016801b03190 Exception <a 'java/lang/NoSuchMethodError'{0x00000000ff1511c0}: 'java.lang.Object java.lang.invoke.DirectMethodHandle$Holder.invokeVirtual(java.lang.Object, java.lang.Object, java.lang.Object, java.lang.Object, java.lang.Object, java.lang.Object)'> (0x00000000ff1511c0) 
thrown [s\open\src\hotspot\share\interpreter\linkResolver.cpp, line 774]
Event: 44.461 Thread 0x0000016801b03190 Implicit null exception at 0x0000016813b2543a to 0x0000016813b25698
Event: 44.461 Thread 0x0000016801b03190 Implicit null exception at 0x0000016813ae093d to 0x0000016813ae09bd
Event: 44.879 Thread 0x0000016801b03190 Exception <a 'java/lang/NoSuchMethodError'{0x00000000fee9ca78}: 'int java.lang.invoke.DirectMethodHandle$Holder.invokeVirtual(java.lang.Object, java.lang.Object, java.lang.Object)'> (0x00000000fee9ca78) 
thrown [s\open\src\hotspot\share\interpreter\linkResolver.cpp, line 774]
Event: 45.107 Thread 0x0000016801b03190 Exception <a 'java/lang/NoSuchMethodError'{0x00000000fec2abb0}: 'java.lang.Object java.lang.invoke.DirectMethodHandle$Holder.invokeVirtual(java.lang.Object, java.lang.Object, java.lang.Object, java.lang.Object, java.lang.Object)'> (0x00000000fec2abb0) 
thrown [s\open\src\hotspot\share\interpreter\linkResolver.cpp, line 774]
Event: 45.111 Thread 0x0000016801b03190 Exception <a 'java/lang/NoSuchMethodError'{0x00000000fec3d9b0}: 'java.lang.Object java.lang.invoke.Invokers$Holder.invokeExact_MT(java.lang.Object, java.lang.Object, java.lang.Object, java.lang.Object, java.lang.Object, java.lang.Object)'> (0x00000000fec3d9b0) 
thrown [s\open\src\hotspot\share\interpreter\linkResolver.cpp, line 774]
Event: 45.188 Thread 0x0000016801b03190 Exception <a 'java/lang/NoSuchMethodError'{0x00000000fece98e0}: 'java.lang.Object java.lang.invoke.DirectMethodHandle$Holder.invokeSpecialIFC(java.lang.Object, java.lang.Object, java.lang.Object, java.lang.Object)'> (0x00000000fece98e0) 
thrown [s\open\src\hotspot\share\interpreter\linkResolver.cpp, line 774]
Event: 45.191 Thread 0x0000016801b03190 Exception <a 'java/lang/NoSuchMethodError'{0x00000000fecf2b80}: 'java.lang.Object java.lang.invoke.DirectMethodHandle$Holder.invokeVirtual(java.lang.Object, java.lang.Object, java.lang.Object, java.lang.Object, java.lang.Object, java.lang.Object, java.lang.Object, java.lang.Object)'> (0x00000000fecf2b80) 
thrown [s\open\src\hotspot\share\interpreter\linkResolver.cpp, line 774]
Event: 45.605 Thread 0x0000016801b03190 Exception <a 'java/lang/NoSuchMethodError'{0x00000000fe9b7f00}: 'java.lang.Object java.lang.invoke.DirectMethodHandle$Holder.invokeStaticInit(java.lang.Object, int, int, int, int)'> (0x00000000fe9b7f00) 
thrown [s\open\src\hotspot\share\interpreter\linkResolver.cpp, line 774]
Event: 45.654 Thread 0x0000016801b03190 Exception <a 'java/lang/NoSuchMethodError'{0x00000000fe873298}: 'java.lang.Object java.lang.invoke.DirectMethodHandle$Holder.invokeStaticInit(java.lang.Object, java.lang.Object, int, int, int, int)'> (0x00000000fe873298) 
thrown [s\open\src\hotspot\share\interpreter\linkResolver.cpp, line 774]
Event: 45.669 Thread 0x0000016801b03190 Exception <a 'java/lang/NoSuchMethodError'{0x00000000fe89bc48}: 'void java.lang.invoke.DirectMethodHandle$Holder.invokeStatic(java.lang.Object, java.lang.Object, java.lang.Object)'> (0x00000000fe89bc48) 
thrown [s\open\src\hotspot\share\interpreter\linkResolver.cpp, line 774]
Event: 46.057 Thread 0x0000016801b03190 Exception <a 'java/lang/NoSuchMethodError'{0x00000000fe4d2598}: 'void java.lang.invoke.DirectMethodHandle$Holder.invokeInterface(java.lang.Object, java.lang.Object, java.lang.Object)'> (0x00000000fe4d2598) 
thrown [s\open\src\hotspot\share\interpreter\linkResolver.cpp, line 774]

ZGC Phase Switch (0 events):
No events

VM Operations (20 events):
Event: 42.088 Executing VM operation: HandshakeAllThreads (Deoptimize)
Event: 42.088 Executing VM operation: HandshakeAllThreads (Deoptimize) done
Event: 42.935 Executing VM operation: HandshakeAllThreads (Deoptimize)
Event: 42.935 Executing VM operation: HandshakeAllThreads (Deoptimize) done
Event: 42.935 Executing VM operation: Cleanup
Event: 42.935 Executing VM operation: Cleanup done
Event: 43.936 Executing VM operation: Cleanup
Event: 43.951 Executing VM operation: Cleanup done
Event: 44.125 Executing VM operation: HandshakeAllThreads (Deoptimize)
Event: 44.125 Executing VM operation: HandshakeAllThreads (Deoptimize) done
Event: 44.285 Executing VM operation: HandshakeAllThreads (Deoptimize)
Event: 44.285 Executing VM operation: HandshakeAllThreads (Deoptimize) done
Event: 44.795 Executing VM operation: HandshakeAllThreads (Deoptimize)
Event: 44.795 Executing VM operation: HandshakeAllThreads (Deoptimize) done
Event: 45.645 Executing VM operation: HandshakeAllThreads (Deoptimize)
Event: 45.645 Executing VM operation: HandshakeAllThreads (Deoptimize) done
Event: 45.645 Executing VM operation: Cleanup
Event: 45.645 Executing VM operation: Cleanup done
Event: 46.749 Executing VM operation: G1CollectForAllocation (G1 Evacuation Pause)
Event: 46.806 Executing VM operation: G1CollectForAllocation (G1 Evacuation Pause) done

Memory protections (0 events):
No events

Nmethod flushes (0 events):
No events

Events (12 events):
Event: 2.955 Thread 0x0000016801b03190 Thread added: 0x0000016801b03190
Event: 3.753 Thread 0x0000016801b03190 Thread added: 0x0000016803d4e680
Event: 3.753 Thread 0x0000016801b03190 Thread added: 0x000001681dddc810
Event: 3.754 Thread 0x0000016801b03190 Thread added: 0x000001681dde4400
Event: 3.754 Thread 0x0000016801b03190 Thread added: 0x000001681dde4e60
Event: 3.754 Thread 0x0000016801b03190 Thread added: 0x000001681dde58c0
Event: 3.754 Thread 0x0000016801b03190 Thread added: 0x000001681dde6320
Event: 3.754 Thread 0x0000016801b03190 Thread added: 0x000001681dde9270
Event: 3.764 Thread 0x0000016801b03190 Thread added: 0x000001681ddeb9a0
Event: 3.790 Thread 0x0000016801b03190 Thread added: 0x00000168630c50f0
Event: 3.792 Thread 0x0000016801b03190 Thread added: 0x00000168630c7f80
Event: 43.426 Thread 0x0000016801b03190 Thread added: 0x0000016863c89b50


Dynamic libraries:
0x00007ff7c63d0000 - 0x00007ff7c63e0000 	C:\Program Files\Java\jdk-22\bin\java.exe
0x00007ffa90110000 - 0x00007ffa90327000 	C:\WINDOWS\SYSTEM32\ntdll.dll
0x00007ffa8f3b0000 - 0x00007ffa8f474000 	C:\WINDOWS\System32\KERNEL32.DLL
0x00007ffa8da10000 - 0x00007ffa8ddc7000 	C:\WINDOWS\System32\KERNELBASE.dll
0x00007ffa8d610000 - 0x00007ffa8d721000 	C:\WINDOWS\System32\ucrtbase.dll
0x00007ffa4e780000 - 0x00007ffa4e797000 	C:\Program Files\Java\jdk-22\bin\jli.dll
0x00007ffa8fcc0000 - 0x00007ffa8fe6f000 	C:\WINDOWS\System32\USER32.dll
0x00007ffa8d5e0000 - 0x00007ffa8d606000 	C:\WINDOWS\System32\win32u.dll
0x00007ffa8eee0000 - 0x00007ffa8ef09000 	C:\WINDOWS\System32\GDI32.dll
0x00007ffa8d4c0000 - 0x00007ffa8d5d8000 	C:\WINDOWS\System32\gdi32full.dll
0x00007ffa8d420000 - 0x00007ffa8d4ba000 	C:\WINDOWS\System32\msvcp_win.dll
0x00007ffa4e760000 - 0x00007ffa4e77b000 	C:\Program Files\Java\jdk-22\bin\VCRUNTIME140.dll
0x00007ffa738b0000 - 0x00007ffa73b43000 	C:\WINDOWS\WinSxS\amd64_microsoft.windows.common-controls_6595b64144ccf1df_6.0.22621.3672_none_2713b9d173822955\COMCTL32.dll
0x00007ffa8fc10000 - 0x00007ffa8fcb7000 	C:\WINDOWS\System32\msvcrt.dll
0x00007ffa8fa70000 - 0x00007ffa8faa1000 	C:\WINDOWS\System32\IMM32.DLL
0x00007ffa60b80000 - 0x00007ffa60b8c000 	C:\Program Files\Java\jdk-22\bin\vcruntime140_1.dll
0x00007ffa4bc20000 - 0x00007ffa4bcae000 	C:\Program Files\Java\jdk-22\bin\msvcp140.dll
0x00007ffa39710000 - 0x00007ffa3a459000 	C:\Program Files\Java\jdk-22\bin\server\jvm.dll
0x00007ffa8f480000 - 0x00007ffa8f532000 	C:\WINDOWS\System32\ADVAPI32.dll
0x00007ffa8f9c0000 - 0x00007ffa8fa68000 	C:\WINDOWS\System32\sechost.dll
0x00007ffa8d730000 - 0x00007ffa8d758000 	C:\WINDOWS\System32\bcrypt.dll
0x00007ffa8e320000 - 0x00007ffa8e434000 	C:\WINDOWS\System32\RPCRT4.dll
0x00007ffa8e2a0000 - 0x00007ffa8e311000 	C:\WINDOWS\System32\WS2_32.dll
0x00007ffa8c2d0000 - 0x00007ffa8c31d000 	C:\WINDOWS\SYSTEM32\POWRPROF.dll
0x00007ffa8aeb0000 - 0x00007ffa8aee4000 	C:\WINDOWS\SYSTEM32\WINMM.dll
0x00007ffa806e0000 - 0x00007ffa806ea000 	C:\WINDOWS\SYSTEM32\VERSION.dll
0x00007ffa8c2b0000 - 0x00007ffa8c2c3000 	C:\WINDOWS\SYSTEM32\UMPDC.dll
0x00007ffa8c560000 - 0x00007ffa8c578000 	C:\WINDOWS\SYSTEM32\kernel.appcore.dll
0x00007ffa60190000 - 0x00007ffa6019a000 	C:\Program Files\Java\jdk-22\bin\jimage.dll
0x00007ffa8abc0000 - 0x00007ffa8adf2000 	C:\WINDOWS\SYSTEM32\DBGHELP.DLL
0x00007ffa8ef80000 - 0x00007ffa8f30e000 	C:\WINDOWS\System32\combase.dll
0x00007ffa8fe70000 - 0x00007ffa8ff47000 	C:\WINDOWS\System32\OLEAUT32.dll
0x00007ffa8ae70000 - 0x00007ffa8aea2000 	C:\WINDOWS\SYSTEM32\dbgcore.DLL
0x00007ffa8d760000 - 0x00007ffa8d7db000 	C:\WINDOWS\System32\bcryptPrimitives.dll
0x00007ffa4e740000 - 0x00007ffa4e75e000 	C:\Program Files\Java\jdk-22\bin\java.dll
0x00007ffa8e5f0000 - 0x00007ffa8ee59000 	C:\WINDOWS\System32\SHELL32.dll
0x00007ffa8e440000 - 0x00007ffa8e5e5000 	C:\WINDOWS\System32\ole32.dll
0x00007ffa8b390000 - 0x00007ffa8bc8f000 	C:\WINDOWS\SYSTEM32\windows.storage.dll
0x00007ffa8b250000 - 0x00007ffa8b38f000 	C:\WINDOWS\SYSTEM32\wintypes.dll
0x00007ffa8e140000 - 0x00007ffa8e239000 	C:\WINDOWS\System32\SHCORE.dll
0x00007ffa8ef10000 - 0x00007ffa8ef6e000 	C:\WINDOWS\System32\shlwapi.dll
0x00007ffa8d350000 - 0x00007ffa8d377000 	C:\WINDOWS\SYSTEM32\profapi.dll
0x00007ffa4b630000 - 0x00007ffa4b707000 	C:\Program Files\Java\jdk-22\bin\jsvml.dll
0x00007ffa5cc80000 - 0x00007ffa5cc90000 	C:\Program Files\Java\jdk-22\bin\net.dll
0x00007ffa8c9d0000 - 0x00007ffa8ca39000 	C:\WINDOWS\system32\mswsock.dll
0x00007ffa4bc00000 - 0x00007ffa4bc16000 	C:\Program Files\Java\jdk-22\bin\nio.dll
0x00007ffa4bbe0000 - 0x00007ffa4bbf7000 	C:\Program Files\Java\jdk-22\bin\zip.dll
0x00007ffa55ec0000 - 0x00007ffa55ed0000 	C:\Program Files\Java\jdk-22\bin\verify.dll
0x00007ffa2bdb0000 - 0x00007ffa2bdd7000 	C:\Users\limoo\.gradle\native\c067742578af261105cb4f569cf0c3c89f3d7b1fecec35dd04571415982c5e48\windows-amd64\native-platform.dll
0x00007ffa5caa0000 - 0x00007ffa5caaa000 	C:\Program Files\Java\jdk-22\bin\management.dll
0x00007ffa5a5e0000 - 0x00007ffa5a5eb000 	C:\Program Files\Java\jdk-22\bin\management_ext.dll
0x00007ffa8ef70000 - 0x00007ffa8ef78000 	C:\WINDOWS\System32\PSAPI.DLL
0x00007ffa8cc20000 - 0x00007ffa8cc3b000 	C:\WINDOWS\SYSTEM32\CRYPTSP.dll
0x00007ffa8c4c0000 - 0x00007ffa8c4f5000 	C:\WINDOWS\system32\rsaenh.dll
0x00007ffa8cac0000 - 0x00007ffa8cae8000 	C:\WINDOWS\SYSTEM32\USERENV.dll
0x00007ffa8cc40000 - 0x00007ffa8cc4c000 	C:\WINDOWS\SYSTEM32\CRYPTBASE.dll
0x00007ffa8bed0000 - 0x00007ffa8befd000 	C:\WINDOWS\SYSTEM32\IPHLPAPI.DLL
0x00007ffa8f310000 - 0x00007ffa8f319000 	C:\WINDOWS\System32\NSI.dll
0x00007ffa58a20000 - 0x00007ffa58a29000 	C:\Program Files\Java\jdk-22\bin\extnet.dll

dbghelp: loaded successfully - version: 4.0.5 - missing functions: none
symbol engine: initialized successfully - sym options: 0x614 - pdb path: .;C:\Program Files\Java\jdk-22\bin;C:\WINDOWS\SYSTEM32;C:\WINDOWS\WinSxS\amd64_microsoft.windows.common-controls_6595b64144ccf1df_6.0.22621.3672_none_2713b9d173822955;C:\Program Files\Java\jdk-22\bin\server;C:\Users\limoo\.gradle\native\c067742578af261105cb4f569cf0c3c89f3d7b1fecec35dd04571415982c5e48\windows-amd64

VM Arguments:
jvm_args: -Xmx64m -Xms64m -Dorg.gradle.appname=gradlew 
java_command: org.gradle.wrapper.GradleWrapperMain app:installDebug -PreactNativeDevServerPort=8081
java_class_path (initial): C:\Users\limoo\capoc\android\\gradle\wrapper\gradle-wrapper.jar
Launcher Type: SUN_STANDARD

[Global flags]
     intx CICompilerCount                          = 4                                         {product} {ergonomic}
     uint ConcGCThreads                            = 2                                         {product} {ergonomic}
     uint G1ConcRefinementThreads                  = 8                                         {product} {ergonomic}
   size_t G1HeapRegionSize                         = 1048576                                   {product} {ergonomic}
   size_t InitialHeapSize                          = 67108864                                  {product} {command line}
   size_t MarkStackSize                            = 4194304                                   {product} {ergonomic}
   size_t MaxHeapSize                              = 67108864                                  {product} {command line}
   size_t MaxNewSize                               = 39845888                                  {product} {ergonomic}
   size_t MinHeapDeltaBytes                        = 1048576                                   {product} {ergonomic}
   size_t MinHeapSize                              = 67108864                                  {product} {command line}
    uintx NonNMethodCodeHeapSize                   = 5839372                                {pd product} {ergonomic}
    uintx NonProfiledCodeHeapSize                  = 122909434                              {pd product} {ergonomic}
    uintx ProfiledCodeHeapSize                     = 122909434                              {pd product} {ergonomic}
    uintx ReservedCodeCacheSize                    = 251658240                              {pd product} {ergonomic}
     bool SegmentedCodeCache                       = true                                      {product} {ergonomic}
   size_t SoftMaxHeapSize                          = 67108864                               {manageable} {ergonomic}
     bool UseCompressedOops                        = true                           {product lp64_product} {ergonomic}
     bool UseG1GC                                  = true                                      {product} {ergonomic}
     bool UseLargePagesIndividualAllocation        = false                                  {pd product} {ergonomic}

Logging:
Log output configuration:
 #0: stdout all=warning uptime,level,tags foldmultilines=false
 #1: stderr all=off uptime,level,tags foldmultilines=false

Environment Variables:
JAVA_HOME=C:\Program Files\Java\jdk-22
CLASSPATH=C:\Users\limoo\capoc\android\\gradle\wrapper\gradle-wrapper.jar
PATH=C:\Users\limoo\capoc\node_modules\.bin;C:\Users\limoo\capoc\node_modules\.bin;C:\Users\limoo\node_modules\.bin;C:\Users\node_modules\.bin;C:\node_modules\.bin;C:\Users\limoo\AppData\Roaming\npm\node_modules\npm\node_modules\@npmcli\run-script\lib\node-gyp-bin;C:\Users\limoo\capoc\node_modules\.bin;C:\Users\limoo\capoc\node_modules\.bin;C:\Users\limoo\node_modules\.bin;C:\Users\node_modules\.bin;C:\node_modules\.bin;C:\Users\limoo\AppData\Roaming\npm\node_modules\npm\node_modules\@npmcli\run-script\lib\node-gyp-bin;%JAVA_HOME%\bin;C:\Program Files\nodejs\;C:\Program Files\Common Files\Oracle\Java\javapath;C:\WINDOWS\system32;C:\WINDOWS;C:\WINDOWS\System32\Wbem;C:\WINDOWS\System32\WindowsPowerShell\v1.0\;C:\WINDOWS\System32\OpenSSH\;C:\ProgramData\chocolatey\bin;C:\Program Files\Git\cmd;C:\flutter\bin;C:\Program Files (x86)\Windows Kits\10\Windows Performance Toolkit\;C:\Users\limoo\gradle-8.10.2\bin;C:\Users\limoo\AppData\Local\Programs\Python\Python313\Scripts\;C:\Users\limoo\AppData\Local\Programs\Python\Python313\;C:\Users\limoo\AppData\Local\Microsoft\WindowsApps;C:\Users\limoo\AppData\Local\Android\Sdk\platform-tools;C:\Users\limoo\AppData\Roaming\npm;C:\Users\limoo\AppData\Local\Programs\Microsoft VS Code\bin;C:\flutter\bin;
USERNAME=limoo
LANG=en_US.UTF-8
OS=Windows_NT
PROCESSOR_IDENTIFIER=Intel64 Family 6 Model 140 Stepping 2, GenuineIntel
TMP=C:\Users\limoo\AppData\Local\Temp
TEMP=C:\Users\limoo\AppData\Local\Temp




Periodic native trim disabled

---------------  S Y S T E M  ---------------

OS:
 Windows 11 , 64 bit Build 22621 (10.0.22621.3958)
OS uptime: 11 days 8:09 hours

CPU: total 8 (initial active 8) (4 cores per cpu, 2 threads per core) family 6 model 140 stepping 2 microcode 0x16, cx8, cmov, fxsr, ht, mmx, 3dnowpref, sse, sse2, sse3, ssse3, sse4.1, sse4.2, popcnt, lzcnt, tsc, tscinvbit, avx, avx2, aes, erms, clmul, bmi1, bmi2, adx, avx512f, avx512dq, avx512cd, avx512bw, avx512vl, sha, fma, vzeroupper, avx512_vpopcntdq, avx512_vpclmulqdq, avx512_vaes, avx512_vnni, clflush, clflushopt, clwb, avx512_vbmi2, avx512_vbmi, rdtscp, rdpid, fsrm, gfni, avx512_bitalg, f16c, pku, cet_ibt, cet_ss, avx512_ifma
Processor Information for all 8 processors :
  Max Mhz: 2496, Current Mhz: 2496, Mhz Limit: 2496

Memory: 4k page, system-wide physical 7900M (7M free)
TotalPageFile size 32476M (AvailPageFile size 0M)
current process WorkingSet (physical memory assigned to process): 92M, peak: 92M
current process commit charge ("private bytes"): 166M, peak: 167M

vm_info: Java HotSpot(TM) 64-Bit Server VM (22.0.2+9-70) for windows-amd64 JRE (22.0.2+9-70), built on 2024-06-04T16:52:23Z by "mach5one" with MS VC++ 17.6 (VS2022)

END.
