#
# There is insufficient memory for the Java Runtime Environment to continue.
# Native memory allocation (malloc) failed to allocate 32784 bytes. Error detail: Chunk::new
# Possible reasons:
#   The system is out of physical RAM or swap space
#   This process is running with CompressedOops enabled, and the Java Heap may be blocking the growth of the native heap
# Possible solutions:
#   Reduce memory load on the system
#   Increase physical memory or swap space
#   Check if swap backing store is full
#   Decrease Java heap size (-Xmx/-Xms)
#   Decrease number of Java threads
#   Decrease Java thread stack sizes (-Xss)
#   Set larger code cache with -XX:ReservedCodeCacheSize=
#   JVM is running with Unscaled Compressed Oops mode in which the Java heap is
#     placed in the first 4GB address space. The Java Heap base address is the
#     maximum limit for the native heap growth. Please use -XX:HeapBaseMinAddress
#     to set the Java Heap base and to place the Java Heap above 4GB virtual address.
# This output file may be truncated or incomplete.
#
#  Out of Memory Error (arena.cpp:150), pid=8540, tid=32032
#
# JRE version: Java(TM) SE Runtime Environment (22.0.2+9) (build 22.0.2+9-70)
# Java VM: Java HotSpot(TM) 64-Bit Server VM (22.0.2+9-70, mixed mode, sharing, tiered, compressed oops, compressed class ptrs, g1 gc, windows-amd64)
# No core dump will be written. Minidumps are not enabled by default on client versions of Windows
#

---------------  S U M M A R Y ------------

Command Line: -Xmx64m -Xms64m -Dorg.gradle.appname=gradlew org.gradle.wrapper.GradleWrapperMain app:installDebug -PreactNativeDevServerPort=8081

Host: 11th Gen Intel(R) Core(TM) i5-1155G7 @ 2.50GHz, 8 cores, 7G,  Windows 11 , 64 bit Build 22621 (10.0.22621.3958)
Time: Sat Nov  2 19:12:57 2024  Windows 11 , 64 bit Build 22621 (10.0.22621.3958) elapsed time: 17.678139 seconds (0d 0h 0m 17s)

---------------  T H R E A D  ---------------

Current thread (0x000001b2c113bea0):  JavaThread "C2 CompilerThread0" daemon [_thread_in_native, id=32032, stack(0x0000003f3ef00000,0x0000003f3f000000) (1024K)]


Current CompileTask:
C2:17678  717 %     4       java.util.zip.ZipFile$Source::initCEN @ 261 (612 bytes)

Stack: [0x0000003f3ef00000,0x0000003f3f000000]
Native frames: (J=compiled Java code, j=interpreted, Vv=VM code, C=native code)
V  [jvm.dll+0x6e26e9]  (no source info available)
V  [jvm.dll+0x875753]  (no source info available)
V  [jvm.dll+0x877b7e]  (no source info available)
V  [jvm.dll+0x878253]  (no source info available)
V  [jvm.dll+0x27fc86]  (no source info available)
V  [jvm.dll+0xc3d0f]  (no source info available)
V  [jvm.dll+0xc40fb]  (no source info available)
V  [jvm.dll+0xc3bbb]  (no source info available)
V  [jvm.dll+0x142504]  (no source info available)
V  [jvm.dll+0x140422]  (no source info available)
V  [jvm.dll+0x13fd48]  (no source info available)
V  [jvm.dll+0x24778e]  (no source info available)
V  [jvm.dll+0x246e9f]  (no source info available)
V  [jvm.dll+0x1c4e80]  (no source info available)
V  [jvm.dll+0x2568f3]  (no source info available)
V  [jvm.dll+0x254baa]  (no source info available)
V  [jvm.dll+0x3f57a6]  (no source info available)
V  [jvm.dll+0x81dc0b]  (no source info available)
V  [jvm.dll+0x6e0d85]  (no source info available)
C  [ucrtbase.dll+0x29333]  (no source info available)
C  [KERNEL32.DLL+0x1257d]  (no source info available)
C  [ntdll.dll+0x5af08]  (no source info available)


---------------  P R O C E S S  ---------------

Threads class SMR info:
_java_thread_list=0x000001b2c1199e80, length=11, elements={
0x000001b2c3152cb0, 0x000001b2c112cac0, 0x000001b2c112f9a0, 0x000001b2c1136240,
0x000001b2c1136d90, 0x000001b2c11384c0, 0x000001b2c1139010, 0x000001b2c113bea0,
0x000001b2c1141be0, 0x000001b2c11b8450, 0x000001b2c11c16f0
}

Java Threads: ( => current thread )
  0x000001b2c3152cb0 JavaThread "main"                              [_thread_in_native, id=34500, stack(0x0000003f3e100000,0x0000003f3e200000) (1024K)]
  0x000001b2c112cac0 JavaThread "Reference Handler"          daemon [_thread_blocked, id=37440, stack(0x0000003f3e900000,0x0000003f3ea00000) (1024K)]
  0x000001b2c112f9a0 JavaThread "Finalizer"                  daemon [_thread_blocked, id=33764, stack(0x0000003f3ea00000,0x0000003f3eb00000) (1024K)]
  0x000001b2c1136240 JavaThread "Signal Dispatcher"          daemon [_thread_blocked, id=4840, stack(0x0000003f3eb00000,0x0000003f3ec00000) (1024K)]
  0x000001b2c1136d90 JavaThread "Attach Listener"            daemon [_thread_blocked, id=14912, stack(0x0000003f3ec00000,0x0000003f3ed00000) (1024K)]
  0x000001b2c11384c0 JavaThread "Service Thread"             daemon [_thread_blocked, id=9948, stack(0x0000003f3ed00000,0x0000003f3ee00000) (1024K)]
  0x000001b2c1139010 JavaThread "Monitor Deflation Thread"   daemon [_thread_blocked, id=31164, stack(0x0000003f3ee00000,0x0000003f3ef00000) (1024K)]
=>0x000001b2c113bea0 JavaThread "C2 CompilerThread0"         daemon [_thread_in_native, id=32032, stack(0x0000003f3ef00000,0x0000003f3f000000) (1024K)]
  0x000001b2c1141be0 JavaThread "C1 CompilerThread0"         daemon [_thread_blocked, id=39552, stack(0x0000003f3f000000,0x0000003f3f100000) (1024K)]
  0x000001b2c11b8450 JavaThread "Notification Thread"        daemon [_thread_blocked, id=23776, stack(0x0000003f3f100000,0x0000003f3f200000) (1024K)]
  0x000001b2c11c16f0 JavaThread "Common-Cleaner"             daemon [_thread_blocked, id=3392, stack(0x0000003f3f200000,0x0000003f3f300000) (1024K)]
Total: 11

Other Threads:
  0x000001b2c547c590 VMThread "VM Thread"                           [id=43108, stack(0x0000003f3e800000,0x0000003f3e900000) (1024K)]
  0x000001b2c5467a00 WatcherThread "VM Periodic Task Thread"        [id=10576, stack(0x0000003f3e700000,0x0000003f3e800000) (1024K)]
  0x000001b2c53ee590 WorkerThread "GC Thread#0"                     [id=10140, stack(0x0000003f3e200000,0x0000003f3e300000) (1024K)]
  0x000001b2c1672220 WorkerThread "GC Thread#1"                     [id=25944, stack(0x0000003f3f300000,0x0000003f3f400000) (1024K)]
  0x000001b2c12da390 WorkerThread "GC Thread#2"                     [id=23160, stack(0x0000003f3f400000,0x0000003f3f500000) (1024K)]
  0x000001b2c1a86fc0 WorkerThread "GC Thread#3"                     [id=24888, stack(0x0000003f3f500000,0x0000003f3f600000) (1024K)]
  0x000001b2c53efd80 ConcurrentGCThread "G1 Main Marker"            [id=33660, stack(0x0000003f3e300000,0x0000003f3e400000) (1024K)]
  0x000001b2c53f0890 WorkerThread "G1 Conc#0"                       [id=4540, stack(0x0000003f3e400000,0x0000003f3e500000) (1024K)]
  0x000001b2c545a9b0 ConcurrentGCThread "G1 Refine#0"               [id=1968, stack(0x0000003f3e500000,0x0000003f3e600000) (1024K)]
  0x000001b2c545b530 ConcurrentGCThread "G1 Service"                [id=2452, stack(0x0000003f3e600000,0x0000003f3e700000) (1024K)]
Total: 10

Threads with active compile tasks:
C2 CompilerThread0  18761  717 %     4       java.util.zip.ZipFile$Source::initCEN @ 261 (612 bytes)
Total: 1

VM state: not at safepoint (normal execution)

VM Mutex/Monitor currently owned by a thread: None

Heap address: 0x00000000fc000000, size: 64 MB, Compressed Oops mode: 32-bit

CDS archive(s) mapped at: [0x000001b280000000-0x000001b280c60000-0x000001b280c60000), size 12976128, SharedBaseAddress: 0x000001b280000000, ArchiveRelocationMode: 1.
Compressed class space mapped at: 0x000001b281000000-0x000001b2c1000000, reserved size: 1073741824
Narrow klass base: 0x000001b280000000, Narrow klass shift: 0, Narrow klass range: 0x41000000

GC Precious Log:
 CardTable entry size: 512
 Card Set container configuration: InlinePtr #cards 5 size 8 Array Of Cards #cards 12 size 40 Howl #buckets 4 coarsen threshold 1843 Howl Bitmap #cards 512 size 80 coarsen threshold 460 Card regions per heap region 1 cards per card region 2048
 CPUs: 8 total, 8 available
 Memory: 7900M
 Large Page Support: Disabled
 NUMA Support: Disabled
 Compressed Oops: Enabled (32-bit)
 Heap Region Size: 1M
 Heap Min Capacity: 64M
 Heap Initial Capacity: 64M
 Heap Max Capacity: 64M
 Pre-touch: Disabled
 Parallel Workers: 8
 Concurrent Workers: 2
 Concurrent Refinement Workers: 8
 Periodic GC: Disabled

Heap:
 garbage-first heap   total reserved 65536K, committed 65536K, used 10752K [0x00000000fc000000, 0x0000000100000000)
  region size 1024K, 5 young (5120K), 3 survivors (3072K)
 Metaspace       used 1728K, committed 1920K, reserved 1114112K
  class space    used 153K, committed 256K, reserved 1048576K

Heap Regions: E=young(eden), S=young(survivor), O=old, HS=humongous(starts), HC=humongous(continues), CS=collection set, F=free, TAMS=top-at-mark-start, PB=parsable bottom
|   0|0x00000000fc000000, 0x00000000fc100000, 0x00000000fc100000|100%| O|  |TAMS 0x00000000fc000000| PB 0x00000000fc000000| Untracked |  0
|   1|0x00000000fc100000, 0x00000000fc200000, 0x00000000fc200000|100%| O|  |TAMS 0x00000000fc100000| PB 0x00000000fc100000| Untracked |  0
|   2|0x00000000fc200000, 0x00000000fc280000, 0x00000000fc300000| 50%| O|  |TAMS 0x00000000fc200000| PB 0x00000000fc200000| Untracked |  0
|   3|0x00000000fc300000, 0x00000000fc400000, 0x00000000fc400000|100%|HS|  |TAMS 0x00000000fc300000| PB 0x00000000fc300000| Complete |  0
|   4|0x00000000fc400000, 0x00000000fc500000, 0x00000000fc500000|100%|HC|  |TAMS 0x00000000fc400000| PB 0x00000000fc400000| Complete |  0
|   5|0x00000000fc500000, 0x00000000fc600000, 0x00000000fc600000|100%|HC|  |TAMS 0x00000000fc500000| PB 0x00000000fc500000| Complete |  0
|   6|0x00000000fc600000, 0x00000000fc700000, 0x00000000fc700000|100%|HC|  |TAMS 0x00000000fc600000| PB 0x00000000fc600000| Complete |  0
|   7|0x00000000fc700000, 0x00000000fc700000, 0x00000000fc800000|  0%| F|  |TAMS 0x00000000fc700000| PB 0x00000000fc700000| Untracked |  0
|   8|0x00000000fc800000, 0x00000000fc800000, 0x00000000fc900000|  0%| F|  |TAMS 0x00000000fc800000| PB 0x00000000fc800000| Untracked |  0
|   9|0x00000000fc900000, 0x00000000fc900000, 0x00000000fca00000|  0%| F|  |TAMS 0x00000000fc900000| PB 0x00000000fc900000| Untracked |  0
|  10|0x00000000fca00000, 0x00000000fca00000, 0x00000000fcb00000|  0%| F|  |TAMS 0x00000000fca00000| PB 0x00000000fca00000| Untracked |  0
|  11|0x00000000fcb00000, 0x00000000fcb00000, 0x00000000fcc00000|  0%| F|  |TAMS 0x00000000fcb00000| PB 0x00000000fcb00000| Untracked |  0
|  12|0x00000000fcc00000, 0x00000000fcc00000, 0x00000000fcd00000|  0%| F|  |TAMS 0x00000000fcc00000| PB 0x00000000fcc00000| Untracked |  0
|  13|0x00000000fcd00000, 0x00000000fcd00000, 0x00000000fce00000|  0%| F|  |TAMS 0x00000000fcd00000| PB 0x00000000fcd00000| Untracked |  0
|  14|0x00000000fce00000, 0x00000000fce00000, 0x00000000fcf00000|  0%| F|  |TAMS 0x00000000fce00000| PB 0x00000000fce00000| Untracked |  0
|  15|0x00000000fcf00000, 0x00000000fcf00000, 0x00000000fd000000|  0%| F|  |TAMS 0x00000000fcf00000| PB 0x00000000fcf00000| Untracked |  0
|  16|0x00000000fd000000, 0x00000000fd000000, 0x00000000fd100000|  0%| F|  |TAMS 0x00000000fd000000| PB 0x00000000fd000000| Untracked |  0
|  17|0x00000000fd100000, 0x00000000fd100000, 0x00000000fd200000|  0%| F|  |TAMS 0x00000000fd100000| PB 0x00000000fd100000| Untracked |  0
|  18|0x00000000fd200000, 0x00000000fd200000, 0x00000000fd300000|  0%| F|  |TAMS 0x00000000fd200000| PB 0x00000000fd200000| Untracked |  0
|  19|0x00000000fd300000, 0x00000000fd300000, 0x00000000fd400000|  0%| F|  |TAMS 0x00000000fd300000| PB 0x00000000fd300000| Untracked |  0
|  20|0x00000000fd400000, 0x00000000fd400000, 0x00000000fd500000|  0%| F|  |TAMS 0x00000000fd400000| PB 0x00000000fd400000| Untracked |  0
|  21|0x00000000fd500000, 0x00000000fd500000, 0x00000000fd600000|  0%| F|  |TAMS 0x00000000fd500000| PB 0x00000000fd500000| Untracked |  0
|  22|0x00000000fd600000, 0x00000000fd600000, 0x00000000fd700000|  0%| F|  |TAMS 0x00000000fd600000| PB 0x00000000fd600000| Untracked |  0
|  23|0x00000000fd700000, 0x00000000fd700000, 0x00000000fd800000|  0%| F|  |TAMS 0x00000000fd700000| PB 0x00000000fd700000| Untracked |  0
|  24|0x00000000fd800000, 0x00000000fd800000, 0x00000000fd900000|  0%| F|  |TAMS 0x00000000fd800000| PB 0x00000000fd800000| Untracked |  0
|  25|0x00000000fd900000, 0x00000000fd900000, 0x00000000fda00000|  0%| F|  |TAMS 0x00000000fd900000| PB 0x00000000fd900000| Untracked |  0
|  26|0x00000000fda00000, 0x00000000fda00000, 0x00000000fdb00000|  0%| F|  |TAMS 0x00000000fda00000| PB 0x00000000fda00000| Untracked |  0
|  27|0x00000000fdb00000, 0x00000000fdb00000, 0x00000000fdc00000|  0%| F|  |TAMS 0x00000000fdb00000| PB 0x00000000fdb00000| Untracked |  0
|  28|0x00000000fdc00000, 0x00000000fdc00000, 0x00000000fdd00000|  0%| F|  |TAMS 0x00000000fdc00000| PB 0x00000000fdc00000| Untracked |  0
|  29|0x00000000fdd00000, 0x00000000fdd00000, 0x00000000fde00000|  0%| F|  |TAMS 0x00000000fdd00000| PB 0x00000000fdd00000| Untracked |  0
|  30|0x00000000fde00000, 0x00000000fde00000, 0x00000000fdf00000|  0%| F|  |TAMS 0x00000000fde00000| PB 0x00000000fde00000| Untracked |  0
|  31|0x00000000fdf00000, 0x00000000fdf00000, 0x00000000fe000000|  0%| F|  |TAMS 0x00000000fdf00000| PB 0x00000000fdf00000| Untracked |  0
|  32|0x00000000fe000000, 0x00000000fe000000, 0x00000000fe100000|  0%| F|  |TAMS 0x00000000fe000000| PB 0x00000000fe000000| Untracked |  0
|  33|0x00000000fe100000, 0x00000000fe100000, 0x00000000fe200000|  0%| F|  |TAMS 0x00000000fe100000| PB 0x00000000fe100000| Untracked |  0
|  34|0x00000000fe200000, 0x00000000fe200000, 0x00000000fe300000|  0%| F|  |TAMS 0x00000000fe200000| PB 0x00000000fe200000| Untracked |  0
|  35|0x00000000fe300000, 0x00000000fe300000, 0x00000000fe400000|  0%| F|  |TAMS 0x00000000fe300000| PB 0x00000000fe300000| Untracked |  0
|  36|0x00000000fe400000, 0x00000000fe400000, 0x00000000fe500000|  0%| F|  |TAMS 0x00000000fe400000| PB 0x00000000fe400000| Untracked |  0
|  37|0x00000000fe500000, 0x00000000fe600000, 0x00000000fe600000|100%| S|CS|TAMS 0x00000000fe500000| PB 0x00000000fe500000| Complete |  0
|  38|0x00000000fe600000, 0x00000000fe700000, 0x00000000fe700000|100%| S|CS|TAMS 0x00000000fe600000| PB 0x00000000fe600000| Complete |  0
|  39|0x00000000fe700000, 0x00000000fe800000, 0x00000000fe800000|100%| S|CS|TAMS 0x00000000fe700000| PB 0x00000000fe700000| Complete |  0
|  40|0x00000000fe800000, 0x00000000fe800000, 0x00000000fe900000|  0%| F|  |TAMS 0x00000000fe800000| PB 0x00000000fe800000| Untracked |  0
|  41|0x00000000fe900000, 0x00000000fe900000, 0x00000000fea00000|  0%| F|  |TAMS 0x00000000fe900000| PB 0x00000000fe900000| Untracked |  0
|  42|0x00000000fea00000, 0x00000000fea00000, 0x00000000feb00000|  0%| F|  |TAMS 0x00000000fea00000| PB 0x00000000fea00000| Untracked |  0
|  43|0x00000000feb00000, 0x00000000feb00000, 0x00000000fec00000|  0%| F|  |TAMS 0x00000000feb00000| PB 0x00000000feb00000| Untracked |  0
|  44|0x00000000fec00000, 0x00000000fec00000, 0x00000000fed00000|  0%| F|  |TAMS 0x00000000fec00000| PB 0x00000000fec00000| Untracked |  0
|  45|0x00000000fed00000, 0x00000000fed00000, 0x00000000fee00000|  0%| F|  |TAMS 0x00000000fed00000| PB 0x00000000fed00000| Untracked |  0
|  46|0x00000000fee00000, 0x00000000fee00000, 0x00000000fef00000|  0%| F|  |TAMS 0x00000000fee00000| PB 0x00000000fee00000| Untracked |  0
|  47|0x00000000fef00000, 0x00000000fef00000, 0x00000000ff000000|  0%| F|  |TAMS 0x00000000fef00000| PB 0x00000000fef00000| Untracked |  0
|  48|0x00000000ff000000, 0x00000000ff000000, 0x00000000ff100000|  0%| F|  |TAMS 0x00000000ff000000| PB 0x00000000ff000000| Untracked |  0
|  49|0x00000000ff100000, 0x00000000ff100000, 0x00000000ff200000|  0%| F|  |TAMS 0x00000000ff100000| PB 0x00000000ff100000| Untracked |  0
|  50|0x00000000ff200000, 0x00000000ff200000, 0x00000000ff300000|  0%| F|  |TAMS 0x00000000ff200000| PB 0x00000000ff200000| Untracked |  0
|  51|0x00000000ff300000, 0x00000000ff300000, 0x00000000ff400000|  0%| F|  |TAMS 0x00000000ff300000| PB 0x00000000ff300000| Untracked |  0
|  52|0x00000000ff400000, 0x00000000ff400000, 0x00000000ff500000|  0%| F|  |TAMS 0x00000000ff400000| PB 0x00000000ff400000| Untracked |  0
|  53|0x00000000ff500000, 0x00000000ff500000, 0x00000000ff600000|  0%| F|  |TAMS 0x00000000ff500000| PB 0x00000000ff500000| Untracked |  0
|  54|0x00000000ff600000, 0x00000000ff600000, 0x00000000ff700000|  0%| F|  |TAMS 0x00000000ff600000| PB 0x00000000ff600000| Untracked |  0
|  55|0x00000000ff700000, 0x00000000ff700000, 0x00000000ff800000|  0%| F|  |TAMS 0x00000000ff700000| PB 0x00000000ff700000| Untracked |  0
|  56|0x00000000ff800000, 0x00000000ff800000, 0x00000000ff900000|  0%| F|  |TAMS 0x00000000ff800000| PB 0x00000000ff800000| Untracked |  0
|  57|0x00000000ff900000, 0x00000000ff900000, 0x00000000ffa00000|  0%| F|  |TAMS 0x00000000ff900000| PB 0x00000000ff900000| Untracked |  0
|  58|0x00000000ffa00000, 0x00000000ffa00000, 0x00000000ffb00000|  0%| F|  |TAMS 0x00000000ffa00000| PB 0x00000000ffa00000| Untracked |  0
|  59|0x00000000ffb00000, 0x00000000ffb00000, 0x00000000ffc00000|  0%| F|  |TAMS 0x00000000ffb00000| PB 0x00000000ffb00000| Untracked |  0
|  60|0x00000000ffc00000, 0x00000000ffc00000, 0x00000000ffd00000|  0%| F|  |TAMS 0x00000000ffc00000| PB 0x00000000ffc00000| Untracked |  0
|  61|0x00000000ffd00000, 0x00000000ffd00000, 0x00000000ffe00000|  0%| F|  |TAMS 0x00000000ffd00000| PB 0x00000000ffd00000| Untracked |  0
|  62|0x00000000ffe00000, 0x00000000ffe7bce8, 0x00000000fff00000| 48%| E|  |TAMS 0x00000000ffe00000| PB 0x00000000ffe00000| Complete |  0
|  63|0x00000000fff00000, 0x0000000100000000, 0x0000000100000000|100%| E|CS|TAMS 0x00000000fff00000| PB 0x00000000fff00000| Complete |  0

Card table byte_map: [0x000001b2c5330000,0x000001b2c5350000] _byte_map_base: 0x000001b2c4b50000

Marking Bits: (CMBitMap*) 0x000001b2c53eeca0
 Bits: [0x000001b2dca60000, 0x000001b2dcb60000)

Polling page: 0x000001b2c4b90000

Metaspace:

Usage:
  Non-class:      1.54 MB used.
      Class:    153.69 KB used.
       Both:      1.69 MB used.

Virtual space:
  Non-class space:       64.00 MB reserved,       1.62 MB (  3%) committed,  1 nodes.
      Class space:        1.00 GB reserved,     256.00 KB ( <1%) committed,  1 nodes.
             Both:        1.06 GB reserved,       1.88 MB ( <1%) committed. 

Chunk freelists:
   Non-Class:  11.71 MB
       Class:  15.69 MB
        Both:  27.40 MB

MaxMetaspaceSize: unlimited
CompressedClassSpaceSize: 1.00 GB
Initial GC threshold: 21.00 MB
Current GC threshold: 21.00 MB
CDS: on
 - commit_granule_bytes: 65536.
 - commit_granule_words: 8192.
 - virtual_space_node_default_size: 8388608.
 - enlarge_chunks_in_place: 1.
 - use_allocation_guard: 0.


Internal statistics:

num_allocs_failed_limit: 0.
num_arena_births: 26.
num_arena_deaths: 0.
num_vsnodes_births: 2.
num_vsnodes_deaths: 0.
num_space_committed: 30.
num_space_uncommitted: 0.
num_chunks_returned_to_freelist: 0.
num_chunks_taken_from_freelist: 55.
num_chunk_merges: 0.
num_chunk_splits: 30.
num_chunks_enlarged: 19.
num_inconsistent_stats: 0.

CodeHeap 'non-profiled nmethods': size=120000Kb used=272Kb max_used=272Kb free=119727Kb
 bounds [0x000001b2d51f0000, 0x000001b2d5460000, 0x000001b2dc720000]
CodeHeap 'profiled nmethods': size=120000Kb used=1322Kb max_used=1322Kb free=118677Kb
 bounds [0x000001b2cd720000, 0x000001b2cd990000, 0x000001b2d4c50000]
CodeHeap 'non-nmethods': size=5760Kb used=1446Kb max_used=1467Kb free=4313Kb
 bounds [0x000001b2d4c50000, 0x000001b2d4ec0000, 0x000001b2d51f0000]
 total_blobs=1155 nmethods=723 adapters=337
 compilation: enabled
              stopped_count=0, restarted_count=0
 full_count=0

Compilation events (20 events):
Event: 14.736 Thread 0x000001b2c1141be0 nmethod 706 0x000001b2cd856110 code [0x000001b2cd8562c0, 0x000001b2cd8564c8]
Event: 14.737 Thread 0x000001b2c1141be0  708       3       sun.net.util.URLUtil::urlNoFragString (143 bytes)
Event: 14.739 Thread 0x000001b2c1141be0 nmethod 708 0x000001b2cd856590 code [0x000001b2cd8568c0, 0x000001b2cd857898]
Event: 14.739 Thread 0x000001b2c1141be0  709   !   3       java.net.URL::getURLStreamHandler (191 bytes)
Event: 14.740 Thread 0x000001b2c113bea0  707   !   4       jdk.internal.misc.Blocker::begin (97 bytes)
Event: 14.740 Thread 0x000001b2c1141be0 nmethod 709 0x000001b2cd857e10 code [0x000001b2cd8580c0, 0x000001b2cd858df8]
Event: 14.741 Thread 0x000001b2c113bea0 nmethod 707 0x000001b2d5233710 code [0x000001b2d52338a0, 0x000001b2d5233968]
Event: 14.750 Thread 0x000001b2c1141be0  711   !   3       java.util.zip.ZipFile$ZipFileInflaterInputStream::close (67 bytes)
Event: 14.750 Thread 0x000001b2c1141be0 nmethod 711 0x000001b2cd859210 code [0x000001b2cd859460, 0x000001b2cd859cb0]
Event: 15.477 Thread 0x000001b2c113bea0  710       4       java.nio.DirectLongBufferU::ix (10 bytes)
Event: 15.479 Thread 0x000001b2c113bea0 nmethod 710 0x000001b2d5233a90 code [0x000001b2d5233c00, 0x000001b2d5233c90]
Event: 17.394 Thread 0x000001b2c1141be0  712       3       java.util.zip.ZipFile$Source::getMetaVersion (221 bytes)
Event: 17.402 Thread 0x000001b2c1141be0 nmethod 712 0x000001b2cd85a090 code [0x000001b2cd85a280, 0x000001b2cd85a970]
Event: 17.402 Thread 0x000001b2c1141be0  713   !   3       java.util.zip.ZipFile$Source::checkAndAddEntry (354 bytes)
Event: 17.403 Thread 0x000001b2c113bea0  715       4       java.util.zip.ZipUtils::CENOFF (9 bytes)
Event: 17.433 Thread 0x000001b2c113bea0 nmethod 715 0x000001b2d5233d90 code [0x000001b2d5233f20, 0x000001b2d5234030]
Event: 17.433 Thread 0x000001b2c113bea0  717 %     4       java.util.zip.ZipFile$Source::initCEN @ 261 (612 bytes)
Event: 17.450 Thread 0x000001b2c1141be0 nmethod 713 0x000001b2cd85ab90 code [0x000001b2cd85b040, 0x000001b2cd85d530]
Event: 17.451 Thread 0x000001b2c1141be0  714       2       java.util.zip.ZipFile$Source::isMetaName (141 bytes)
Event: 17.451 Thread 0x000001b2c1141be0 nmethod 714 0x000001b2cd85e810 code [0x000001b2cd85e9c0, 0x000001b2cd85eca8]

GC Heap History (2 events):
Event: 14.750 GC heap before
{Heap before GC invocations=0 (full 0):
 garbage-first heap   total reserved 65536K, committed 65536K, used 23552K [0x00000000fc000000, 0x0000000100000000)
  region size 1024K, 24 young (24576K), 0 survivors (0K)
 Metaspace       used 1717K, committed 1920K, reserved 1114112K
  class space    used 153K, committed 256K, reserved 1048576K
}
Event: 15.477 GC heap after
{Heap after GC invocations=1 (full 0):
 garbage-first heap   total reserved 65536K, committed 65536K, used 5632K [0x00000000fc000000, 0x0000000100000000)
  region size 1024K, 3 young (3072K), 3 survivors (3072K)
 Metaspace       used 1717K, committed 1920K, reserved 1114112K
  class space    used 153K, committed 256K, reserved 1048576K
}

Dll operation events (7 events):
Event: 0.025 Loaded shared library C:\Program Files\Java\jdk-22\bin\java.dll
Event: 1.834 Loaded shared library C:\Program Files\Java\jdk-22\bin\jsvml.dll
Event: 2.368 Loaded shared library C:\Program Files\Java\jdk-22\bin\net.dll
Event: 2.511 Loaded shared library C:\Program Files\Java\jdk-22\bin\nio.dll
Event: 2.517 Loaded shared library C:\Program Files\Java\jdk-22\bin\zip.dll
Event: 2.522 Loaded shared library C:\Program Files\Java\jdk-22\bin\verify.dll
Event: 9.326 Loaded shared library C:\Program Files\Java\jdk-22\bin\jimage.dll

Deoptimization events (20 events):
Event: 17.395 Thread 0x000001b2c3152cb0 Uncommon trap: trap_request=0xffffff45 fr.pc=0x000001b2d5230a04 relative=0x0000000000000c44
Event: 17.395 Thread 0x000001b2c3152cb0 Uncommon trap: reason=unstable_if action=reinterpret pc=0x000001b2d5230a04 method=java.util.zip.ZipCoder$UTF8ZipCoder.checkedHash([BII)I @ 27 c2
Event: 17.395 Thread 0x000001b2c3152cb0 DEOPT PACKING pc=0x000001b2d5230a04 sp=0x0000003f3e1fc810
Event: 17.395 Thread 0x000001b2c3152cb0 DEOPT UNPACKING pc=0x000001b2d4ca7da2 sp=0x0000003f3e1fc6d0 mode 2
Event: 17.395 Thread 0x000001b2c3152cb0 Uncommon trap: trap_request=0xffffff45 fr.pc=0x000001b2d52013cc relative=0x000000000000012c
Event: 17.395 Thread 0x000001b2c3152cb0 Uncommon trap: reason=unstable_if action=reinterpret pc=0x000001b2d52013cc method=java.lang.StringCoding.countPositives([BII)I @ 17 c2
Event: 17.395 Thread 0x000001b2c3152cb0 DEOPT PACKING pc=0x000001b2d52013cc sp=0x0000003f3e1fc5a0
Event: 17.395 Thread 0x000001b2c3152cb0 DEOPT UNPACKING pc=0x000001b2d4ca7da2 sp=0x0000003f3e1fc540 mode 2
Event: 17.395 Thread 0x000001b2c3152cb0 Uncommon trap: trap_request=0xffffff45 fr.pc=0x000001b2d51f9a64 relative=0x00000000000002a4
Event: 17.395 Thread 0x000001b2c3152cb0 Uncommon trap: reason=unstable_if action=reinterpret pc=0x000001b2d51f9a64 method=java.lang.String.hashCode()I @ 20 c2
Event: 17.395 Thread 0x000001b2c3152cb0 DEOPT PACKING pc=0x000001b2d51f9a64 sp=0x0000003f3e1fc620
Event: 17.395 Thread 0x000001b2c3152cb0 DEOPT UNPACKING pc=0x000001b2d4ca7da2 sp=0x0000003f3e1fc5b0 mode 2
Event: 17.395 Thread 0x000001b2c3152cb0 Uncommon trap: trap_request=0xffffff45 fr.pc=0x000001b2d520eb30 relative=0x0000000000000190
Event: 17.395 Thread 0x000001b2c3152cb0 Uncommon trap: reason=unstable_if action=reinterpret pc=0x000001b2d520eb30 method=jdk.internal.util.ArraysSupport.vectorizedHashCode(Ljava/lang/Object;IIII)I @ 2 c2
Event: 17.402 Thread 0x000001b2c3152cb0 DEOPT PACKING pc=0x000001b2d520eb30 sp=0x0000003f3e1fc520
Event: 17.402 Thread 0x000001b2c3152cb0 DEOPT UNPACKING pc=0x000001b2d4ca7da2 sp=0x0000003f3e1fc4d0 mode 2
Event: 17.402 Thread 0x000001b2c3152cb0 Uncommon trap: trap_request=0xffffff45 fr.pc=0x000001b2d5231dbc relative=0x000000000000017c
Event: 17.402 Thread 0x000001b2c3152cb0 Uncommon trap: reason=unstable_if action=reinterpret pc=0x000001b2d5231dbc method=java.util.zip.ZipFile$Source.isMetaName([BII)Z @ 57 c2
Event: 17.402 Thread 0x000001b2c3152cb0 DEOPT PACKING pc=0x000001b2d5231dbc sp=0x0000003f3e1fc830
Event: 17.402 Thread 0x000001b2c3152cb0 DEOPT UNPACKING pc=0x000001b2d4ca7da2 sp=0x0000003f3e1fc7c0 mode 2

Classes loaded (20 events):
Event: 3.412 Loading class sun/net/www/MessageHeader
Event: 3.430 Loading class sun/net/www/MessageHeader done
Event: 3.430 Loading class java/io/FilePermission$1
Event: 3.430 Loading class jdk/internal/access/JavaIOFilePermissionAccess
Event: 3.430 Loading class jdk/internal/access/JavaIOFilePermissionAccess done
Event: 3.430 Loading class java/io/FilePermission$1 done
Event: 3.430 Loading class java/io/FilePermissionCollection
Event: 3.441 Loading class java/io/FilePermissionCollection done
Event: 3.441 Loading class java/util/Vector
Event: 3.456 Loading class java/util/Vector done
Event: 3.492 Loading class java/net/MalformedURLException
Event: 3.492 Loading class java/net/MalformedURLException done
Event: 3.494 Loading class java/io/FileFilter
Event: 3.494 Loading class java/io/FileFilter done
Event: 4.229 Loading class java/lang/IndexOutOfBoundsException
Event: 4.229 Loading class java/lang/IndexOutOfBoundsException done
Event: 4.233 Loading class java/util/AbstractList$Itr
Event: 4.233 Loading class java/util/AbstractList$Itr done
Event: 4.269 Loading class java/lang/invoke/DirectMethodHandle$Special
Event: 4.269 Loading class java/lang/invoke/DirectMethodHandle$Special done

Classes unloaded (0 events):
No events

Classes redefined (0 events):
No events

Internal exceptions (3 events):
Event: 3.459 Thread 0x000001b2c3152cb0 Exception <a 'java/lang/NoSuchMethodError'{0x00000000ffc4d9d8}: 'void java.lang.invoke.DirectMethodHandle$Holder.invokeStatic(java.lang.Object, java.lang.Object)'> (0x00000000ffc4d9d8) 
thrown [s\open\src\hotspot\share\interpreter\linkResolver.cpp, line 774]
Event: 3.459 Thread 0x000001b2c3152cb0 Exception <a 'java/lang/NoSuchMethodError'{0x00000000ffc51678}: 'void java.lang.invoke.DirectMethodHandle$Holder.invokeSpecial(java.lang.Object, java.lang.Object, java.lang.Object)'> (0x00000000ffc51678) 
thrown [s\open\src\hotspot\share\interpreter\linkResolver.cpp, line 774]
Event: 3.486 Thread 0x000001b2c3152cb0 Exception <a 'java/lang/NoSuchMethodError'{0x00000000ffca48f8}: 'int java.lang.invoke.DirectMethodHandle$Holder.invokeStaticInit(java.lang.Object, java.lang.Object)'> (0x00000000ffca48f8) 
thrown [s\open\src\hotspot\share\interpreter\linkResolver.cpp, line 774]

ZGC Phase Switch (0 events):
No events

VM Operations (20 events):
Event: 5.537 Executing VM operation: Cleanup
Event: 5.537 Executing VM operation: Cleanup done
Event: 6.545 Executing VM operation: Cleanup
Event: 6.545 Executing VM operation: Cleanup done
Event: 7.560 Executing VM operation: Cleanup
Event: 7.560 Executing VM operation: Cleanup done
Event: 8.566 Executing VM operation: Cleanup
Event: 8.567 Executing VM operation: Cleanup done
Event: 9.571 Executing VM operation: Cleanup
Event: 9.571 Executing VM operation: Cleanup done
Event: 10.584 Executing VM operation: Cleanup
Event: 10.584 Executing VM operation: Cleanup done
Event: 12.599 Executing VM operation: Cleanup
Event: 12.599 Executing VM operation: Cleanup done
Event: 13.601 Executing VM operation: Cleanup
Event: 13.601 Executing VM operation: Cleanup done
Event: 14.613 Executing VM operation: Cleanup
Event: 14.613 Executing VM operation: Cleanup done
Event: 14.750 Executing VM operation: G1CollectForAllocation (G1 Evacuation Pause)
Event: 15.477 Executing VM operation: G1CollectForAllocation (G1 Evacuation Pause) done

Memory protections (0 events):
No events

Nmethod flushes (0 events):
No events

Events (11 events):
Event: 0.191 Thread 0x000001b2c3152cb0 Thread added: 0x000001b2c3152cb0
Event: 1.170 Thread 0x000001b2c3152cb0 Thread added: 0x000001b2c112cac0
Event: 1.170 Thread 0x000001b2c3152cb0 Thread added: 0x000001b2c112f9a0
Event: 1.170 Thread 0x000001b2c3152cb0 Thread added: 0x000001b2c1136240
Event: 1.170 Thread 0x000001b2c3152cb0 Thread added: 0x000001b2c1136d90
Event: 1.170 Thread 0x000001b2c3152cb0 Thread added: 0x000001b2c11384c0
Event: 1.170 Thread 0x000001b2c3152cb0 Thread added: 0x000001b2c1139010
Event: 1.170 Thread 0x000001b2c3152cb0 Thread added: 0x000001b2c113bea0
Event: 1.412 Thread 0x000001b2c3152cb0 Thread added: 0x000001b2c1141be0
Event: 1.653 Thread 0x000001b2c3152cb0 Thread added: 0x000001b2c11b8450
Event: 1.664 Thread 0x000001b2c3152cb0 Thread added: 0x000001b2c11c16f0


Dynamic libraries:
0x00007ff7c63d0000 - 0x00007ff7c63e0000 	C:\Program Files\Java\jdk-22\bin\java.exe
0x00007ffa90110000 - 0x00007ffa90327000 	C:\WINDOWS\SYSTEM32\ntdll.dll
0x00007ffa8f3b0000 - 0x00007ffa8f474000 	C:\WINDOWS\System32\KERNEL32.DLL
0x00007ffa8da10000 - 0x00007ffa8ddc7000 	C:\WINDOWS\System32\KERNELBASE.dll
0x00007ffa8d610000 - 0x00007ffa8d721000 	C:\WINDOWS\System32\ucrtbase.dll
0x00007ffa4e760000 - 0x00007ffa4e77b000 	C:\Program Files\Java\jdk-22\bin\VCRUNTIME140.dll
0x00007ffa4e780000 - 0x00007ffa4e797000 	C:\Program Files\Java\jdk-22\bin\jli.dll
0x00007ffa8fcc0000 - 0x00007ffa8fe6f000 	C:\WINDOWS\System32\USER32.dll
0x00007ffa8d5e0000 - 0x00007ffa8d606000 	C:\WINDOWS\System32\win32u.dll
0x00007ffa8eee0000 - 0x00007ffa8ef09000 	C:\WINDOWS\System32\GDI32.dll
0x00007ffa8d4c0000 - 0x00007ffa8d5d8000 	C:\WINDOWS\System32\gdi32full.dll
0x00007ffa738b0000 - 0x00007ffa73b43000 	C:\WINDOWS\WinSxS\amd64_microsoft.windows.common-controls_6595b64144ccf1df_6.0.22621.3672_none_2713b9d173822955\COMCTL32.dll
0x00007ffa8d420000 - 0x00007ffa8d4ba000 	C:\WINDOWS\System32\msvcp_win.dll
0x00007ffa8fc10000 - 0x00007ffa8fcb7000 	C:\WINDOWS\System32\msvcrt.dll
0x00007ffa8fa70000 - 0x00007ffa8faa1000 	C:\WINDOWS\System32\IMM32.DLL
0x00007ffa60b80000 - 0x00007ffa60b8c000 	C:\Program Files\Java\jdk-22\bin\vcruntime140_1.dll
0x00007ffa4bc20000 - 0x00007ffa4bcae000 	C:\Program Files\Java\jdk-22\bin\msvcp140.dll
0x00007ffa39710000 - 0x00007ffa3a459000 	C:\Program Files\Java\jdk-22\bin\server\jvm.dll
0x00007ffa8f480000 - 0x00007ffa8f532000 	C:\WINDOWS\System32\ADVAPI32.dll
0x00007ffa8f9c0000 - 0x00007ffa8fa68000 	C:\WINDOWS\System32\sechost.dll
0x00007ffa8d730000 - 0x00007ffa8d758000 	C:\WINDOWS\System32\bcrypt.dll
0x00007ffa8e320000 - 0x00007ffa8e434000 	C:\WINDOWS\System32\RPCRT4.dll
0x00007ffa8e2a0000 - 0x00007ffa8e311000 	C:\WINDOWS\System32\WS2_32.dll
0x00007ffa8c2d0000 - 0x00007ffa8c31d000 	C:\WINDOWS\SYSTEM32\POWRPROF.dll
0x00007ffa806e0000 - 0x00007ffa806ea000 	C:\WINDOWS\SYSTEM32\VERSION.dll
0x00007ffa8aeb0000 - 0x00007ffa8aee4000 	C:\WINDOWS\SYSTEM32\WINMM.dll
0x00007ffa8c2b0000 - 0x00007ffa8c2c3000 	C:\WINDOWS\SYSTEM32\UMPDC.dll
0x00007ffa8c560000 - 0x00007ffa8c578000 	C:\WINDOWS\SYSTEM32\kernel.appcore.dll
0x00007ffa60190000 - 0x00007ffa6019a000 	C:\Program Files\Java\jdk-22\bin\jimage.dll
0x00007ffa8abc0000 - 0x00007ffa8adf2000 	C:\WINDOWS\SYSTEM32\DBGHELP.DLL
0x00007ffa8ef80000 - 0x00007ffa8f30e000 	C:\WINDOWS\System32\combase.dll
0x00007ffa8fe70000 - 0x00007ffa8ff47000 	C:\WINDOWS\System32\OLEAUT32.dll
0x00007ffa8ae70000 - 0x00007ffa8aea2000 	C:\WINDOWS\SYSTEM32\dbgcore.DLL
0x00007ffa8d760000 - 0x00007ffa8d7db000 	C:\WINDOWS\System32\bcryptPrimitives.dll
0x00007ffa4e740000 - 0x00007ffa4e75e000 	C:\Program Files\Java\jdk-22\bin\java.dll
0x00007ffa8e5f0000 - 0x00007ffa8ee59000 	C:\WINDOWS\System32\SHELL32.dll
0x00007ffa8e440000 - 0x00007ffa8e5e5000 	C:\WINDOWS\System32\ole32.dll
0x00007ffa8b390000 - 0x00007ffa8bc8f000 	C:\WINDOWS\SYSTEM32\windows.storage.dll
0x00007ffa8b250000 - 0x00007ffa8b38f000 	C:\WINDOWS\SYSTEM32\wintypes.dll
0x00007ffa8e140000 - 0x00007ffa8e239000 	C:\WINDOWS\System32\SHCORE.dll
0x00007ffa8ef10000 - 0x00007ffa8ef6e000 	C:\WINDOWS\System32\shlwapi.dll
0x00007ffa8d350000 - 0x00007ffa8d377000 	C:\WINDOWS\SYSTEM32\profapi.dll
0x00007ffa4b630000 - 0x00007ffa4b707000 	C:\Program Files\Java\jdk-22\bin\jsvml.dll
0x00007ffa5cc80000 - 0x00007ffa5cc90000 	C:\Program Files\Java\jdk-22\bin\net.dll
0x00007ffa8c9d0000 - 0x00007ffa8ca39000 	C:\WINDOWS\system32\mswsock.dll
0x00007ffa4bc00000 - 0x00007ffa4bc16000 	C:\Program Files\Java\jdk-22\bin\nio.dll
0x00007ffa4bbe0000 - 0x00007ffa4bbf7000 	C:\Program Files\Java\jdk-22\bin\zip.dll
0x00007ffa55ec0000 - 0x00007ffa55ed0000 	C:\Program Files\Java\jdk-22\bin\verify.dll

dbghelp: loaded successfully - version: 4.0.5 - missing functions: none
symbol engine: initialized successfully - sym options: 0x614 - pdb path: .;C:\Program Files\Java\jdk-22\bin;C:\WINDOWS\SYSTEM32;C:\WINDOWS\WinSxS\amd64_microsoft.windows.common-controls_6595b64144ccf1df_6.0.22621.3672_none_2713b9d173822955;C:\Program Files\Java\jdk-22\bin\server

VM Arguments:
jvm_args: -Xmx64m -Xms64m -Dorg.gradle.appname=gradlew 
java_command: org.gradle.wrapper.GradleWrapperMain app:installDebug -PreactNativeDevServerPort=8081
java_class_path (initial): C:\Users\limoo\capoc\android\\gradle\wrapper\gradle-wrapper.jar
Launcher Type: SUN_STANDARD

[Global flags]
     intx CICompilerCount                          = 4                                         {product} {ergonomic}
     uint ConcGCThreads                            = 2                                         {product} {ergonomic}
     uint G1ConcRefinementThreads                  = 8                                         {product} {ergonomic}
   size_t G1HeapRegionSize                         = 1048576                                   {product} {ergonomic}
   size_t InitialHeapSize                          = 67108864                                  {product} {command line}
   size_t MarkStackSize                            = 4194304                                   {product} {ergonomic}
   size_t MaxHeapSize                              = 67108864                                  {product} {command line}
   size_t MaxNewSize                               = 39845888                                  {product} {ergonomic}
   size_t MinHeapDeltaBytes                        = 1048576                                   {product} {ergonomic}
   size_t MinHeapSize                              = 67108864                                  {product} {command line}
    uintx NonNMethodCodeHeapSize                   = 5839372                                {pd product} {ergonomic}
    uintx NonProfiledCodeHeapSize                  = 122909434                              {pd product} {ergonomic}
    uintx ProfiledCodeHeapSize                     = 122909434                              {pd product} {ergonomic}
    uintx ReservedCodeCacheSize                    = 251658240                              {pd product} {ergonomic}
     bool SegmentedCodeCache                       = true                                      {product} {ergonomic}
   size_t SoftMaxHeapSize                          = 67108864                               {manageable} {ergonomic}
     bool UseCompressedOops                        = true                           {product lp64_product} {ergonomic}
     bool UseG1GC                                  = true                                      {product} {ergonomic}
     bool UseLargePagesIndividualAllocation        = false                                  {pd product} {ergonomic}

Logging:
Log output configuration:
 #0: stdout all=warning uptime,level,tags foldmultilines=false
 #1: stderr all=off uptime,level,tags foldmultilines=false

Environment Variables:
JAVA_HOME=C:\Program Files\Java\jdk-22
CLASSPATH=C:\Users\limoo\capoc\android\\gradle\wrapper\gradle-wrapper.jar
PATH=C:\Users\limoo\capoc\node_modules\.bin;C:\Users\limoo\capoc\node_modules\.bin;C:\Users\limoo\node_modules\.bin;C:\Users\node_modules\.bin;C:\node_modules\.bin;C:\Users\limoo\AppData\Roaming\npm\node_modules\npm\node_modules\@npmcli\run-script\lib\node-gyp-bin;C:\Users\limoo\capoc\node_modules\.bin;C:\Users\limoo\capoc\node_modules\.bin;C:\Users\limoo\node_modules\.bin;C:\Users\node_modules\.bin;C:\node_modules\.bin;C:\Users\limoo\AppData\Roaming\npm\node_modules\npm\node_modules\@npmcli\run-script\lib\node-gyp-bin;%JAVA_HOME%\bin;C:\Program Files\nodejs\;C:\Program Files\Common Files\Oracle\Java\javapath;C:\WINDOWS\system32;C:\WINDOWS;C:\WINDOWS\System32\Wbem;C:\WINDOWS\System32\WindowsPowerShell\v1.0\;C:\WINDOWS\System32\OpenSSH\;C:\ProgramData\chocolatey\bin;C:\Program Files\Git\cmd;C:\flutter\bin;C:\Program Files (x86)\Windows Kits\10\Windows Performance Toolkit\;C:\Users\limoo\gradle-8.10.2\bin;C:\Users\limoo\AppData\Local\Programs\Python\Python313\Scripts\;C:\Users\limoo\AppData\Local\Programs\Python\Python313\;C:\Users\limoo\AppData\Local\Microsoft\WindowsApps;C:\Users\limoo\AppData\Local\Android\Sdk\platform-tools;C:\Users\limoo\AppData\Roaming\npm;C:\Users\limoo\AppData\Local\Programs\Microsoft VS Code\bin;C:\flutter\bin;
USERNAME=limoo
LANG=en_US.UTF-8
OS=Windows_NT
PROCESSOR_IDENTIFIER=Intel64 Family 6 Model 140 Stepping 2, GenuineIntel
TMP=C:\Users\limoo\AppData\Local\Temp
TEMP=C:\Users\limoo\AppData\Local\Temp




Periodic native trim disabled

---------------  S Y S T E M  ---------------

OS:
 Windows 11 , 64 bit Build 22621 (10.0.22621.3958)
OS uptime: 11 days 5:44 hours

CPU: total 8 (initial active 8) (4 cores per cpu, 2 threads per core) family 6 model 140 stepping 2 microcode 0x16, cx8, cmov, fxsr, ht, mmx, 3dnowpref, sse, sse2, sse3, ssse3, sse4.1, sse4.2, popcnt, lzcnt, tsc, tscinvbit, avx, avx2, aes, erms, clmul, bmi1, bmi2, adx, avx512f, avx512dq, avx512cd, avx512bw, avx512vl, sha, fma, vzeroupper, avx512_vpopcntdq, avx512_vpclmulqdq, avx512_vaes, avx512_vnni, clflush, clflushopt, clwb, avx512_vbmi2, avx512_vbmi, rdtscp, rdpid, fsrm, gfni, avx512_bitalg, f16c, pku, cet_ibt, cet_ss, avx512_ifma
Processor Information for processor 0
  Max Mhz: 2496, Current Mhz: 2496, Mhz Limit: 2496
Processor Information for processor 1
  Max Mhz: 2496, Current Mhz: 2496, Mhz Limit: 2496
Processor Information for processor 2
  Max Mhz: 2496, Current Mhz: 2496, Mhz Limit: 2496
Processor Information for processor 3
  Max Mhz: 2496, Current Mhz: 998, Mhz Limit: 2496
Processor Information for processor 4
  Max Mhz: 2496, Current Mhz: 998, Mhz Limit: 2496
Processor Information for processor 5
  Max Mhz: 2496, Current Mhz: 2496, Mhz Limit: 2496
Processor Information for processor 6
  Max Mhz: 2496, Current Mhz: 2496, Mhz Limit: 2496
Processor Information for processor 7
  Max Mhz: 2496, Current Mhz: 2496, Mhz Limit: 2496

Memory: 4k page, system-wide physical 7900M (24M free)
TotalPageFile size 32476M (AvailPageFile size 36M)
current process WorkingSet (physical memory assigned to process): 29M, peak: 62M
current process commit charge ("private bytes"): 155M, peak: 155M

vm_info: Java HotSpot(TM) 64-Bit Server VM (22.0.2+9-70) for windows-amd64 JRE (22.0.2+9-70), built on 2024-06-04T16:52:23Z by "mach5one" with MS VC++ 17.6 (VS2022)

END.
